<?xml version="1.0" encoding="UTF-8"?>
<robot generator="Robot 3.1.1 (Python 3.7.3 on win32)" generated="20190505 13:24:52.618" rpa="false">
<suite id="s1" name="Main" source="H:\SomethingToLearn\RED_0.8.11.20190131133900-win32.win32.x86_64\workspace\Hello World\test\main.robot">
<test id="s1-t1" name="GetPoints">
<kw name="Parse Xml" library="XML">
<doc>Parses the given XML file or string into an element structure.</doc>
<arguments>
<arg>H:/SomethingToLearn/redmine.xml</arg>
</arguments>
<assign>
<var>${root}</var>
</assign>
<msg timestamp="20190505 13:24:52.779" level="INFO">${root} = &lt;Element 'redmine' at 0x000002313DF9F138&gt;</msg>
<status status="PASS" starttime="20190505 13:24:52.778" endtime="20190505 13:24:52.779"></status>
</kw>
<kw name="Get Element Count" library="XML">
<doc>Returns and logs how many elements the given ``xpath`` matches.</doc>
<arguments>
<arg>${root}</arg>
<arg>name</arg>
</arguments>
<assign>
<var>${NameNum}</var>
</assign>
<msg timestamp="20190505 13:24:52.779" level="INFO">24 elements matched 'name'.</msg>
<msg timestamp="20190505 13:24:52.780" level="INFO">${NameNum} = 24</msg>
<status status="PASS" starttime="20190505 13:24:52.779" endtime="20190505 13:24:52.780"></status>
</kw>
<kw name="Get Element Count" library="XML">
<doc>Returns and logs how many elements the given ``xpath`` matches.</doc>
<arguments>
<arg>${root}</arg>
<arg>query_id</arg>
</arguments>
<assign>
<var>${QIDNum}</var>
</assign>
<msg timestamp="20190505 13:24:52.780" level="INFO">4 elements matched 'query_id'.</msg>
<msg timestamp="20190505 13:24:52.780" level="INFO">${QIDNum} = 4</msg>
<status status="PASS" starttime="20190505 13:24:52.780" endtime="20190505 13:24:52.780"></status>
</kw>
<kw name="Open Browser" library="SeleniumLibrary">
<doc>Opens a new browser instance to the given ``url``.</doc>
<arguments>
<arg>http://10.0.0.221:9000/login</arg>
<arg>Chrome</arg>
</arguments>
<msg timestamp="20190505 13:24:52.781" level="INFO">Opening browser 'Chrome' to base url 'http://10.0.0.221:9000/login'.</msg>
<status status="PASS" starttime="20190505 13:24:52.781" endtime="20190505 13:24:55.354"></status>
</kw>
<kw name="Input Text" library="SeleniumLibrary">
<doc>Types the given ``text`` into text field identified by ``locator``.</doc>
<arguments>
<arg>id=username</arg>
<arg>haoyifan</arg>
</arguments>
<msg timestamp="20190505 13:24:55.355" level="INFO">Typing text 'haoyifan' into text field 'id=username'.</msg>
<status status="PASS" starttime="20190505 13:24:55.355" endtime="20190505 13:24:55.469"></status>
</kw>
<kw name="Input Password" library="SeleniumLibrary">
<doc>Types the given password into text field identified by ``locator``.</doc>
<arguments>
<arg>id=password</arg>
<arg>asdfgh123</arg>
</arguments>
<msg timestamp="20190505 13:24:55.470" level="INFO">Typing password into text field 'id=password'.</msg>
<status status="PASS" starttime="20190505 13:24:55.470" endtime="20190505 13:24:55.534"></status>
</kw>
<kw name="Click Button" library="SeleniumLibrary">
<doc>Clicks button identified by ``locator``.</doc>
<arguments>
<arg>id=login-submit</arg>
</arguments>
<msg timestamp="20190505 13:24:55.535" level="INFO">Clicking button 'id=login-submit'.</msg>
<status status="PASS" starttime="20190505 13:24:55.535" endtime="20190505 13:24:56.006"></status>
</kw>
<kw name="Click Link" library="SeleniumLibrary">
<doc>Clicks a link identified by ``locator``.</doc>
<arguments>
<arg>/projects</arg>
</arguments>
<msg timestamp="20190505 13:24:56.007" level="INFO">Clicking link '/projects'.</msg>
<status status="PASS" starttime="20190505 13:24:56.007" endtime="20190505 13:24:56.237"></status>
</kw>
<kw name="Click Link" library="SeleniumLibrary">
<doc>Clicks a link identified by ``locator``.</doc>
<arguments>
<arg>/issues</arg>
</arguments>
<msg timestamp="20190505 13:24:56.238" level="INFO">Clicking link '/issues'.</msg>
<status status="PASS" starttime="20190505 13:24:56.238" endtime="20190505 13:24:56.748"></status>
</kw>
<kw name="${QIDIndex} IN RANGE [ 1 | ${QIDNum}+1 ]" type="for">
<kw name="${QIDIndex} = 1" type="foritem">
<kw name="Get Element Text" library="XML">
<doc>Returns all text of the element, possibly whitespace normalized.</doc>
<arguments>
<arg>${root}</arg>
<arg>query_id[${QIDIndex}]</arg>
</arguments>
<assign>
<var>${QID}</var>
</assign>
<msg timestamp="20190505 13:24:56.749" level="INFO">${QID} = 137</msg>
<status status="PASS" starttime="20190505 13:24:56.749" endtime="20190505 13:24:56.749"></status>
</kw>
<kw name="Click Link" library="SeleniumLibrary">
<doc>Clicks a link identified by ``locator``.</doc>
<arguments>
<arg>/issues?query_id=${QID}</arg>
</arguments>
<msg timestamp="20190505 13:24:56.750" level="INFO">Clicking link '/issues?query_id=137'.</msg>
<status status="PASS" starttime="20190505 13:24:56.750" endtime="20190505 13:24:57.047"></status>
</kw>
<kw name="Click Element" library="SeleniumLibrary">
<doc>Click element identified by ``locator``.</doc>
<arguments>
<arg>jquery=#filters legend</arg>
</arguments>
<msg timestamp="20190505 13:24:57.048" level="INFO">Clicking element 'jquery=#filters legend'.</msg>
<status status="PASS" starttime="20190505 13:24:57.047" endtime="20190505 13:24:57.166"></status>
</kw>
<kw name="Get Element Attribute" library="XML">
<doc>Returns the named attribute of the specified element.</doc>
<arguments>
<arg>${root}</arg>
<arg>type</arg>
<arg>query_id[${QIDIndex}]</arg>
</arguments>
<assign>
<var>${PonintsString}</var>
</assign>
<msg timestamp="20190505 13:24:57.167" level="INFO">${PonintsString} = PendingTaskPoints</msg>
<status status="PASS" starttime="20190505 13:24:57.166" endtime="20190505 13:24:57.167"></status>
</kw>
<kw name="LookingForAll">
<doc>遍历全部员工的名字</doc>
<arguments>
<arg>${root}</arg>
<arg>${PonintsString}</arg>
</arguments>
<kw name="Get Element Count" library="XML">
<doc>Returns and logs how many elements the given ``xpath`` matches.</doc>
<arguments>
<arg>${root}</arg>
<arg>name</arg>
</arguments>
<assign>
<var>${NameNum}</var>
</assign>
<msg timestamp="20190505 13:24:57.168" level="INFO">24 elements matched 'name'.</msg>
<msg timestamp="20190505 13:24:57.168" level="INFO">${NameNum} = 24</msg>
<status status="PASS" starttime="20190505 13:24:57.167" endtime="20190505 13:24:57.168"></status>
</kw>
<kw name="${INDEX} IN RANGE [ 1 | ${NameNum}+1 ]" type="for">
<kw name="${INDEX} = 1" type="foritem">
<kw name="Get Element Attribute" library="XML">
<doc>Returns the named attribute of the specified element.</doc>
<arguments>
<arg>${root}</arg>
<arg>value</arg>
<arg>name[${INDEX}]</arg>
</arguments>
<assign>
<var>${Value}</var>
</assign>
<msg timestamp="20190505 13:24:57.168" level="INFO">${Value} = 148</msg>
<status status="PASS" starttime="20190505 13:24:57.168" endtime="20190505 13:24:57.168"></status>
</kw>
<kw name="Select From List By Value" library="SeleniumLibrary">
<doc>Selects options from selection list ``locator`` by ``values``.</doc>
<arguments>
<arg>id=values_assigned_to_id_1</arg>
<arg>${Value}</arg>
</arguments>
<msg timestamp="20190505 13:24:57.169" level="INFO">Selecting options from selection list 'id=values_assigned_to_id_1' by value 148.</msg>
<status status="PASS" starttime="20190505 13:24:57.169" endtime="20190505 13:24:57.235"></status>
</kw>
<kw name="Click Link" library="SeleniumLibrary">
<doc>Clicks a link identified by ``locator``.</doc>
<arguments>
<arg>应用</arg>
</arguments>
<msg timestamp="20190505 13:24:57.235" level="INFO">Clicking link '应用'.</msg>
<status status="PASS" starttime="20190505 13:24:57.235" endtime="20190505 13:24:57.488"></status>
</kw>
<kw name="Run Keyword And Return Status" library="BuiltIn">
<doc>Runs the given keyword with given arguments and returns the status as a Boolean value.</doc>
<arguments>
<arg>Get Text</arg>
<arg>jquery=p.query-totals span.total-for-estimated-hours span.value</arg>
</arguments>
<assign>
<var>${state}</var>
</assign>
<kw name="Get Text" library="SeleniumLibrary">
<doc>Returns the text value of element identified by ``locator``.</doc>
<arguments>
<arg>jquery=p.query-totals span.total-for-estimated-hours span.value</arg>
</arguments>
<kw name="Capture Page Screenshot" library="SeleniumLibrary">
<doc>Takes screenshot of the current page and embeds it into log file.</doc>
<msg timestamp="20190505 13:24:57.780" level="INFO" html="yes">&lt;/td&gt;&lt;/tr&gt;&lt;tr&gt;&lt;td colspan="3"&gt;&lt;a href="selenium-screenshot-2.png"&gt;&lt;img src="selenium-screenshot-2.png" width="800px"&gt;&lt;/a&gt;</msg>
<status status="PASS" starttime="20190505 13:24:57.494" endtime="20190505 13:24:57.780"></status>
</kw>
<msg timestamp="20190505 13:24:57.811" level="FAIL">Element with locator 'jquery=p.query-totals span.total-for-estimated-hours span.value' not found.</msg>
<status status="FAIL" starttime="20190505 13:24:57.489" endtime="20190505 13:24:57.811"></status>
</kw>
<msg timestamp="20190505 13:24:57.811" level="INFO">${state} = False</msg>
<status status="PASS" starttime="20190505 13:24:57.488" endtime="20190505 13:24:57.811"></status>
</kw>
<kw name="Run Keyword If" library="BuiltIn">
<doc>Runs the given keyword with the given arguments, if ``condition`` is true.</doc>
<arguments>
<arg>'${state}'=='False'</arg>
<arg>Continue For Loop</arg>
</arguments>
<kw name="Continue For Loop" library="BuiltIn">
<doc>Skips the current for loop iteration and continues from the next.</doc>
<msg timestamp="20190505 13:24:57.812" level="INFO">Continuing for loop from the next iteration.</msg>
<status status="PASS" starttime="20190505 13:24:57.812" endtime="20190505 13:24:57.812"></status>
</kw>
<status status="PASS" starttime="20190505 13:24:57.811" endtime="20190505 13:24:57.812"></status>
</kw>
<status status="PASS" starttime="20190505 13:24:57.168" endtime="20190505 13:24:57.812"></status>
</kw>
<kw name="${INDEX} = 2" type="foritem">
<kw name="Get Element Attribute" library="XML">
<doc>Returns the named attribute of the specified element.</doc>
<arguments>
<arg>${root}</arg>
<arg>value</arg>
<arg>name[${INDEX}]</arg>
</arguments>
<assign>
<var>${Value}</var>
</assign>
<msg timestamp="20190505 13:24:57.813" level="INFO">${Value} = 80</msg>
<status status="PASS" starttime="20190505 13:24:57.812" endtime="20190505 13:24:57.813"></status>
</kw>
<kw name="Select From List By Value" library="SeleniumLibrary">
<doc>Selects options from selection list ``locator`` by ``values``.</doc>
<arguments>
<arg>id=values_assigned_to_id_1</arg>
<arg>${Value}</arg>
</arguments>
<msg timestamp="20190505 13:24:57.813" level="INFO">Selecting options from selection list 'id=values_assigned_to_id_1' by value 80.</msg>
<status status="PASS" starttime="20190505 13:24:57.813" endtime="20190505 13:24:57.873"></status>
</kw>
<kw name="Click Link" library="SeleniumLibrary">
<doc>Clicks a link identified by ``locator``.</doc>
<arguments>
<arg>应用</arg>
</arguments>
<msg timestamp="20190505 13:24:57.873" level="INFO">Clicking link '应用'.</msg>
<status status="PASS" starttime="20190505 13:24:57.873" endtime="20190505 13:24:58.184"></status>
</kw>
<kw name="Run Keyword And Return Status" library="BuiltIn">
<doc>Runs the given keyword with given arguments and returns the status as a Boolean value.</doc>
<arguments>
<arg>Get Text</arg>
<arg>jquery=p.query-totals span.total-for-estimated-hours span.value</arg>
</arguments>
<assign>
<var>${state}</var>
</assign>
<kw name="Get Text" library="SeleniumLibrary">
<doc>Returns the text value of element identified by ``locator``.</doc>
<arguments>
<arg>jquery=p.query-totals span.total-for-estimated-hours span.value</arg>
</arguments>
<kw name="Capture Page Screenshot" library="SeleniumLibrary">
<doc>Takes screenshot of the current page and embeds it into log file.</doc>
<msg timestamp="20190505 13:24:58.482" level="INFO" html="yes">&lt;/td&gt;&lt;/tr&gt;&lt;tr&gt;&lt;td colspan="3"&gt;&lt;a href="selenium-screenshot-3.png"&gt;&lt;img src="selenium-screenshot-3.png" width="800px"&gt;&lt;/a&gt;</msg>
<status status="PASS" starttime="20190505 13:24:58.189" endtime="20190505 13:24:58.482"></status>
</kw>
<msg timestamp="20190505 13:24:58.482" level="FAIL">Element with locator 'jquery=p.query-totals span.total-for-estimated-hours span.value' not found.</msg>
<status status="FAIL" starttime="20190505 13:24:58.185" endtime="20190505 13:24:58.483"></status>
</kw>
<msg timestamp="20190505 13:24:58.483" level="INFO">${state} = False</msg>
<status status="PASS" starttime="20190505 13:24:58.184" endtime="20190505 13:24:58.483"></status>
</kw>
<kw name="Run Keyword If" library="BuiltIn">
<doc>Runs the given keyword with the given arguments, if ``condition`` is true.</doc>
<arguments>
<arg>'${state}'=='False'</arg>
<arg>Continue For Loop</arg>
</arguments>
<kw name="Continue For Loop" library="BuiltIn">
<doc>Skips the current for loop iteration and continues from the next.</doc>
<msg timestamp="20190505 13:24:58.483" level="INFO">Continuing for loop from the next iteration.</msg>
<status status="PASS" starttime="20190505 13:24:58.483" endtime="20190505 13:24:58.483"></status>
</kw>
<status status="PASS" starttime="20190505 13:24:58.483" endtime="20190505 13:24:58.483"></status>
</kw>
<status status="PASS" starttime="20190505 13:24:57.812" endtime="20190505 13:24:58.483"></status>
</kw>
<kw name="${INDEX} = 3" type="foritem">
<kw name="Get Element Attribute" library="XML">
<doc>Returns the named attribute of the specified element.</doc>
<arguments>
<arg>${root}</arg>
<arg>value</arg>
<arg>name[${INDEX}]</arg>
</arguments>
<assign>
<var>${Value}</var>
</assign>
<msg timestamp="20190505 13:24:58.484" level="INFO">${Value} = 68</msg>
<status status="PASS" starttime="20190505 13:24:58.484" endtime="20190505 13:24:58.484"></status>
</kw>
<kw name="Select From List By Value" library="SeleniumLibrary">
<doc>Selects options from selection list ``locator`` by ``values``.</doc>
<arguments>
<arg>id=values_assigned_to_id_1</arg>
<arg>${Value}</arg>
</arguments>
<msg timestamp="20190505 13:24:58.484" level="INFO">Selecting options from selection list 'id=values_assigned_to_id_1' by value 68.</msg>
<status status="PASS" starttime="20190505 13:24:58.484" endtime="20190505 13:24:58.541"></status>
</kw>
<kw name="Click Link" library="SeleniumLibrary">
<doc>Clicks a link identified by ``locator``.</doc>
<arguments>
<arg>应用</arg>
</arguments>
<msg timestamp="20190505 13:24:58.541" level="INFO">Clicking link '应用'.</msg>
<status status="PASS" starttime="20190505 13:24:58.541" endtime="20190505 13:24:58.872"></status>
</kw>
<kw name="Run Keyword And Return Status" library="BuiltIn">
<doc>Runs the given keyword with given arguments and returns the status as a Boolean value.</doc>
<arguments>
<arg>Get Text</arg>
<arg>jquery=p.query-totals span.total-for-estimated-hours span.value</arg>
</arguments>
<assign>
<var>${state}</var>
</assign>
<kw name="Get Text" library="SeleniumLibrary">
<doc>Returns the text value of element identified by ``locator``.</doc>
<arguments>
<arg>jquery=p.query-totals span.total-for-estimated-hours span.value</arg>
</arguments>
<status status="PASS" starttime="20190505 13:24:58.872" endtime="20190505 13:24:58.890"></status>
</kw>
<msg timestamp="20190505 13:24:58.891" level="INFO">${state} = True</msg>
<status status="PASS" starttime="20190505 13:24:58.872" endtime="20190505 13:24:58.891"></status>
</kw>
<kw name="Run Keyword If" library="BuiltIn">
<doc>Runs the given keyword with the given arguments, if ``condition`` is true.</doc>
<arguments>
<arg>'${state}'=='False'</arg>
<arg>Continue For Loop</arg>
</arguments>
<status status="PASS" starttime="20190505 13:24:58.891" endtime="20190505 13:24:58.891"></status>
</kw>
<kw name="Get Text" library="SeleniumLibrary">
<doc>Returns the text value of element identified by ``locator``.</doc>
<arguments>
<arg>jquery=p.query-totals span.total-for-estimated-hours span.value</arg>
</arguments>
<assign>
<var>${SpanValue}</var>
</assign>
<msg timestamp="20190505 13:24:58.903" level="INFO">${SpanValue} = 28.00</msg>
<status status="PASS" starttime="20190505 13:24:58.891" endtime="20190505 13:24:58.903"></status>
</kw>
<kw name="Get Element" library="XML">
<doc>Returns an element in the ``source`` matching the ``xpath``.</doc>
<arguments>
<arg>${root}</arg>
<arg>name[${INDEX}]</arg>
</arguments>
<assign>
<var>${name}</var>
</assign>
<msg timestamp="20190505 13:24:58.903" level="INFO">${name} = &lt;Element 'name' at 0x000002313DF9F868&gt;</msg>
<status status="PASS" starttime="20190505 13:24:58.903" endtime="20190505 13:24:58.903"></status>
</kw>
<kw name="Set Element Text" library="XML">
<doc>Sets text and/or tail text of the specified element.</doc>
<arguments>
<arg>${name}</arg>
<arg>${SpanValue}</arg>
<arg>None</arg>
<arg>${PonintsString}</arg>
</arguments>
<status status="PASS" starttime="20190505 13:24:58.904" endtime="20190505 13:24:58.904"></status>
</kw>
<status status="PASS" starttime="20190505 13:24:58.483" endtime="20190505 13:24:58.904"></status>
</kw>
<kw name="${INDEX} = 4" type="foritem">
<kw name="Get Element Attribute" library="XML">
<doc>Returns the named attribute of the specified element.</doc>
<arguments>
<arg>${root}</arg>
<arg>value</arg>
<arg>name[${INDEX}]</arg>
</arguments>
<assign>
<var>${Value}</var>
</assign>
<msg timestamp="20190505 13:24:58.904" level="INFO">${Value} = 81</msg>
<status status="PASS" starttime="20190505 13:24:58.904" endtime="20190505 13:24:58.904"></status>
</kw>
<kw name="Select From List By Value" library="SeleniumLibrary">
<doc>Selects options from selection list ``locator`` by ``values``.</doc>
<arguments>
<arg>id=values_assigned_to_id_1</arg>
<arg>${Value}</arg>
</arguments>
<msg timestamp="20190505 13:24:58.905" level="INFO">Selecting options from selection list 'id=values_assigned_to_id_1' by value 81.</msg>
<status status="PASS" starttime="20190505 13:24:58.904" endtime="20190505 13:24:58.961"></status>
</kw>
<kw name="Click Link" library="SeleniumLibrary">
<doc>Clicks a link identified by ``locator``.</doc>
<arguments>
<arg>应用</arg>
</arguments>
<msg timestamp="20190505 13:24:58.962" level="INFO">Clicking link '应用'.</msg>
<status status="PASS" starttime="20190505 13:24:58.962" endtime="20190505 13:24:59.250"></status>
</kw>
<kw name="Run Keyword And Return Status" library="BuiltIn">
<doc>Runs the given keyword with given arguments and returns the status as a Boolean value.</doc>
<arguments>
<arg>Get Text</arg>
<arg>jquery=p.query-totals span.total-for-estimated-hours span.value</arg>
</arguments>
<assign>
<var>${state}</var>
</assign>
<kw name="Get Text" library="SeleniumLibrary">
<doc>Returns the text value of element identified by ``locator``.</doc>
<arguments>
<arg>jquery=p.query-totals span.total-for-estimated-hours span.value</arg>
</arguments>
<status status="PASS" starttime="20190505 13:24:59.250" endtime="20190505 13:24:59.270"></status>
</kw>
<msg timestamp="20190505 13:24:59.270" level="INFO">${state} = True</msg>
<status status="PASS" starttime="20190505 13:24:59.250" endtime="20190505 13:24:59.270"></status>
</kw>
<kw name="Run Keyword If" library="BuiltIn">
<doc>Runs the given keyword with the given arguments, if ``condition`` is true.</doc>
<arguments>
<arg>'${state}'=='False'</arg>
<arg>Continue For Loop</arg>
</arguments>
<status status="PASS" starttime="20190505 13:24:59.271" endtime="20190505 13:24:59.271"></status>
</kw>
<kw name="Get Text" library="SeleniumLibrary">
<doc>Returns the text value of element identified by ``locator``.</doc>
<arguments>
<arg>jquery=p.query-totals span.total-for-estimated-hours span.value</arg>
</arguments>
<assign>
<var>${SpanValue}</var>
</assign>
<msg timestamp="20190505 13:24:59.280" level="INFO">${SpanValue} = 38.00</msg>
<status status="PASS" starttime="20190505 13:24:59.271" endtime="20190505 13:24:59.280"></status>
</kw>
<kw name="Get Element" library="XML">
<doc>Returns an element in the ``source`` matching the ``xpath``.</doc>
<arguments>
<arg>${root}</arg>
<arg>name[${INDEX}]</arg>
</arguments>
<assign>
<var>${name}</var>
</assign>
<msg timestamp="20190505 13:24:59.281" level="INFO">${name} = &lt;Element 'name' at 0x000002313DF9FB38&gt;</msg>
<status status="PASS" starttime="20190505 13:24:59.281" endtime="20190505 13:24:59.281"></status>
</kw>
<kw name="Set Element Text" library="XML">
<doc>Sets text and/or tail text of the specified element.</doc>
<arguments>
<arg>${name}</arg>
<arg>${SpanValue}</arg>
<arg>None</arg>
<arg>${PonintsString}</arg>
</arguments>
<status status="PASS" starttime="20190505 13:24:59.281" endtime="20190505 13:24:59.281"></status>
</kw>
<status status="PASS" starttime="20190505 13:24:58.904" endtime="20190505 13:24:59.281"></status>
</kw>
<kw name="${INDEX} = 5" type="foritem">
<kw name="Get Element Attribute" library="XML">
<doc>Returns the named attribute of the specified element.</doc>
<arguments>
<arg>${root}</arg>
<arg>value</arg>
<arg>name[${INDEX}]</arg>
</arguments>
<assign>
<var>${Value}</var>
</assign>
<msg timestamp="20190505 13:24:59.282" level="INFO">${Value} = 62</msg>
<status status="PASS" starttime="20190505 13:24:59.282" endtime="20190505 13:24:59.282"></status>
</kw>
<kw name="Select From List By Value" library="SeleniumLibrary">
<doc>Selects options from selection list ``locator`` by ``values``.</doc>
<arguments>
<arg>id=values_assigned_to_id_1</arg>
<arg>${Value}</arg>
</arguments>
<msg timestamp="20190505 13:24:59.282" level="INFO">Selecting options from selection list 'id=values_assigned_to_id_1' by value 62.</msg>
<status status="PASS" starttime="20190505 13:24:59.282" endtime="20190505 13:24:59.339"></status>
</kw>
<kw name="Click Link" library="SeleniumLibrary">
<doc>Clicks a link identified by ``locator``.</doc>
<arguments>
<arg>应用</arg>
</arguments>
<msg timestamp="20190505 13:24:59.339" level="INFO">Clicking link '应用'.</msg>
<status status="PASS" starttime="20190505 13:24:59.339" endtime="20190505 13:24:59.654"></status>
</kw>
<kw name="Run Keyword And Return Status" library="BuiltIn">
<doc>Runs the given keyword with given arguments and returns the status as a Boolean value.</doc>
<arguments>
<arg>Get Text</arg>
<arg>jquery=p.query-totals span.total-for-estimated-hours span.value</arg>
</arguments>
<assign>
<var>${state}</var>
</assign>
<kw name="Get Text" library="SeleniumLibrary">
<doc>Returns the text value of element identified by ``locator``.</doc>
<arguments>
<arg>jquery=p.query-totals span.total-for-estimated-hours span.value</arg>
</arguments>
<kw name="Capture Page Screenshot" library="SeleniumLibrary">
<doc>Takes screenshot of the current page and embeds it into log file.</doc>
<msg timestamp="20190505 13:24:59.943" level="INFO" html="yes">&lt;/td&gt;&lt;/tr&gt;&lt;tr&gt;&lt;td colspan="3"&gt;&lt;a href="selenium-screenshot-4.png"&gt;&lt;img src="selenium-screenshot-4.png" width="800px"&gt;&lt;/a&gt;</msg>
<status status="PASS" starttime="20190505 13:24:59.659" endtime="20190505 13:24:59.943"></status>
</kw>
<msg timestamp="20190505 13:24:59.944" level="FAIL">Element with locator 'jquery=p.query-totals span.total-for-estimated-hours span.value' not found.</msg>
<status status="FAIL" starttime="20190505 13:24:59.655" endtime="20190505 13:24:59.944"></status>
</kw>
<msg timestamp="20190505 13:24:59.944" level="INFO">${state} = False</msg>
<status status="PASS" starttime="20190505 13:24:59.655" endtime="20190505 13:24:59.944"></status>
</kw>
<kw name="Run Keyword If" library="BuiltIn">
<doc>Runs the given keyword with the given arguments, if ``condition`` is true.</doc>
<arguments>
<arg>'${state}'=='False'</arg>
<arg>Continue For Loop</arg>
</arguments>
<kw name="Continue For Loop" library="BuiltIn">
<doc>Skips the current for loop iteration and continues from the next.</doc>
<msg timestamp="20190505 13:24:59.945" level="INFO">Continuing for loop from the next iteration.</msg>
<status status="PASS" starttime="20190505 13:24:59.945" endtime="20190505 13:24:59.945"></status>
</kw>
<status status="PASS" starttime="20190505 13:24:59.944" endtime="20190505 13:24:59.945"></status>
</kw>
<status status="PASS" starttime="20190505 13:24:59.281" endtime="20190505 13:24:59.945"></status>
</kw>
<kw name="${INDEX} = 6" type="foritem">
<kw name="Get Element Attribute" library="XML">
<doc>Returns the named attribute of the specified element.</doc>
<arguments>
<arg>${root}</arg>
<arg>value</arg>
<arg>name[${INDEX}]</arg>
</arguments>
<assign>
<var>${Value}</var>
</assign>
<msg timestamp="20190505 13:24:59.945" level="INFO">${Value} = 74</msg>
<status status="PASS" starttime="20190505 13:24:59.945" endtime="20190505 13:24:59.945"></status>
</kw>
<kw name="Select From List By Value" library="SeleniumLibrary">
<doc>Selects options from selection list ``locator`` by ``values``.</doc>
<arguments>
<arg>id=values_assigned_to_id_1</arg>
<arg>${Value}</arg>
</arguments>
<msg timestamp="20190505 13:24:59.946" level="INFO">Selecting options from selection list 'id=values_assigned_to_id_1' by value 74.</msg>
<status status="PASS" starttime="20190505 13:24:59.946" endtime="20190505 13:25:00.002"></status>
</kw>
<kw name="Click Link" library="SeleniumLibrary">
<doc>Clicks a link identified by ``locator``.</doc>
<arguments>
<arg>应用</arg>
</arguments>
<msg timestamp="20190505 13:25:00.002" level="INFO">Clicking link '应用'.</msg>
<status status="PASS" starttime="20190505 13:25:00.002" endtime="20190505 13:25:00.340"></status>
</kw>
<kw name="Run Keyword And Return Status" library="BuiltIn">
<doc>Runs the given keyword with given arguments and returns the status as a Boolean value.</doc>
<arguments>
<arg>Get Text</arg>
<arg>jquery=p.query-totals span.total-for-estimated-hours span.value</arg>
</arguments>
<assign>
<var>${state}</var>
</assign>
<kw name="Get Text" library="SeleniumLibrary">
<doc>Returns the text value of element identified by ``locator``.</doc>
<arguments>
<arg>jquery=p.query-totals span.total-for-estimated-hours span.value</arg>
</arguments>
<status status="PASS" starttime="20190505 13:25:00.340" endtime="20190505 13:25:00.357"></status>
</kw>
<msg timestamp="20190505 13:25:00.357" level="INFO">${state} = True</msg>
<status status="PASS" starttime="20190505 13:25:00.340" endtime="20190505 13:25:00.357"></status>
</kw>
<kw name="Run Keyword If" library="BuiltIn">
<doc>Runs the given keyword with the given arguments, if ``condition`` is true.</doc>
<arguments>
<arg>'${state}'=='False'</arg>
<arg>Continue For Loop</arg>
</arguments>
<status status="PASS" starttime="20190505 13:25:00.357" endtime="20190505 13:25:00.358"></status>
</kw>
<kw name="Get Text" library="SeleniumLibrary">
<doc>Returns the text value of element identified by ``locator``.</doc>
<arguments>
<arg>jquery=p.query-totals span.total-for-estimated-hours span.value</arg>
</arguments>
<assign>
<var>${SpanValue}</var>
</assign>
<msg timestamp="20190505 13:25:00.367" level="INFO">${SpanValue} = 230.00</msg>
<status status="PASS" starttime="20190505 13:25:00.358" endtime="20190505 13:25:00.367"></status>
</kw>
<kw name="Get Element" library="XML">
<doc>Returns an element in the ``source`` matching the ``xpath``.</doc>
<arguments>
<arg>${root}</arg>
<arg>name[${INDEX}]</arg>
</arguments>
<assign>
<var>${name}</var>
</assign>
<msg timestamp="20190505 13:25:00.368" level="INFO">${name} = &lt;Element 'name' at 0x000002313DFAE138&gt;</msg>
<status status="PASS" starttime="20190505 13:25:00.368" endtime="20190505 13:25:00.368"></status>
</kw>
<kw name="Set Element Text" library="XML">
<doc>Sets text and/or tail text of the specified element.</doc>
<arguments>
<arg>${name}</arg>
<arg>${SpanValue}</arg>
<arg>None</arg>
<arg>${PonintsString}</arg>
</arguments>
<status status="PASS" starttime="20190505 13:25:00.369" endtime="20190505 13:25:00.369"></status>
</kw>
<status status="PASS" starttime="20190505 13:24:59.945" endtime="20190505 13:25:00.369"></status>
</kw>
<kw name="${INDEX} = 7" type="foritem">
<kw name="Get Element Attribute" library="XML">
<doc>Returns the named attribute of the specified element.</doc>
<arguments>
<arg>${root}</arg>
<arg>value</arg>
<arg>name[${INDEX}]</arg>
</arguments>
<assign>
<var>${Value}</var>
</assign>
<msg timestamp="20190505 13:25:00.370" level="INFO">${Value} = 133</msg>
<status status="PASS" starttime="20190505 13:25:00.369" endtime="20190505 13:25:00.370"></status>
</kw>
<kw name="Select From List By Value" library="SeleniumLibrary">
<doc>Selects options from selection list ``locator`` by ``values``.</doc>
<arguments>
<arg>id=values_assigned_to_id_1</arg>
<arg>${Value}</arg>
</arguments>
<msg timestamp="20190505 13:25:00.371" level="INFO">Selecting options from selection list 'id=values_assigned_to_id_1' by value 133.</msg>
<status status="PASS" starttime="20190505 13:25:00.370" endtime="20190505 13:25:00.433"></status>
</kw>
<kw name="Click Link" library="SeleniumLibrary">
<doc>Clicks a link identified by ``locator``.</doc>
<arguments>
<arg>应用</arg>
</arguments>
<msg timestamp="20190505 13:25:00.433" level="INFO">Clicking link '应用'.</msg>
<status status="PASS" starttime="20190505 13:25:00.433" endtime="20190505 13:25:00.709"></status>
</kw>
<kw name="Run Keyword And Return Status" library="BuiltIn">
<doc>Runs the given keyword with given arguments and returns the status as a Boolean value.</doc>
<arguments>
<arg>Get Text</arg>
<arg>jquery=p.query-totals span.total-for-estimated-hours span.value</arg>
</arguments>
<assign>
<var>${state}</var>
</assign>
<kw name="Get Text" library="SeleniumLibrary">
<doc>Returns the text value of element identified by ``locator``.</doc>
<arguments>
<arg>jquery=p.query-totals span.total-for-estimated-hours span.value</arg>
</arguments>
<status status="PASS" starttime="20190505 13:25:00.709" endtime="20190505 13:25:00.729"></status>
</kw>
<msg timestamp="20190505 13:25:00.729" level="INFO">${state} = True</msg>
<status status="PASS" starttime="20190505 13:25:00.709" endtime="20190505 13:25:00.729"></status>
</kw>
<kw name="Run Keyword If" library="BuiltIn">
<doc>Runs the given keyword with the given arguments, if ``condition`` is true.</doc>
<arguments>
<arg>'${state}'=='False'</arg>
<arg>Continue For Loop</arg>
</arguments>
<status status="PASS" starttime="20190505 13:25:00.730" endtime="20190505 13:25:00.730"></status>
</kw>
<kw name="Get Text" library="SeleniumLibrary">
<doc>Returns the text value of element identified by ``locator``.</doc>
<arguments>
<arg>jquery=p.query-totals span.total-for-estimated-hours span.value</arg>
</arguments>
<assign>
<var>${SpanValue}</var>
</assign>
<msg timestamp="20190505 13:25:00.740" level="INFO">${SpanValue} = 30.00</msg>
<status status="PASS" starttime="20190505 13:25:00.730" endtime="20190505 13:25:00.740"></status>
</kw>
<kw name="Get Element" library="XML">
<doc>Returns an element in the ``source`` matching the ``xpath``.</doc>
<arguments>
<arg>${root}</arg>
<arg>name[${INDEX}]</arg>
</arguments>
<assign>
<var>${name}</var>
</assign>
<msg timestamp="20190505 13:25:00.741" level="INFO">${name} = &lt;Element 'name' at 0x000002313DFAE408&gt;</msg>
<status status="PASS" starttime="20190505 13:25:00.740" endtime="20190505 13:25:00.741"></status>
</kw>
<kw name="Set Element Text" library="XML">
<doc>Sets text and/or tail text of the specified element.</doc>
<arguments>
<arg>${name}</arg>
<arg>${SpanValue}</arg>
<arg>None</arg>
<arg>${PonintsString}</arg>
</arguments>
<status status="PASS" starttime="20190505 13:25:00.741" endtime="20190505 13:25:00.741"></status>
</kw>
<status status="PASS" starttime="20190505 13:25:00.369" endtime="20190505 13:25:00.741"></status>
</kw>
<kw name="${INDEX} = 8" type="foritem">
<kw name="Get Element Attribute" library="XML">
<doc>Returns the named attribute of the specified element.</doc>
<arguments>
<arg>${root}</arg>
<arg>value</arg>
<arg>name[${INDEX}]</arg>
</arguments>
<assign>
<var>${Value}</var>
</assign>
<msg timestamp="20190505 13:25:00.741" level="INFO">${Value} = 160</msg>
<status status="PASS" starttime="20190505 13:25:00.741" endtime="20190505 13:25:00.742"></status>
</kw>
<kw name="Select From List By Value" library="SeleniumLibrary">
<doc>Selects options from selection list ``locator`` by ``values``.</doc>
<arguments>
<arg>id=values_assigned_to_id_1</arg>
<arg>${Value}</arg>
</arguments>
<msg timestamp="20190505 13:25:00.742" level="INFO">Selecting options from selection list 'id=values_assigned_to_id_1' by value 160.</msg>
<status status="PASS" starttime="20190505 13:25:00.742" endtime="20190505 13:25:00.798"></status>
</kw>
<kw name="Click Link" library="SeleniumLibrary">
<doc>Clicks a link identified by ``locator``.</doc>
<arguments>
<arg>应用</arg>
</arguments>
<msg timestamp="20190505 13:25:00.798" level="INFO">Clicking link '应用'.</msg>
<status status="PASS" starttime="20190505 13:25:00.798" endtime="20190505 13:25:01.102"></status>
</kw>
<kw name="Run Keyword And Return Status" library="BuiltIn">
<doc>Runs the given keyword with given arguments and returns the status as a Boolean value.</doc>
<arguments>
<arg>Get Text</arg>
<arg>jquery=p.query-totals span.total-for-estimated-hours span.value</arg>
</arguments>
<assign>
<var>${state}</var>
</assign>
<kw name="Get Text" library="SeleniumLibrary">
<doc>Returns the text value of element identified by ``locator``.</doc>
<arguments>
<arg>jquery=p.query-totals span.total-for-estimated-hours span.value</arg>
</arguments>
<status status="PASS" starttime="20190505 13:25:01.103" endtime="20190505 13:25:01.121"></status>
</kw>
<msg timestamp="20190505 13:25:01.122" level="INFO">${state} = True</msg>
<status status="PASS" starttime="20190505 13:25:01.103" endtime="20190505 13:25:01.122"></status>
</kw>
<kw name="Run Keyword If" library="BuiltIn">
<doc>Runs the given keyword with the given arguments, if ``condition`` is true.</doc>
<arguments>
<arg>'${state}'=='False'</arg>
<arg>Continue For Loop</arg>
</arguments>
<status status="PASS" starttime="20190505 13:25:01.122" endtime="20190505 13:25:01.122"></status>
</kw>
<kw name="Get Text" library="SeleniumLibrary">
<doc>Returns the text value of element identified by ``locator``.</doc>
<arguments>
<arg>jquery=p.query-totals span.total-for-estimated-hours span.value</arg>
</arguments>
<assign>
<var>${SpanValue}</var>
</assign>
<msg timestamp="20190505 13:25:01.131" level="INFO">${SpanValue} = 76.00</msg>
<status status="PASS" starttime="20190505 13:25:01.122" endtime="20190505 13:25:01.131"></status>
</kw>
<kw name="Get Element" library="XML">
<doc>Returns an element in the ``source`` matching the ``xpath``.</doc>
<arguments>
<arg>${root}</arg>
<arg>name[${INDEX}]</arg>
</arguments>
<assign>
<var>${name}</var>
</assign>
<msg timestamp="20190505 13:25:01.132" level="INFO">${name} = &lt;Element 'name' at 0x000002313DFAE6D8&gt;</msg>
<status status="PASS" starttime="20190505 13:25:01.131" endtime="20190505 13:25:01.132"></status>
</kw>
<kw name="Set Element Text" library="XML">
<doc>Sets text and/or tail text of the specified element.</doc>
<arguments>
<arg>${name}</arg>
<arg>${SpanValue}</arg>
<arg>None</arg>
<arg>${PonintsString}</arg>
</arguments>
<status status="PASS" starttime="20190505 13:25:01.132" endtime="20190505 13:25:01.132"></status>
</kw>
<status status="PASS" starttime="20190505 13:25:00.741" endtime="20190505 13:25:01.132"></status>
</kw>
<kw name="${INDEX} = 9" type="foritem">
<kw name="Get Element Attribute" library="XML">
<doc>Returns the named attribute of the specified element.</doc>
<arguments>
<arg>${root}</arg>
<arg>value</arg>
<arg>name[${INDEX}]</arg>
</arguments>
<assign>
<var>${Value}</var>
</assign>
<msg timestamp="20190505 13:25:01.133" level="INFO">${Value} = 72</msg>
<status status="PASS" starttime="20190505 13:25:01.132" endtime="20190505 13:25:01.133"></status>
</kw>
<kw name="Select From List By Value" library="SeleniumLibrary">
<doc>Selects options from selection list ``locator`` by ``values``.</doc>
<arguments>
<arg>id=values_assigned_to_id_1</arg>
<arg>${Value}</arg>
</arguments>
<msg timestamp="20190505 13:25:01.133" level="INFO">Selecting options from selection list 'id=values_assigned_to_id_1' by value 72.</msg>
<status status="PASS" starttime="20190505 13:25:01.133" endtime="20190505 13:25:01.189"></status>
</kw>
<kw name="Click Link" library="SeleniumLibrary">
<doc>Clicks a link identified by ``locator``.</doc>
<arguments>
<arg>应用</arg>
</arguments>
<msg timestamp="20190505 13:25:01.190" level="INFO">Clicking link '应用'.</msg>
<status status="PASS" starttime="20190505 13:25:01.189" endtime="20190505 13:25:01.487"></status>
</kw>
<kw name="Run Keyword And Return Status" library="BuiltIn">
<doc>Runs the given keyword with given arguments and returns the status as a Boolean value.</doc>
<arguments>
<arg>Get Text</arg>
<arg>jquery=p.query-totals span.total-for-estimated-hours span.value</arg>
</arguments>
<assign>
<var>${state}</var>
</assign>
<kw name="Get Text" library="SeleniumLibrary">
<doc>Returns the text value of element identified by ``locator``.</doc>
<arguments>
<arg>jquery=p.query-totals span.total-for-estimated-hours span.value</arg>
</arguments>
<status status="PASS" starttime="20190505 13:25:01.487" endtime="20190505 13:25:01.508"></status>
</kw>
<msg timestamp="20190505 13:25:01.508" level="INFO">${state} = True</msg>
<status status="PASS" starttime="20190505 13:25:01.487" endtime="20190505 13:25:01.508"></status>
</kw>
<kw name="Run Keyword If" library="BuiltIn">
<doc>Runs the given keyword with the given arguments, if ``condition`` is true.</doc>
<arguments>
<arg>'${state}'=='False'</arg>
<arg>Continue For Loop</arg>
</arguments>
<status status="PASS" starttime="20190505 13:25:01.508" endtime="20190505 13:25:01.508"></status>
</kw>
<kw name="Get Text" library="SeleniumLibrary">
<doc>Returns the text value of element identified by ``locator``.</doc>
<arguments>
<arg>jquery=p.query-totals span.total-for-estimated-hours span.value</arg>
</arguments>
<assign>
<var>${SpanValue}</var>
</assign>
<msg timestamp="20190505 13:25:01.518" level="INFO">${SpanValue} = 64.00</msg>
<status status="PASS" starttime="20190505 13:25:01.509" endtime="20190505 13:25:01.519"></status>
</kw>
<kw name="Get Element" library="XML">
<doc>Returns an element in the ``source`` matching the ``xpath``.</doc>
<arguments>
<arg>${root}</arg>
<arg>name[${INDEX}]</arg>
</arguments>
<assign>
<var>${name}</var>
</assign>
<msg timestamp="20190505 13:25:01.519" level="INFO">${name} = &lt;Element 'name' at 0x000002313DFAE9A8&gt;</msg>
<status status="PASS" starttime="20190505 13:25:01.519" endtime="20190505 13:25:01.519"></status>
</kw>
<kw name="Set Element Text" library="XML">
<doc>Sets text and/or tail text of the specified element.</doc>
<arguments>
<arg>${name}</arg>
<arg>${SpanValue}</arg>
<arg>None</arg>
<arg>${PonintsString}</arg>
</arguments>
<status status="PASS" starttime="20190505 13:25:01.519" endtime="20190505 13:25:01.519"></status>
</kw>
<status status="PASS" starttime="20190505 13:25:01.132" endtime="20190505 13:25:01.519"></status>
</kw>
<kw name="${INDEX} = 10" type="foritem">
<kw name="Get Element Attribute" library="XML">
<doc>Returns the named attribute of the specified element.</doc>
<arguments>
<arg>${root}</arg>
<arg>value</arg>
<arg>name[${INDEX}]</arg>
</arguments>
<assign>
<var>${Value}</var>
</assign>
<msg timestamp="20190505 13:25:01.520" level="INFO">${Value} = 73</msg>
<status status="PASS" starttime="20190505 13:25:01.520" endtime="20190505 13:25:01.520"></status>
</kw>
<kw name="Select From List By Value" library="SeleniumLibrary">
<doc>Selects options from selection list ``locator`` by ``values``.</doc>
<arguments>
<arg>id=values_assigned_to_id_1</arg>
<arg>${Value}</arg>
</arguments>
<msg timestamp="20190505 13:25:01.520" level="INFO">Selecting options from selection list 'id=values_assigned_to_id_1' by value 73.</msg>
<status status="PASS" starttime="20190505 13:25:01.520" endtime="20190505 13:25:01.575"></status>
</kw>
<kw name="Click Link" library="SeleniumLibrary">
<doc>Clicks a link identified by ``locator``.</doc>
<arguments>
<arg>应用</arg>
</arguments>
<msg timestamp="20190505 13:25:01.576" level="INFO">Clicking link '应用'.</msg>
<status status="PASS" starttime="20190505 13:25:01.576" endtime="20190505 13:25:01.867"></status>
</kw>
<kw name="Run Keyword And Return Status" library="BuiltIn">
<doc>Runs the given keyword with given arguments and returns the status as a Boolean value.</doc>
<arguments>
<arg>Get Text</arg>
<arg>jquery=p.query-totals span.total-for-estimated-hours span.value</arg>
</arguments>
<assign>
<var>${state}</var>
</assign>
<kw name="Get Text" library="SeleniumLibrary">
<doc>Returns the text value of element identified by ``locator``.</doc>
<arguments>
<arg>jquery=p.query-totals span.total-for-estimated-hours span.value</arg>
</arguments>
<status status="PASS" starttime="20190505 13:25:01.868" endtime="20190505 13:25:01.884"></status>
</kw>
<msg timestamp="20190505 13:25:01.884" level="INFO">${state} = True</msg>
<status status="PASS" starttime="20190505 13:25:01.867" endtime="20190505 13:25:01.884"></status>
</kw>
<kw name="Run Keyword If" library="BuiltIn">
<doc>Runs the given keyword with the given arguments, if ``condition`` is true.</doc>
<arguments>
<arg>'${state}'=='False'</arg>
<arg>Continue For Loop</arg>
</arguments>
<status status="PASS" starttime="20190505 13:25:01.884" endtime="20190505 13:25:01.885"></status>
</kw>
<kw name="Get Text" library="SeleniumLibrary">
<doc>Returns the text value of element identified by ``locator``.</doc>
<arguments>
<arg>jquery=p.query-totals span.total-for-estimated-hours span.value</arg>
</arguments>
<assign>
<var>${SpanValue}</var>
</assign>
<msg timestamp="20190505 13:25:01.894" level="INFO">${SpanValue} = 28.00</msg>
<status status="PASS" starttime="20190505 13:25:01.885" endtime="20190505 13:25:01.894"></status>
</kw>
<kw name="Get Element" library="XML">
<doc>Returns an element in the ``source`` matching the ``xpath``.</doc>
<arguments>
<arg>${root}</arg>
<arg>name[${INDEX}]</arg>
</arguments>
<assign>
<var>${name}</var>
</assign>
<msg timestamp="20190505 13:25:01.895" level="INFO">${name} = &lt;Element 'name' at 0x000002313DFAEC78&gt;</msg>
<status status="PASS" starttime="20190505 13:25:01.895" endtime="20190505 13:25:01.895"></status>
</kw>
<kw name="Set Element Text" library="XML">
<doc>Sets text and/or tail text of the specified element.</doc>
<arguments>
<arg>${name}</arg>
<arg>${SpanValue}</arg>
<arg>None</arg>
<arg>${PonintsString}</arg>
</arguments>
<status status="PASS" starttime="20190505 13:25:01.895" endtime="20190505 13:25:01.895"></status>
</kw>
<status status="PASS" starttime="20190505 13:25:01.520" endtime="20190505 13:25:01.895"></status>
</kw>
<kw name="${INDEX} = 11" type="foritem">
<kw name="Get Element Attribute" library="XML">
<doc>Returns the named attribute of the specified element.</doc>
<arguments>
<arg>${root}</arg>
<arg>value</arg>
<arg>name[${INDEX}]</arg>
</arguments>
<assign>
<var>${Value}</var>
</assign>
<msg timestamp="20190505 13:25:01.896" level="INFO">${Value} = 110</msg>
<status status="PASS" starttime="20190505 13:25:01.896" endtime="20190505 13:25:01.896"></status>
</kw>
<kw name="Select From List By Value" library="SeleniumLibrary">
<doc>Selects options from selection list ``locator`` by ``values``.</doc>
<arguments>
<arg>id=values_assigned_to_id_1</arg>
<arg>${Value}</arg>
</arguments>
<msg timestamp="20190505 13:25:01.896" level="INFO">Selecting options from selection list 'id=values_assigned_to_id_1' by value 110.</msg>
<status status="PASS" starttime="20190505 13:25:01.896" endtime="20190505 13:25:01.951"></status>
</kw>
<kw name="Click Link" library="SeleniumLibrary">
<doc>Clicks a link identified by ``locator``.</doc>
<arguments>
<arg>应用</arg>
</arguments>
<msg timestamp="20190505 13:25:01.951" level="INFO">Clicking link '应用'.</msg>
<status status="PASS" starttime="20190505 13:25:01.951" endtime="20190505 13:25:02.244"></status>
</kw>
<kw name="Run Keyword And Return Status" library="BuiltIn">
<doc>Runs the given keyword with given arguments and returns the status as a Boolean value.</doc>
<arguments>
<arg>Get Text</arg>
<arg>jquery=p.query-totals span.total-for-estimated-hours span.value</arg>
</arguments>
<assign>
<var>${state}</var>
</assign>
<kw name="Get Text" library="SeleniumLibrary">
<doc>Returns the text value of element identified by ``locator``.</doc>
<arguments>
<arg>jquery=p.query-totals span.total-for-estimated-hours span.value</arg>
</arguments>
<status status="PASS" starttime="20190505 13:25:02.244" endtime="20190505 13:25:02.266"></status>
</kw>
<msg timestamp="20190505 13:25:02.266" level="INFO">${state} = True</msg>
<status status="PASS" starttime="20190505 13:25:02.244" endtime="20190505 13:25:02.267"></status>
</kw>
<kw name="Run Keyword If" library="BuiltIn">
<doc>Runs the given keyword with the given arguments, if ``condition`` is true.</doc>
<arguments>
<arg>'${state}'=='False'</arg>
<arg>Continue For Loop</arg>
</arguments>
<status status="PASS" starttime="20190505 13:25:02.267" endtime="20190505 13:25:02.267"></status>
</kw>
<kw name="Get Text" library="SeleniumLibrary">
<doc>Returns the text value of element identified by ``locator``.</doc>
<arguments>
<arg>jquery=p.query-totals span.total-for-estimated-hours span.value</arg>
</arguments>
<assign>
<var>${SpanValue}</var>
</assign>
<msg timestamp="20190505 13:25:02.288" level="INFO">${SpanValue} = 54.00</msg>
<status status="PASS" starttime="20190505 13:25:02.267" endtime="20190505 13:25:02.289"></status>
</kw>
<kw name="Get Element" library="XML">
<doc>Returns an element in the ``source`` matching the ``xpath``.</doc>
<arguments>
<arg>${root}</arg>
<arg>name[${INDEX}]</arg>
</arguments>
<assign>
<var>${name}</var>
</assign>
<msg timestamp="20190505 13:25:02.289" level="INFO">${name} = &lt;Element 'name' at 0x000002313DFAEF48&gt;</msg>
<status status="PASS" starttime="20190505 13:25:02.289" endtime="20190505 13:25:02.289"></status>
</kw>
<kw name="Set Element Text" library="XML">
<doc>Sets text and/or tail text of the specified element.</doc>
<arguments>
<arg>${name}</arg>
<arg>${SpanValue}</arg>
<arg>None</arg>
<arg>${PonintsString}</arg>
</arguments>
<status status="PASS" starttime="20190505 13:25:02.289" endtime="20190505 13:25:02.290"></status>
</kw>
<status status="PASS" starttime="20190505 13:25:01.895" endtime="20190505 13:25:02.290"></status>
</kw>
<kw name="${INDEX} = 12" type="foritem">
<kw name="Get Element Attribute" library="XML">
<doc>Returns the named attribute of the specified element.</doc>
<arguments>
<arg>${root}</arg>
<arg>value</arg>
<arg>name[${INDEX}]</arg>
</arguments>
<assign>
<var>${Value}</var>
</assign>
<msg timestamp="20190505 13:25:02.290" level="INFO">${Value} = 79</msg>
<status status="PASS" starttime="20190505 13:25:02.290" endtime="20190505 13:25:02.290"></status>
</kw>
<kw name="Select From List By Value" library="SeleniumLibrary">
<doc>Selects options from selection list ``locator`` by ``values``.</doc>
<arguments>
<arg>id=values_assigned_to_id_1</arg>
<arg>${Value}</arg>
</arguments>
<msg timestamp="20190505 13:25:02.291" level="INFO">Selecting options from selection list 'id=values_assigned_to_id_1' by value 79.</msg>
<status status="PASS" starttime="20190505 13:25:02.290" endtime="20190505 13:25:02.349"></status>
</kw>
<kw name="Click Link" library="SeleniumLibrary">
<doc>Clicks a link identified by ``locator``.</doc>
<arguments>
<arg>应用</arg>
</arguments>
<msg timestamp="20190505 13:25:02.349" level="INFO">Clicking link '应用'.</msg>
<status status="PASS" starttime="20190505 13:25:02.349" endtime="20190505 13:25:02.597"></status>
</kw>
<kw name="Run Keyword And Return Status" library="BuiltIn">
<doc>Runs the given keyword with given arguments and returns the status as a Boolean value.</doc>
<arguments>
<arg>Get Text</arg>
<arg>jquery=p.query-totals span.total-for-estimated-hours span.value</arg>
</arguments>
<assign>
<var>${state}</var>
</assign>
<kw name="Get Text" library="SeleniumLibrary">
<doc>Returns the text value of element identified by ``locator``.</doc>
<arguments>
<arg>jquery=p.query-totals span.total-for-estimated-hours span.value</arg>
</arguments>
<kw name="Capture Page Screenshot" library="SeleniumLibrary">
<doc>Takes screenshot of the current page and embeds it into log file.</doc>
<msg timestamp="20190505 13:25:02.910" level="INFO" html="yes">&lt;/td&gt;&lt;/tr&gt;&lt;tr&gt;&lt;td colspan="3"&gt;&lt;a href="selenium-screenshot-5.png"&gt;&lt;img src="selenium-screenshot-5.png" width="800px"&gt;&lt;/a&gt;</msg>
<status status="PASS" starttime="20190505 13:25:02.602" endtime="20190505 13:25:02.910"></status>
</kw>
<msg timestamp="20190505 13:25:02.911" level="FAIL">Element with locator 'jquery=p.query-totals span.total-for-estimated-hours span.value' not found.</msg>
<status status="FAIL" starttime="20190505 13:25:02.598" endtime="20190505 13:25:02.911"></status>
</kw>
<msg timestamp="20190505 13:25:02.911" level="INFO">${state} = False</msg>
<status status="PASS" starttime="20190505 13:25:02.597" endtime="20190505 13:25:02.911"></status>
</kw>
<kw name="Run Keyword If" library="BuiltIn">
<doc>Runs the given keyword with the given arguments, if ``condition`` is true.</doc>
<arguments>
<arg>'${state}'=='False'</arg>
<arg>Continue For Loop</arg>
</arguments>
<kw name="Continue For Loop" library="BuiltIn">
<doc>Skips the current for loop iteration and continues from the next.</doc>
<msg timestamp="20190505 13:25:02.912" level="INFO">Continuing for loop from the next iteration.</msg>
<status status="PASS" starttime="20190505 13:25:02.911" endtime="20190505 13:25:02.912"></status>
</kw>
<status status="PASS" starttime="20190505 13:25:02.911" endtime="20190505 13:25:02.912"></status>
</kw>
<status status="PASS" starttime="20190505 13:25:02.290" endtime="20190505 13:25:02.912"></status>
</kw>
<kw name="${INDEX} = 13" type="foritem">
<kw name="Get Element Attribute" library="XML">
<doc>Returns the named attribute of the specified element.</doc>
<arguments>
<arg>${root}</arg>
<arg>value</arg>
<arg>name[${INDEX}]</arg>
</arguments>
<assign>
<var>${Value}</var>
</assign>
<msg timestamp="20190505 13:25:02.912" level="INFO">${Value} = 63</msg>
<status status="PASS" starttime="20190505 13:25:02.912" endtime="20190505 13:25:02.912"></status>
</kw>
<kw name="Select From List By Value" library="SeleniumLibrary">
<doc>Selects options from selection list ``locator`` by ``values``.</doc>
<arguments>
<arg>id=values_assigned_to_id_1</arg>
<arg>${Value}</arg>
</arguments>
<msg timestamp="20190505 13:25:02.913" level="INFO">Selecting options from selection list 'id=values_assigned_to_id_1' by value 63.</msg>
<status status="PASS" starttime="20190505 13:25:02.912" endtime="20190505 13:25:02.970"></status>
</kw>
<kw name="Click Link" library="SeleniumLibrary">
<doc>Clicks a link identified by ``locator``.</doc>
<arguments>
<arg>应用</arg>
</arguments>
<msg timestamp="20190505 13:25:02.971" level="INFO">Clicking link '应用'.</msg>
<status status="PASS" starttime="20190505 13:25:02.970" endtime="20190505 13:25:03.271"></status>
</kw>
<kw name="Run Keyword And Return Status" library="BuiltIn">
<doc>Runs the given keyword with given arguments and returns the status as a Boolean value.</doc>
<arguments>
<arg>Get Text</arg>
<arg>jquery=p.query-totals span.total-for-estimated-hours span.value</arg>
</arguments>
<assign>
<var>${state}</var>
</assign>
<kw name="Get Text" library="SeleniumLibrary">
<doc>Returns the text value of element identified by ``locator``.</doc>
<arguments>
<arg>jquery=p.query-totals span.total-for-estimated-hours span.value</arg>
</arguments>
<status status="PASS" starttime="20190505 13:25:03.271" endtime="20190505 13:25:03.292"></status>
</kw>
<msg timestamp="20190505 13:25:03.292" level="INFO">${state} = True</msg>
<status status="PASS" starttime="20190505 13:25:03.271" endtime="20190505 13:25:03.292"></status>
</kw>
<kw name="Run Keyword If" library="BuiltIn">
<doc>Runs the given keyword with the given arguments, if ``condition`` is true.</doc>
<arguments>
<arg>'${state}'=='False'</arg>
<arg>Continue For Loop</arg>
</arguments>
<status status="PASS" starttime="20190505 13:25:03.292" endtime="20190505 13:25:03.293"></status>
</kw>
<kw name="Get Text" library="SeleniumLibrary">
<doc>Returns the text value of element identified by ``locator``.</doc>
<arguments>
<arg>jquery=p.query-totals span.total-for-estimated-hours span.value</arg>
</arguments>
<assign>
<var>${SpanValue}</var>
</assign>
<msg timestamp="20190505 13:25:03.303" level="INFO">${SpanValue} = 64.00</msg>
<status status="PASS" starttime="20190505 13:25:03.293" endtime="20190505 13:25:03.303"></status>
</kw>
<kw name="Get Element" library="XML">
<doc>Returns an element in the ``source`` matching the ``xpath``.</doc>
<arguments>
<arg>${root}</arg>
<arg>name[${INDEX}]</arg>
</arguments>
<assign>
<var>${name}</var>
</assign>
<msg timestamp="20190505 13:25:03.303" level="INFO">${name} = &lt;Element 'name' at 0x000002313DFB5548&gt;</msg>
<status status="PASS" starttime="20190505 13:25:03.303" endtime="20190505 13:25:03.303"></status>
</kw>
<kw name="Set Element Text" library="XML">
<doc>Sets text and/or tail text of the specified element.</doc>
<arguments>
<arg>${name}</arg>
<arg>${SpanValue}</arg>
<arg>None</arg>
<arg>${PonintsString}</arg>
</arguments>
<status status="PASS" starttime="20190505 13:25:03.303" endtime="20190505 13:25:03.304"></status>
</kw>
<status status="PASS" starttime="20190505 13:25:02.912" endtime="20190505 13:25:03.304"></status>
</kw>
<kw name="${INDEX} = 14" type="foritem">
<kw name="Get Element Attribute" library="XML">
<doc>Returns the named attribute of the specified element.</doc>
<arguments>
<arg>${root}</arg>
<arg>value</arg>
<arg>name[${INDEX}]</arg>
</arguments>
<assign>
<var>${Value}</var>
</assign>
<msg timestamp="20190505 13:25:03.304" level="INFO">${Value} = 77</msg>
<status status="PASS" starttime="20190505 13:25:03.304" endtime="20190505 13:25:03.304"></status>
</kw>
<kw name="Select From List By Value" library="SeleniumLibrary">
<doc>Selects options from selection list ``locator`` by ``values``.</doc>
<arguments>
<arg>id=values_assigned_to_id_1</arg>
<arg>${Value}</arg>
</arguments>
<msg timestamp="20190505 13:25:03.304" level="INFO">Selecting options from selection list 'id=values_assigned_to_id_1' by value 77.</msg>
<status status="PASS" starttime="20190505 13:25:03.304" endtime="20190505 13:25:03.360"></status>
</kw>
<kw name="Click Link" library="SeleniumLibrary">
<doc>Clicks a link identified by ``locator``.</doc>
<arguments>
<arg>应用</arg>
</arguments>
<msg timestamp="20190505 13:25:03.361" level="INFO">Clicking link '应用'.</msg>
<status status="PASS" starttime="20190505 13:25:03.361" endtime="20190505 13:25:03.624"></status>
</kw>
<kw name="Run Keyword And Return Status" library="BuiltIn">
<doc>Runs the given keyword with given arguments and returns the status as a Boolean value.</doc>
<arguments>
<arg>Get Text</arg>
<arg>jquery=p.query-totals span.total-for-estimated-hours span.value</arg>
</arguments>
<assign>
<var>${state}</var>
</assign>
<kw name="Get Text" library="SeleniumLibrary">
<doc>Returns the text value of element identified by ``locator``.</doc>
<arguments>
<arg>jquery=p.query-totals span.total-for-estimated-hours span.value</arg>
</arguments>
<kw name="Capture Page Screenshot" library="SeleniumLibrary">
<doc>Takes screenshot of the current page and embeds it into log file.</doc>
<msg timestamp="20190505 13:25:03.921" level="INFO" html="yes">&lt;/td&gt;&lt;/tr&gt;&lt;tr&gt;&lt;td colspan="3"&gt;&lt;a href="selenium-screenshot-6.png"&gt;&lt;img src="selenium-screenshot-6.png" width="800px"&gt;&lt;/a&gt;</msg>
<status status="PASS" starttime="20190505 13:25:03.629" endtime="20190505 13:25:03.921"></status>
</kw>
<msg timestamp="20190505 13:25:03.922" level="FAIL">Element with locator 'jquery=p.query-totals span.total-for-estimated-hours span.value' not found.</msg>
<status status="FAIL" starttime="20190505 13:25:03.625" endtime="20190505 13:25:03.922"></status>
</kw>
<msg timestamp="20190505 13:25:03.922" level="INFO">${state} = False</msg>
<status status="PASS" starttime="20190505 13:25:03.624" endtime="20190505 13:25:03.922"></status>
</kw>
<kw name="Run Keyword If" library="BuiltIn">
<doc>Runs the given keyword with the given arguments, if ``condition`` is true.</doc>
<arguments>
<arg>'${state}'=='False'</arg>
<arg>Continue For Loop</arg>
</arguments>
<kw name="Continue For Loop" library="BuiltIn">
<doc>Skips the current for loop iteration and continues from the next.</doc>
<msg timestamp="20190505 13:25:03.923" level="INFO">Continuing for loop from the next iteration.</msg>
<status status="PASS" starttime="20190505 13:25:03.922" endtime="20190505 13:25:03.923"></status>
</kw>
<status status="PASS" starttime="20190505 13:25:03.922" endtime="20190505 13:25:03.923"></status>
</kw>
<status status="PASS" starttime="20190505 13:25:03.304" endtime="20190505 13:25:03.923"></status>
</kw>
<kw name="${INDEX} = 15" type="foritem">
<kw name="Get Element Attribute" library="XML">
<doc>Returns the named attribute of the specified element.</doc>
<arguments>
<arg>${root}</arg>
<arg>value</arg>
<arg>name[${INDEX}]</arg>
</arguments>
<assign>
<var>${Value}</var>
</assign>
<msg timestamp="20190505 13:25:03.923" level="INFO">${Value} = 71</msg>
<status status="PASS" starttime="20190505 13:25:03.923" endtime="20190505 13:25:03.923"></status>
</kw>
<kw name="Select From List By Value" library="SeleniumLibrary">
<doc>Selects options from selection list ``locator`` by ``values``.</doc>
<arguments>
<arg>id=values_assigned_to_id_1</arg>
<arg>${Value}</arg>
</arguments>
<msg timestamp="20190505 13:25:03.924" level="INFO">Selecting options from selection list 'id=values_assigned_to_id_1' by value 71.</msg>
<status status="PASS" starttime="20190505 13:25:03.924" endtime="20190505 13:25:03.981"></status>
</kw>
<kw name="Click Link" library="SeleniumLibrary">
<doc>Clicks a link identified by ``locator``.</doc>
<arguments>
<arg>应用</arg>
</arguments>
<msg timestamp="20190505 13:25:03.982" level="INFO">Clicking link '应用'.</msg>
<status status="PASS" starttime="20190505 13:25:03.981" endtime="20190505 13:25:04.342"></status>
</kw>
<kw name="Run Keyword And Return Status" library="BuiltIn">
<doc>Runs the given keyword with given arguments and returns the status as a Boolean value.</doc>
<arguments>
<arg>Get Text</arg>
<arg>jquery=p.query-totals span.total-for-estimated-hours span.value</arg>
</arguments>
<assign>
<var>${state}</var>
</assign>
<kw name="Get Text" library="SeleniumLibrary">
<doc>Returns the text value of element identified by ``locator``.</doc>
<arguments>
<arg>jquery=p.query-totals span.total-for-estimated-hours span.value</arg>
</arguments>
<kw name="Capture Page Screenshot" library="SeleniumLibrary">
<doc>Takes screenshot of the current page and embeds it into log file.</doc>
<msg timestamp="20190505 13:25:04.637" level="INFO" html="yes">&lt;/td&gt;&lt;/tr&gt;&lt;tr&gt;&lt;td colspan="3"&gt;&lt;a href="selenium-screenshot-7.png"&gt;&lt;img src="selenium-screenshot-7.png" width="800px"&gt;&lt;/a&gt;</msg>
<status status="PASS" starttime="20190505 13:25:04.347" endtime="20190505 13:25:04.638"></status>
</kw>
<msg timestamp="20190505 13:25:04.638" level="FAIL">Element with locator 'jquery=p.query-totals span.total-for-estimated-hours span.value' not found.</msg>
<status status="FAIL" starttime="20190505 13:25:04.343" endtime="20190505 13:25:04.638"></status>
</kw>
<msg timestamp="20190505 13:25:04.638" level="INFO">${state} = False</msg>
<status status="PASS" starttime="20190505 13:25:04.342" endtime="20190505 13:25:04.638"></status>
</kw>
<kw name="Run Keyword If" library="BuiltIn">
<doc>Runs the given keyword with the given arguments, if ``condition`` is true.</doc>
<arguments>
<arg>'${state}'=='False'</arg>
<arg>Continue For Loop</arg>
</arguments>
<kw name="Continue For Loop" library="BuiltIn">
<doc>Skips the current for loop iteration and continues from the next.</doc>
<msg timestamp="20190505 13:25:04.639" level="INFO">Continuing for loop from the next iteration.</msg>
<status status="PASS" starttime="20190505 13:25:04.639" endtime="20190505 13:25:04.639"></status>
</kw>
<status status="PASS" starttime="20190505 13:25:04.638" endtime="20190505 13:25:04.639"></status>
</kw>
<status status="PASS" starttime="20190505 13:25:03.923" endtime="20190505 13:25:04.639"></status>
</kw>
<kw name="${INDEX} = 16" type="foritem">
<kw name="Get Element Attribute" library="XML">
<doc>Returns the named attribute of the specified element.</doc>
<arguments>
<arg>${root}</arg>
<arg>value</arg>
<arg>name[${INDEX}]</arg>
</arguments>
<assign>
<var>${Value}</var>
</assign>
<msg timestamp="20190505 13:25:04.640" level="INFO">${Value} = 83</msg>
<status status="PASS" starttime="20190505 13:25:04.639" endtime="20190505 13:25:04.640"></status>
</kw>
<kw name="Select From List By Value" library="SeleniumLibrary">
<doc>Selects options from selection list ``locator`` by ``values``.</doc>
<arguments>
<arg>id=values_assigned_to_id_1</arg>
<arg>${Value}</arg>
</arguments>
<msg timestamp="20190505 13:25:04.640" level="INFO">Selecting options from selection list 'id=values_assigned_to_id_1' by value 83.</msg>
<status status="PASS" starttime="20190505 13:25:04.640" endtime="20190505 13:25:04.701"></status>
</kw>
<kw name="Click Link" library="SeleniumLibrary">
<doc>Clicks a link identified by ``locator``.</doc>
<arguments>
<arg>应用</arg>
</arguments>
<msg timestamp="20190505 13:25:04.701" level="INFO">Clicking link '应用'.</msg>
<status status="PASS" starttime="20190505 13:25:04.701" endtime="20190505 13:25:05.067"></status>
</kw>
<kw name="Run Keyword And Return Status" library="BuiltIn">
<doc>Runs the given keyword with given arguments and returns the status as a Boolean value.</doc>
<arguments>
<arg>Get Text</arg>
<arg>jquery=p.query-totals span.total-for-estimated-hours span.value</arg>
</arguments>
<assign>
<var>${state}</var>
</assign>
<kw name="Get Text" library="SeleniumLibrary">
<doc>Returns the text value of element identified by ``locator``.</doc>
<arguments>
<arg>jquery=p.query-totals span.total-for-estimated-hours span.value</arg>
</arguments>
<status status="PASS" starttime="20190505 13:25:05.067" endtime="20190505 13:25:05.084"></status>
</kw>
<msg timestamp="20190505 13:25:05.084" level="INFO">${state} = True</msg>
<status status="PASS" starttime="20190505 13:25:05.067" endtime="20190505 13:25:05.084"></status>
</kw>
<kw name="Run Keyword If" library="BuiltIn">
<doc>Runs the given keyword with the given arguments, if ``condition`` is true.</doc>
<arguments>
<arg>'${state}'=='False'</arg>
<arg>Continue For Loop</arg>
</arguments>
<status status="PASS" starttime="20190505 13:25:05.084" endtime="20190505 13:25:05.084"></status>
</kw>
<kw name="Get Text" library="SeleniumLibrary">
<doc>Returns the text value of element identified by ``locator``.</doc>
<arguments>
<arg>jquery=p.query-totals span.total-for-estimated-hours span.value</arg>
</arguments>
<assign>
<var>${SpanValue}</var>
</assign>
<msg timestamp="20190505 13:25:05.094" level="INFO">${SpanValue} = 40.00</msg>
<status status="PASS" starttime="20190505 13:25:05.084" endtime="20190505 13:25:05.095"></status>
</kw>
<kw name="Get Element" library="XML">
<doc>Returns an element in the ``source`` matching the ``xpath``.</doc>
<arguments>
<arg>${root}</arg>
<arg>name[${INDEX}]</arg>
</arguments>
<assign>
<var>${name}</var>
</assign>
<msg timestamp="20190505 13:25:05.095" level="INFO">${name} = &lt;Element 'name' at 0x000002313DFB5DB8&gt;</msg>
<status status="PASS" starttime="20190505 13:25:05.095" endtime="20190505 13:25:05.095"></status>
</kw>
<kw name="Set Element Text" library="XML">
<doc>Sets text and/or tail text of the specified element.</doc>
<arguments>
<arg>${name}</arg>
<arg>${SpanValue}</arg>
<arg>None</arg>
<arg>${PonintsString}</arg>
</arguments>
<status status="PASS" starttime="20190505 13:25:05.095" endtime="20190505 13:25:05.095"></status>
</kw>
<status status="PASS" starttime="20190505 13:25:04.639" endtime="20190505 13:25:05.095"></status>
</kw>
<kw name="${INDEX} = 17" type="foritem">
<kw name="Get Element Attribute" library="XML">
<doc>Returns the named attribute of the specified element.</doc>
<arguments>
<arg>${root}</arg>
<arg>value</arg>
<arg>name[${INDEX}]</arg>
</arguments>
<assign>
<var>${Value}</var>
</assign>
<msg timestamp="20190505 13:25:05.096" level="INFO">${Value} = 82</msg>
<status status="PASS" starttime="20190505 13:25:05.096" endtime="20190505 13:25:05.096"></status>
</kw>
<kw name="Select From List By Value" library="SeleniumLibrary">
<doc>Selects options from selection list ``locator`` by ``values``.</doc>
<arguments>
<arg>id=values_assigned_to_id_1</arg>
<arg>${Value}</arg>
</arguments>
<msg timestamp="20190505 13:25:05.096" level="INFO">Selecting options from selection list 'id=values_assigned_to_id_1' by value 82.</msg>
<status status="PASS" starttime="20190505 13:25:05.096" endtime="20190505 13:25:05.150"></status>
</kw>
<kw name="Click Link" library="SeleniumLibrary">
<doc>Clicks a link identified by ``locator``.</doc>
<arguments>
<arg>应用</arg>
</arguments>
<msg timestamp="20190505 13:25:05.150" level="INFO">Clicking link '应用'.</msg>
<status status="PASS" starttime="20190505 13:25:05.150" endtime="20190505 13:25:05.435"></status>
</kw>
<kw name="Run Keyword And Return Status" library="BuiltIn">
<doc>Runs the given keyword with given arguments and returns the status as a Boolean value.</doc>
<arguments>
<arg>Get Text</arg>
<arg>jquery=p.query-totals span.total-for-estimated-hours span.value</arg>
</arguments>
<assign>
<var>${state}</var>
</assign>
<kw name="Get Text" library="SeleniumLibrary">
<doc>Returns the text value of element identified by ``locator``.</doc>
<arguments>
<arg>jquery=p.query-totals span.total-for-estimated-hours span.value</arg>
</arguments>
<kw name="Capture Page Screenshot" library="SeleniumLibrary">
<doc>Takes screenshot of the current page and embeds it into log file.</doc>
<msg timestamp="20190505 13:25:05.718" level="INFO" html="yes">&lt;/td&gt;&lt;/tr&gt;&lt;tr&gt;&lt;td colspan="3"&gt;&lt;a href="selenium-screenshot-8.png"&gt;&lt;img src="selenium-screenshot-8.png" width="800px"&gt;&lt;/a&gt;</msg>
<status status="PASS" starttime="20190505 13:25:05.440" endtime="20190505 13:25:05.718"></status>
</kw>
<msg timestamp="20190505 13:25:05.719" level="FAIL">Element with locator 'jquery=p.query-totals span.total-for-estimated-hours span.value' not found.</msg>
<status status="FAIL" starttime="20190505 13:25:05.436" endtime="20190505 13:25:05.719"></status>
</kw>
<msg timestamp="20190505 13:25:05.719" level="INFO">${state} = False</msg>
<status status="PASS" starttime="20190505 13:25:05.435" endtime="20190505 13:25:05.719"></status>
</kw>
<kw name="Run Keyword If" library="BuiltIn">
<doc>Runs the given keyword with the given arguments, if ``condition`` is true.</doc>
<arguments>
<arg>'${state}'=='False'</arg>
<arg>Continue For Loop</arg>
</arguments>
<kw name="Continue For Loop" library="BuiltIn">
<doc>Skips the current for loop iteration and continues from the next.</doc>
<msg timestamp="20190505 13:25:05.719" level="INFO">Continuing for loop from the next iteration.</msg>
<status status="PASS" starttime="20190505 13:25:05.719" endtime="20190505 13:25:05.720"></status>
</kw>
<status status="PASS" starttime="20190505 13:25:05.719" endtime="20190505 13:25:05.720"></status>
</kw>
<status status="PASS" starttime="20190505 13:25:05.096" endtime="20190505 13:25:05.720"></status>
</kw>
<kw name="${INDEX} = 18" type="foritem">
<kw name="Get Element Attribute" library="XML">
<doc>Returns the named attribute of the specified element.</doc>
<arguments>
<arg>${root}</arg>
<arg>value</arg>
<arg>name[${INDEX}]</arg>
</arguments>
<assign>
<var>${Value}</var>
</assign>
<msg timestamp="20190505 13:25:05.720" level="INFO">${Value} = 66</msg>
<status status="PASS" starttime="20190505 13:25:05.720" endtime="20190505 13:25:05.720"></status>
</kw>
<kw name="Select From List By Value" library="SeleniumLibrary">
<doc>Selects options from selection list ``locator`` by ``values``.</doc>
<arguments>
<arg>id=values_assigned_to_id_1</arg>
<arg>${Value}</arg>
</arguments>
<msg timestamp="20190505 13:25:05.720" level="INFO">Selecting options from selection list 'id=values_assigned_to_id_1' by value 66.</msg>
<status status="PASS" starttime="20190505 13:25:05.720" endtime="20190505 13:25:05.777"></status>
</kw>
<kw name="Click Link" library="SeleniumLibrary">
<doc>Clicks a link identified by ``locator``.</doc>
<arguments>
<arg>应用</arg>
</arguments>
<msg timestamp="20190505 13:25:05.778" level="INFO">Clicking link '应用'.</msg>
<status status="PASS" starttime="20190505 13:25:05.777" endtime="20190505 13:25:06.167"></status>
</kw>
<kw name="Run Keyword And Return Status" library="BuiltIn">
<doc>Runs the given keyword with given arguments and returns the status as a Boolean value.</doc>
<arguments>
<arg>Get Text</arg>
<arg>jquery=p.query-totals span.total-for-estimated-hours span.value</arg>
</arguments>
<assign>
<var>${state}</var>
</assign>
<kw name="Get Text" library="SeleniumLibrary">
<doc>Returns the text value of element identified by ``locator``.</doc>
<arguments>
<arg>jquery=p.query-totals span.total-for-estimated-hours span.value</arg>
</arguments>
<status status="PASS" starttime="20190505 13:25:06.168" endtime="20190505 13:25:06.183"></status>
</kw>
<msg timestamp="20190505 13:25:06.184" level="INFO">${state} = True</msg>
<status status="PASS" starttime="20190505 13:25:06.167" endtime="20190505 13:25:06.184"></status>
</kw>
<kw name="Run Keyword If" library="BuiltIn">
<doc>Runs the given keyword with the given arguments, if ``condition`` is true.</doc>
<arguments>
<arg>'${state}'=='False'</arg>
<arg>Continue For Loop</arg>
</arguments>
<status status="PASS" starttime="20190505 13:25:06.184" endtime="20190505 13:25:06.184"></status>
</kw>
<kw name="Get Text" library="SeleniumLibrary">
<doc>Returns the text value of element identified by ``locator``.</doc>
<arguments>
<arg>jquery=p.query-totals span.total-for-estimated-hours span.value</arg>
</arguments>
<assign>
<var>${SpanValue}</var>
</assign>
<msg timestamp="20190505 13:25:06.194" level="INFO">${SpanValue} = 36.00</msg>
<status status="PASS" starttime="20190505 13:25:06.184" endtime="20190505 13:25:06.194"></status>
</kw>
<kw name="Get Element" library="XML">
<doc>Returns an element in the ``source`` matching the ``xpath``.</doc>
<arguments>
<arg>${root}</arg>
<arg>name[${INDEX}]</arg>
</arguments>
<assign>
<var>${name}</var>
</assign>
<msg timestamp="20190505 13:25:06.194" level="INFO">${name} = &lt;Element 'name' at 0x000002313DFB83B8&gt;</msg>
<status status="PASS" starttime="20190505 13:25:06.194" endtime="20190505 13:25:06.194"></status>
</kw>
<kw name="Set Element Text" library="XML">
<doc>Sets text and/or tail text of the specified element.</doc>
<arguments>
<arg>${name}</arg>
<arg>${SpanValue}</arg>
<arg>None</arg>
<arg>${PonintsString}</arg>
</arguments>
<status status="PASS" starttime="20190505 13:25:06.194" endtime="20190505 13:25:06.195"></status>
</kw>
<status status="PASS" starttime="20190505 13:25:05.720" endtime="20190505 13:25:06.195"></status>
</kw>
<kw name="${INDEX} = 19" type="foritem">
<kw name="Get Element Attribute" library="XML">
<doc>Returns the named attribute of the specified element.</doc>
<arguments>
<arg>${root}</arg>
<arg>value</arg>
<arg>name[${INDEX}]</arg>
</arguments>
<assign>
<var>${Value}</var>
</assign>
<msg timestamp="20190505 13:25:06.195" level="INFO">${Value} = 75</msg>
<status status="PASS" starttime="20190505 13:25:06.195" endtime="20190505 13:25:06.195"></status>
</kw>
<kw name="Select From List By Value" library="SeleniumLibrary">
<doc>Selects options from selection list ``locator`` by ``values``.</doc>
<arguments>
<arg>id=values_assigned_to_id_1</arg>
<arg>${Value}</arg>
</arguments>
<msg timestamp="20190505 13:25:06.196" level="INFO">Selecting options from selection list 'id=values_assigned_to_id_1' by value 75.</msg>
<status status="PASS" starttime="20190505 13:25:06.196" endtime="20190505 13:25:06.252"></status>
</kw>
<kw name="Click Link" library="SeleniumLibrary">
<doc>Clicks a link identified by ``locator``.</doc>
<arguments>
<arg>应用</arg>
</arguments>
<msg timestamp="20190505 13:25:06.253" level="INFO">Clicking link '应用'.</msg>
<status status="PASS" starttime="20190505 13:25:06.253" endtime="20190505 13:25:06.560"></status>
</kw>
<kw name="Run Keyword And Return Status" library="BuiltIn">
<doc>Runs the given keyword with given arguments and returns the status as a Boolean value.</doc>
<arguments>
<arg>Get Text</arg>
<arg>jquery=p.query-totals span.total-for-estimated-hours span.value</arg>
</arguments>
<assign>
<var>${state}</var>
</assign>
<kw name="Get Text" library="SeleniumLibrary">
<doc>Returns the text value of element identified by ``locator``.</doc>
<arguments>
<arg>jquery=p.query-totals span.total-for-estimated-hours span.value</arg>
</arguments>
<status status="PASS" starttime="20190505 13:25:06.561" endtime="20190505 13:25:06.582"></status>
</kw>
<msg timestamp="20190505 13:25:06.583" level="INFO">${state} = True</msg>
<status status="PASS" starttime="20190505 13:25:06.560" endtime="20190505 13:25:06.583"></status>
</kw>
<kw name="Run Keyword If" library="BuiltIn">
<doc>Runs the given keyword with the given arguments, if ``condition`` is true.</doc>
<arguments>
<arg>'${state}'=='False'</arg>
<arg>Continue For Loop</arg>
</arguments>
<status status="PASS" starttime="20190505 13:25:06.583" endtime="20190505 13:25:06.583"></status>
</kw>
<kw name="Get Text" library="SeleniumLibrary">
<doc>Returns the text value of element identified by ``locator``.</doc>
<arguments>
<arg>jquery=p.query-totals span.total-for-estimated-hours span.value</arg>
</arguments>
<assign>
<var>${SpanValue}</var>
</assign>
<msg timestamp="20190505 13:25:06.594" level="INFO">${SpanValue} = 84.00</msg>
<status status="PASS" starttime="20190505 13:25:06.583" endtime="20190505 13:25:06.594"></status>
</kw>
<kw name="Get Element" library="XML">
<doc>Returns an element in the ``source`` matching the ``xpath``.</doc>
<arguments>
<arg>${root}</arg>
<arg>name[${INDEX}]</arg>
</arguments>
<assign>
<var>${name}</var>
</assign>
<msg timestamp="20190505 13:25:06.595" level="INFO">${name} = &lt;Element 'name' at 0x000002313DFB8688&gt;</msg>
<status status="PASS" starttime="20190505 13:25:06.594" endtime="20190505 13:25:06.595"></status>
</kw>
<kw name="Set Element Text" library="XML">
<doc>Sets text and/or tail text of the specified element.</doc>
<arguments>
<arg>${name}</arg>
<arg>${SpanValue}</arg>
<arg>None</arg>
<arg>${PonintsString}</arg>
</arguments>
<status status="PASS" starttime="20190505 13:25:06.595" endtime="20190505 13:25:06.595"></status>
</kw>
<status status="PASS" starttime="20190505 13:25:06.195" endtime="20190505 13:25:06.595"></status>
</kw>
<kw name="${INDEX} = 20" type="foritem">
<kw name="Get Element Attribute" library="XML">
<doc>Returns the named attribute of the specified element.</doc>
<arguments>
<arg>${root}</arg>
<arg>value</arg>
<arg>name[${INDEX}]</arg>
</arguments>
<assign>
<var>${Value}</var>
</assign>
<msg timestamp="20190505 13:25:06.596" level="INFO">${Value} = 65</msg>
<status status="PASS" starttime="20190505 13:25:06.595" endtime="20190505 13:25:06.596"></status>
</kw>
<kw name="Select From List By Value" library="SeleniumLibrary">
<doc>Selects options from selection list ``locator`` by ``values``.</doc>
<arguments>
<arg>id=values_assigned_to_id_1</arg>
<arg>${Value}</arg>
</arguments>
<msg timestamp="20190505 13:25:06.596" level="INFO">Selecting options from selection list 'id=values_assigned_to_id_1' by value 65.</msg>
<status status="PASS" starttime="20190505 13:25:06.596" endtime="20190505 13:25:06.656"></status>
</kw>
<kw name="Click Link" library="SeleniumLibrary">
<doc>Clicks a link identified by ``locator``.</doc>
<arguments>
<arg>应用</arg>
</arguments>
<msg timestamp="20190505 13:25:06.657" level="INFO">Clicking link '应用'.</msg>
<status status="PASS" starttime="20190505 13:25:06.656" endtime="20190505 13:25:06.916"></status>
</kw>
<kw name="Run Keyword And Return Status" library="BuiltIn">
<doc>Runs the given keyword with given arguments and returns the status as a Boolean value.</doc>
<arguments>
<arg>Get Text</arg>
<arg>jquery=p.query-totals span.total-for-estimated-hours span.value</arg>
</arguments>
<assign>
<var>${state}</var>
</assign>
<kw name="Get Text" library="SeleniumLibrary">
<doc>Returns the text value of element identified by ``locator``.</doc>
<arguments>
<arg>jquery=p.query-totals span.total-for-estimated-hours span.value</arg>
</arguments>
<kw name="Capture Page Screenshot" library="SeleniumLibrary">
<doc>Takes screenshot of the current page and embeds it into log file.</doc>
<msg timestamp="20190505 13:25:07.237" level="INFO" html="yes">&lt;/td&gt;&lt;/tr&gt;&lt;tr&gt;&lt;td colspan="3"&gt;&lt;a href="selenium-screenshot-9.png"&gt;&lt;img src="selenium-screenshot-9.png" width="800px"&gt;&lt;/a&gt;</msg>
<status status="PASS" starttime="20190505 13:25:06.920" endtime="20190505 13:25:07.237"></status>
</kw>
<msg timestamp="20190505 13:25:07.238" level="FAIL">Element with locator 'jquery=p.query-totals span.total-for-estimated-hours span.value' not found.</msg>
<status status="FAIL" starttime="20190505 13:25:06.916" endtime="20190505 13:25:07.238"></status>
</kw>
<msg timestamp="20190505 13:25:07.238" level="INFO">${state} = False</msg>
<status status="PASS" starttime="20190505 13:25:06.916" endtime="20190505 13:25:07.238"></status>
</kw>
<kw name="Run Keyword If" library="BuiltIn">
<doc>Runs the given keyword with the given arguments, if ``condition`` is true.</doc>
<arguments>
<arg>'${state}'=='False'</arg>
<arg>Continue For Loop</arg>
</arguments>
<kw name="Continue For Loop" library="BuiltIn">
<doc>Skips the current for loop iteration and continues from the next.</doc>
<msg timestamp="20190505 13:25:07.239" level="INFO">Continuing for loop from the next iteration.</msg>
<status status="PASS" starttime="20190505 13:25:07.239" endtime="20190505 13:25:07.239"></status>
</kw>
<status status="PASS" starttime="20190505 13:25:07.238" endtime="20190505 13:25:07.239"></status>
</kw>
[...]
<doc>Selects options from selection list ``locator`` by ``indexes``.</doc>
<arguments>
<arg>jquery=div.contextual select:last-child</arg>
<arg>${NUM}</arg>
</arguments>
<msg timestamp="20190505 13:26:06.035" level="INFO">Selecting options from selection list 'jquery=div.contextual select:last-child' by index 5.</msg>
<status status="PASS" starttime="20190505 13:26:06.035" endtime="20190505 13:26:07.459"></status>
</kw>
<kw name="Get Text" library="SeleniumLibrary">
<doc>Returns the text value of element identified by ``locator``.</doc>
<arguments>
<arg>jquery=#content h3</arg>
</arguments>
<assign>
<var>${xx}</var>
</assign>
<msg timestamp="20190505 13:26:07.477" level="INFO">${xx} = 职位系数: 1.3   当月开发积分: 0 当月管理积分: 0 当月增加积分: 0 (其中未审核: 0 )  
基准积分(22天): 228   挑战积分(22天): 296</msg>
<status status="PASS" starttime="20190505 13:26:07.460" endtime="20190505 13:26:07.477"></status>
</kw>
<kw name="Split String" library="String">
<doc>Splits the ``string`` using ``separator`` as a delimiter string.</doc>
<arguments>
<arg>${xx}</arg>
<arg>${SPACE}</arg>
</arguments>
<assign>
<var>@{words}</var>
</assign>
<msg timestamp="20190505 13:26:07.477" level="INFO">@{words} = [ 职位系数: | 1.3 |  |  | 当月开发积分: | 0 | 当月管理积分: | 0 | 当月增加积分: | 0 | (其中未审核: | 0 | ) |  | 
基准积分(22天): | 228 |  |  | 挑战积分(22天): | 296 ]</msg>
<status status="PASS" starttime="20190505 13:26:07.477" endtime="20190505 13:26:07.477"></status>
</kw>
<kw name="Get Element" library="XML">
<doc>Returns an element in the ``source`` matching the ``xpath``.</doc>
<arguments>
<arg>${root}</arg>
<arg>name[${INDEX}]</arg>
</arguments>
<assign>
<var>${name}</var>
</assign>
<msg timestamp="20190505 13:26:07.478" level="INFO">${name} = &lt;Element 'name' at 0x000002313DFB8958&gt;</msg>
<status status="PASS" starttime="20190505 13:26:07.477" endtime="20190505 13:26:07.478"></status>
</kw>
<kw name="Set Element Text" library="XML">
<doc>Sets text and/or tail text of the specified element.</doc>
<arguments>
<arg>${name}</arg>
<arg>@{words}[5]</arg>
<arg>None</arg>
<arg>DevelPoints</arg>
</arguments>
<status status="PASS" starttime="20190505 13:26:07.478" endtime="20190505 13:26:07.478"></status>
</kw>
<kw name="Set Element Text" library="XML">
<doc>Sets text and/or tail text of the specified element.</doc>
<arguments>
<arg>${name}</arg>
<arg>@{words}[7]</arg>
<arg>None</arg>
<arg>ManagePoints</arg>
</arguments>
<status status="PASS" starttime="20190505 13:26:07.478" endtime="20190505 13:26:07.479"></status>
</kw>
<kw name="Set Element Text" library="XML">
<doc>Sets text and/or tail text of the specified element.</doc>
<arguments>
<arg>${name}</arg>
<arg>@{words}[15]</arg>
<arg>None</arg>
<arg>BasicPoints</arg>
</arguments>
<status status="PASS" starttime="20190505 13:26:07.479" endtime="20190505 13:26:07.479"></status>
</kw>
<kw name="Set Element Text" library="XML">
<doc>Sets text and/or tail text of the specified element.</doc>
<arguments>
<arg>${name}</arg>
<arg>@{words}[19]</arg>
<arg>None</arg>
<arg>ChallengePoints</arg>
</arguments>
<status status="PASS" starttime="20190505 13:26:07.479" endtime="20190505 13:26:07.479"></status>
</kw>
<status status="PASS" starttime="20190505 13:26:06.034" endtime="20190505 13:26:07.479"></status>
</kw>
<kw name="${INDEX} = 21" type="foritem">
<kw name="Get Element Attribute" library="XML">
<doc>Returns the named attribute of the specified element.</doc>
<arguments>
<arg>${root}</arg>
<arg>number</arg>
<arg>name[${INDEX}]</arg>
</arguments>
<assign>
<var>${NUM}</var>
</assign>
<msg timestamp="20190505 13:26:07.480" level="INFO">${NUM} = 27</msg>
<status status="PASS" starttime="20190505 13:26:07.479" endtime="20190505 13:26:07.480"></status>
</kw>
<kw name="Select From List By Index" library="SeleniumLibrary">
<doc>Selects options from selection list ``locator`` by ``indexes``.</doc>
<arguments>
<arg>jquery=div.contextual select:last-child</arg>
<arg>${NUM}</arg>
</arguments>
<msg timestamp="20190505 13:26:07.480" level="INFO">Selecting options from selection list 'jquery=div.contextual select:last-child' by index 27.</msg>
<status status="PASS" starttime="20190505 13:26:07.480" endtime="20190505 13:26:08.156"></status>
</kw>
<kw name="Get Text" library="SeleniumLibrary">
<doc>Returns the text value of element identified by ``locator``.</doc>
<arguments>
<arg>jquery=#content h3</arg>
</arguments>
<assign>
<var>${xx}</var>
</assign>
<msg timestamp="20190505 13:26:08.175" level="INFO">${xx} = 职位系数: 0.8   当月开发积分: 0 当月管理积分: 0 当月增加积分: 13 (其中未审核: 0 )  
基准积分(22天): 140   挑战积分(22天): 182</msg>
<status status="PASS" starttime="20190505 13:26:08.156" endtime="20190505 13:26:08.175"></status>
</kw>
<kw name="Split String" library="String">
<doc>Splits the ``string`` using ``separator`` as a delimiter string.</doc>
<arguments>
<arg>${xx}</arg>
<arg>${SPACE}</arg>
</arguments>
<assign>
<var>@{words}</var>
</assign>
<msg timestamp="20190505 13:26:08.176" level="INFO">@{words} = [ 职位系数: | 0.8 |  |  | 当月开发积分: | 0 | 当月管理积分: | 0 | 当月增加积分: | 13 | (其中未审核: | 0 | ) |  | 
基准积分(22天): | 140 |  |  | 挑战积分(22天): | 182 ]</msg>
<status status="PASS" starttime="20190505 13:26:08.175" endtime="20190505 13:26:08.176"></status>
</kw>
<kw name="Get Element" library="XML">
<doc>Returns an element in the ``source`` matching the ``xpath``.</doc>
<arguments>
<arg>${root}</arg>
<arg>name[${INDEX}]</arg>
</arguments>
<assign>
<var>${name}</var>
</assign>
<msg timestamp="20190505 13:26:08.176" level="INFO">${name} = &lt;Element 'name' at 0x000002313DFB8C28&gt;</msg>
<status status="PASS" starttime="20190505 13:26:08.176" endtime="20190505 13:26:08.176"></status>
</kw>
<kw name="Set Element Text" library="XML">
<doc>Sets text and/or tail text of the specified element.</doc>
<arguments>
<arg>${name}</arg>
<arg>@{words}[5]</arg>
<arg>None</arg>
<arg>DevelPoints</arg>
</arguments>
<status status="PASS" starttime="20190505 13:26:08.176" endtime="20190505 13:26:08.176"></status>
</kw>
<kw name="Set Element Text" library="XML">
<doc>Sets text and/or tail text of the specified element.</doc>
<arguments>
<arg>${name}</arg>
<arg>@{words}[7]</arg>
<arg>None</arg>
<arg>ManagePoints</arg>
</arguments>
<status status="PASS" starttime="20190505 13:26:08.176" endtime="20190505 13:26:08.177"></status>
</kw>
<kw name="Set Element Text" library="XML">
<doc>Sets text and/or tail text of the specified element.</doc>
<arguments>
<arg>${name}</arg>
<arg>@{words}[15]</arg>
<arg>None</arg>
<arg>BasicPoints</arg>
</arguments>
<status status="PASS" starttime="20190505 13:26:08.177" endtime="20190505 13:26:08.177"></status>
</kw>
<kw name="Set Element Text" library="XML">
<doc>Sets text and/or tail text of the specified element.</doc>
<arguments>
<arg>${name}</arg>
<arg>@{words}[19]</arg>
<arg>None</arg>
<arg>ChallengePoints</arg>
</arguments>
<status status="PASS" starttime="20190505 13:26:08.177" endtime="20190505 13:26:08.177"></status>
</kw>
<status status="PASS" starttime="20190505 13:26:07.479" endtime="20190505 13:26:08.177"></status>
</kw>
<kw name="${INDEX} = 22" type="foritem">
<kw name="Get Element Attribute" library="XML">
<doc>Returns the named attribute of the specified element.</doc>
<arguments>
<arg>${root}</arg>
<arg>number</arg>
<arg>name[${INDEX}]</arg>
</arguments>
<assign>
<var>${NUM}</var>
</assign>
<msg timestamp="20190505 13:26:08.178" level="INFO">${NUM} = 15</msg>
<status status="PASS" starttime="20190505 13:26:08.178" endtime="20190505 13:26:08.178"></status>
</kw>
<kw name="Select From List By Index" library="SeleniumLibrary">
<doc>Selects options from selection list ``locator`` by ``indexes``.</doc>
<arguments>
<arg>jquery=div.contextual select:last-child</arg>
<arg>${NUM}</arg>
</arguments>
<msg timestamp="20190505 13:26:08.178" level="INFO">Selecting options from selection list 'jquery=div.contextual select:last-child' by index 15.</msg>
<status status="PASS" starttime="20190505 13:26:08.178" endtime="20190505 13:26:09.161"></status>
</kw>
<kw name="Get Text" library="SeleniumLibrary">
<doc>Returns the text value of element identified by ``locator``.</doc>
<arguments>
<arg>jquery=#content h3</arg>
</arguments>
<assign>
<var>${xx}</var>
</assign>
<msg timestamp="20190505 13:26:09.179" level="INFO">${xx} = 职位系数: 0.8   当月开发积分: 0 当月管理积分: 0 当月增加积分: 0 (其中未审核: 0 )  
基准积分(22天): 140   挑战积分(22天): 182</msg>
<status status="PASS" starttime="20190505 13:26:09.161" endtime="20190505 13:26:09.179"></status>
</kw>
<kw name="Split String" library="String">
<doc>Splits the ``string`` using ``separator`` as a delimiter string.</doc>
<arguments>
<arg>${xx}</arg>
<arg>${SPACE}</arg>
</arguments>
<assign>
<var>@{words}</var>
</assign>
<msg timestamp="20190505 13:26:09.180" level="INFO">@{words} = [ 职位系数: | 0.8 |  |  | 当月开发积分: | 0 | 当月管理积分: | 0 | 当月增加积分: | 0 | (其中未审核: | 0 | ) |  | 
基准积分(22天): | 140 |  |  | 挑战积分(22天): | 182 ]</msg>
<status status="PASS" starttime="20190505 13:26:09.179" endtime="20190505 13:26:09.180"></status>
</kw>
<kw name="Get Element" library="XML">
<doc>Returns an element in the ``source`` matching the ``xpath``.</doc>
<arguments>
<arg>${root}</arg>
<arg>name[${INDEX}]</arg>
</arguments>
<assign>
<var>${name}</var>
</assign>
<msg timestamp="20190505 13:26:09.180" level="INFO">${name} = &lt;Element 'name' at 0x000002313DFB8EF8&gt;</msg>
<status status="PASS" starttime="20190505 13:26:09.180" endtime="20190505 13:26:09.180"></status>
</kw>
<kw name="Set Element Text" library="XML">
<doc>Sets text and/or tail text of the specified element.</doc>
<arguments>
<arg>${name}</arg>
<arg>@{words}[5]</arg>
<arg>None</arg>
<arg>DevelPoints</arg>
</arguments>
<status status="PASS" starttime="20190505 13:26:09.180" endtime="20190505 13:26:09.181"></status>
</kw>
<kw name="Set Element Text" library="XML">
<doc>Sets text and/or tail text of the specified element.</doc>
<arguments>
<arg>${name}</arg>
<arg>@{words}[7]</arg>
<arg>None</arg>
<arg>ManagePoints</arg>
</arguments>
<status status="PASS" starttime="20190505 13:26:09.181" endtime="20190505 13:26:09.181"></status>
</kw>
<kw name="Set Element Text" library="XML">
<doc>Sets text and/or tail text of the specified element.</doc>
<arguments>
<arg>${name}</arg>
<arg>@{words}[15]</arg>
<arg>None</arg>
<arg>BasicPoints</arg>
</arguments>
<status status="PASS" starttime="20190505 13:26:09.181" endtime="20190505 13:26:09.181"></status>
</kw>
<kw name="Set Element Text" library="XML">
<doc>Sets text and/or tail text of the specified element.</doc>
<arguments>
<arg>${name}</arg>
<arg>@{words}[19]</arg>
<arg>None</arg>
<arg>ChallengePoints</arg>
</arguments>
<status status="PASS" starttime="20190505 13:26:09.181" endtime="20190505 13:26:09.182"></status>
</kw>
<status status="PASS" starttime="20190505 13:26:08.178" endtime="20190505 13:26:09.182"></status>
</kw>
<kw name="${INDEX} = 23" type="foritem">
<kw name="Get Element Attribute" library="XML">
<doc>Returns the named attribute of the specified element.</doc>
<arguments>
<arg>${root}</arg>
<arg>number</arg>
<arg>name[${INDEX}]</arg>
</arguments>
<assign>
<var>${NUM}</var>
</assign>
<msg timestamp="20190505 13:26:09.182" level="INFO">${NUM} = 9</msg>
<status status="PASS" starttime="20190505 13:26:09.182" endtime="20190505 13:26:09.182"></status>
</kw>
<kw name="Select From List By Index" library="SeleniumLibrary">
<doc>Selects options from selection list ``locator`` by ``indexes``.</doc>
<arguments>
<arg>jquery=div.contextual select:last-child</arg>
<arg>${NUM}</arg>
</arguments>
<msg timestamp="20190505 13:26:09.183" level="INFO">Selecting options from selection list 'jquery=div.contextual select:last-child' by index 9.</msg>
<status status="PASS" starttime="20190505 13:26:09.182" endtime="20190505 13:26:10.267"></status>
</kw>
<kw name="Get Text" library="SeleniumLibrary">
<doc>Returns the text value of element identified by ``locator``.</doc>
<arguments>
<arg>jquery=#content h3</arg>
</arguments>
<assign>
<var>${xx}</var>
</assign>
<msg timestamp="20190505 13:26:10.287" level="INFO">${xx} = 职位系数: 1.1   当月开发积分: 0 当月管理积分: 0 当月增加积分: 0 (其中未审核: 0 )  
基准积分(22天): 193   挑战积分(22天): 250</msg>
<status status="PASS" starttime="20190505 13:26:10.268" endtime="20190505 13:26:10.287"></status>
</kw>
<kw name="Split String" library="String">
<doc>Splits the ``string`` using ``separator`` as a delimiter string.</doc>
<arguments>
<arg>${xx}</arg>
<arg>${SPACE}</arg>
</arguments>
<assign>
<var>@{words}</var>
</assign>
<msg timestamp="20190505 13:26:10.287" level="INFO">@{words} = [ 职位系数: | 1.1 |  |  | 当月开发积分: | 0 | 当月管理积分: | 0 | 当月增加积分: | 0 | (其中未审核: | 0 | ) |  | 
基准积分(22天): | 193 |  |  | 挑战积分(22天): | 250 ]</msg>
<status status="PASS" starttime="20190505 13:26:10.287" endtime="20190505 13:26:10.288"></status>
</kw>
<kw name="Get Element" library="XML">
<doc>Returns an element in the ``source`` matching the ``xpath``.</doc>
<arguments>
<arg>${root}</arg>
<arg>name[${INDEX}]</arg>
</arguments>
<assign>
<var>${name}</var>
</assign>
<msg timestamp="20190505 13:26:10.288" level="INFO">${name} = &lt;Element 'name' at 0x000002313DFBB228&gt;</msg>
<status status="PASS" starttime="20190505 13:26:10.288" endtime="20190505 13:26:10.288"></status>
</kw>
<kw name="Set Element Text" library="XML">
<doc>Sets text and/or tail text of the specified element.</doc>
<arguments>
<arg>${name}</arg>
<arg>@{words}[5]</arg>
<arg>None</arg>
<arg>DevelPoints</arg>
</arguments>
<status status="PASS" starttime="20190505 13:26:10.288" endtime="20190505 13:26:10.289"></status>
</kw>
<kw name="Set Element Text" library="XML">
<doc>Sets text and/or tail text of the specified element.</doc>
<arguments>
<arg>${name}</arg>
<arg>@{words}[7]</arg>
<arg>None</arg>
<arg>ManagePoints</arg>
</arguments>
<status status="PASS" starttime="20190505 13:26:10.289" endtime="20190505 13:26:10.289"></status>
</kw>
<kw name="Set Element Text" library="XML">
<doc>Sets text and/or tail text of the specified element.</doc>
<arguments>
<arg>${name}</arg>
<arg>@{words}[15]</arg>
<arg>None</arg>
<arg>BasicPoints</arg>
</arguments>
<status status="PASS" starttime="20190505 13:26:10.289" endtime="20190505 13:26:10.290"></status>
</kw>
<kw name="Set Element Text" library="XML">
<doc>Sets text and/or tail text of the specified element.</doc>
<arguments>
<arg>${name}</arg>
<arg>@{words}[19]</arg>
<arg>None</arg>
<arg>ChallengePoints</arg>
</arguments>
<status status="PASS" starttime="20190505 13:26:10.290" endtime="20190505 13:26:10.290"></status>
</kw>
<status status="PASS" starttime="20190505 13:26:09.182" endtime="20190505 13:26:10.290"></status>
</kw>
<kw name="${INDEX} = 24" type="foritem">
<kw name="Get Element Attribute" library="XML">
<doc>Returns the named attribute of the specified element.</doc>
<arguments>
<arg>${root}</arg>
<arg>number</arg>
<arg>name[${INDEX}]</arg>
</arguments>
<assign>
<var>${NUM}</var>
</assign>
<msg timestamp="20190505 13:26:10.291" level="INFO">${NUM} = 23</msg>
<status status="PASS" starttime="20190505 13:26:10.290" endtime="20190505 13:26:10.291"></status>
</kw>
<kw name="Select From List By Index" library="SeleniumLibrary">
<doc>Selects options from selection list ``locator`` by ``indexes``.</doc>
<arguments>
<arg>jquery=div.contextual select:last-child</arg>
<arg>${NUM}</arg>
</arguments>
<msg timestamp="20190505 13:26:10.291" level="INFO">Selecting options from selection list 'jquery=div.contextual select:last-child' by index 23.</msg>
<status status="PASS" starttime="20190505 13:26:10.291" endtime="20190505 13:26:10.945"></status>
</kw>
<kw name="Get Text" library="SeleniumLibrary">
<doc>Returns the text value of element identified by ``locator``.</doc>
<arguments>
<arg>jquery=#content h3</arg>
</arguments>
<assign>
<var>${xx}</var>
</assign>
<msg timestamp="20190505 13:26:10.968" level="INFO">${xx} = 职位系数: 0.7   当月开发积分: 0 当月管理积分: 0 当月增加积分: 0 (其中未审核: 0 )  
基准积分(22天): 123   挑战积分(22天): 159</msg>
<status status="PASS" starttime="20190505 13:26:10.945" endtime="20190505 13:26:10.968"></status>
</kw>
<kw name="Split String" library="String">
<doc>Splits the ``string`` using ``separator`` as a delimiter string.</doc>
<arguments>
<arg>${xx}</arg>
<arg>${SPACE}</arg>
</arguments>
<assign>
<var>@{words}</var>
</assign>
<msg timestamp="20190505 13:26:10.969" level="INFO">@{words} = [ 职位系数: | 0.7 |  |  | 当月开发积分: | 0 | 当月管理积分: | 0 | 当月增加积分: | 0 | (其中未审核: | 0 | ) |  | 
基准积分(22天): | 123 |  |  | 挑战积分(22天): | 159 ]</msg>
<status status="PASS" starttime="20190505 13:26:10.969" endtime="20190505 13:26:10.969"></status>
</kw>
<kw name="Get Element" library="XML">
<doc>Returns an element in the ``source`` matching the ``xpath``.</doc>
<arguments>
<arg>${root}</arg>
<arg>name[${INDEX}]</arg>
</arguments>
<assign>
<var>${name}</var>
</assign>
<msg timestamp="20190505 13:26:10.969" level="INFO">${name} = &lt;Element 'name' at 0x000002313DFBB4F8&gt;</msg>
<status status="PASS" starttime="20190505 13:26:10.969" endtime="20190505 13:26:10.969"></status>
</kw>
<kw name="Set Element Text" library="XML">
<doc>Sets text and/or tail text of the specified element.</doc>
<arguments>
<arg>${name}</arg>
<arg>@{words}[5]</arg>
<arg>None</arg>
<arg>DevelPoints</arg>
</arguments>
<status status="PASS" starttime="20190505 13:26:10.969" endtime="20190505 13:26:10.970"></status>
</kw>
<kw name="Set Element Text" library="XML">
<doc>Sets text and/or tail text of the specified element.</doc>
<arguments>
<arg>${name}</arg>
<arg>@{words}[7]</arg>
<arg>None</arg>
<arg>ManagePoints</arg>
</arguments>
<status status="PASS" starttime="20190505 13:26:10.970" endtime="20190505 13:26:10.970"></status>
</kw>
<kw name="Set Element Text" library="XML">
<doc>Sets text and/or tail text of the specified element.</doc>
<arguments>
<arg>${name}</arg>
<arg>@{words}[15]</arg>
<arg>None</arg>
<arg>BasicPoints</arg>
</arguments>
<status status="PASS" starttime="20190505 13:26:10.970" endtime="20190505 13:26:10.970"></status>
</kw>
<kw name="Set Element Text" library="XML">
<doc>Sets text and/or tail text of the specified element.</doc>
<arguments>
<arg>${name}</arg>
<arg>@{words}[19]</arg>
<arg>None</arg>
<arg>ChallengePoints</arg>
</arguments>
<status status="PASS" starttime="20190505 13:26:10.970" endtime="20190505 13:26:10.971"></status>
</kw>
<status status="PASS" starttime="20190505 13:26:10.290" endtime="20190505 13:26:10.971"></status>
</kw>
<status status="PASS" starttime="20190505 13:25:48.680" endtime="20190505 13:26:10.971"></status>
</kw>
<kw name="Save Xml" library="XML">
<doc>Saves the given element to the specified file.</doc>
<arguments>
<arg>${root}</arg>
<arg>H:/SomethingToLearn/2.xml</arg>
</arguments>
<msg timestamp="20190505 13:26:10.973" level="INFO" html="yes">XML saved to &lt;a href="file://H:\SomethingToLearn\2.xml"&gt;H:\SomethingToLearn\2.xml&lt;/a&gt;.</msg>
<status status="PASS" starttime="20190505 13:26:10.971" endtime="20190505 13:26:10.973"></status>
</kw>
<kw name="Close Browser" library="SeleniumLibrary">
<doc>Closes the current browser.</doc>
<status status="PASS" starttime="20190505 13:26:10.973" endtime="20190505 13:26:13.218"></status>
</kw>
<status status="PASS" starttime="20190505 13:24:52.777" endtime="20190505 13:26:13.218" critical="yes"></status>
</test>
<status status="PASS" starttime="20190505 13:24:52.620" endtime="20190505 13:26:13.220"></status>
</suite>
<statistics>
<total>
<stat pass="1" fail="0">Critical Tests</stat>
<stat pass="1" fail="0">All Tests</stat>
</total>
<tag>
</tag>
<suite>
<stat pass="1" fail="0" id="s1" name="Main">Main</stat>
</suite>
</statistics>
<errors>
</errors>
</robot>
