<?xml version="1.0" encoding="UTF-8"?>
<robot generator="Robot 3.1.1 (Python 3.7.3 on win32)" generated="20190505 20:20:28.989" rpa="false">
<suite id="s1" name="Hello World" source="C:\Users\CEC\git\RobotFramework_Jogholy\Hello World">
<suite id="s1-s1" name="Test" source="C:\Users\CEC\git\RobotFramework_Jogholy\Hello World\test">
<suite id="s1-s1-s1" name="Main" source="C:\Users\CEC\git\RobotFramework_Jogholy\Hello World\test\main.robot">
<test id="s1-s1-s1-t1" name="GetPoints">
<kw name="Parse Xml" library="XML">
<doc>Parses the given XML file or string into an element structure.</doc>
<arguments>
<arg>H:/SomethingToLearn/redmine.xml</arg>
</arguments>
<assign>
<var>${root}</var>
</assign>
<msg timestamp="20190505 20:20:29.175" level="INFO">${root} = &lt;Element 'redmine' at 0x000002C030EAF368&gt;</msg>
<status status="PASS" starttime="20190505 20:20:29.175" endtime="20190505 20:20:29.175"></status>
</kw>
<kw name="Get Element Count" library="XML">
<doc>Returns and logs how many elements the given ``xpath`` matches.</doc>
<arguments>
<arg>${root}</arg>
<arg>employee</arg>
</arguments>
<assign>
<var>${EmployeeNum}</var>
</assign>
<msg timestamp="20190505 20:20:29.175" level="INFO">24 elements matched 'employee'.</msg>
<msg timestamp="20190505 20:20:29.175" level="INFO">${EmployeeNum} = 24</msg>
<status status="PASS" starttime="20190505 20:20:29.175" endtime="20190505 20:20:29.175"></status>
</kw>
<kw name="Get Element Count" library="XML">
<doc>Returns and logs how many elements the given ``xpath`` matches.</doc>
<arguments>
<arg>${root}</arg>
<arg>query_id</arg>
</arguments>
<assign>
<var>${QIDNum}</var>
</assign>
<msg timestamp="20190505 20:20:29.175" level="INFO">4 elements matched 'query_id'.</msg>
<msg timestamp="20190505 20:20:29.175" level="INFO">${QIDNum} = 4</msg>
<status status="PASS" starttime="20190505 20:20:29.175" endtime="20190505 20:20:29.175"></status>
</kw>
<kw name="Open Browser" library="SeleniumLibrary">
<doc>Opens a new browser instance to the given ``url``.</doc>
<arguments>
<arg>http://10.0.0.221:9000/login</arg>
<arg>Chrome</arg>
</arguments>
<msg timestamp="20190505 20:20:29.175" level="INFO">Opening browser 'Chrome' to base url 'http://10.0.0.221:9000/login'.</msg>
<status status="PASS" starttime="20190505 20:20:29.175" endtime="20190505 20:20:31.811"></status>
</kw>
<kw name="Input Text" library="SeleniumLibrary">
<doc>Types the given ``text`` into text field identified by ``locator``.</doc>
<arguments>
<arg>id=username</arg>
<arg>haoyifan</arg>
</arguments>
<msg timestamp="20190505 20:20:31.813" level="INFO">Typing text 'haoyifan' into text field 'id=username'.</msg>
<status status="PASS" starttime="20190505 20:20:31.812" endtime="20190505 20:20:31.890"></status>
</kw>
<kw name="Input Password" library="SeleniumLibrary">
<doc>Types the given password into text field identified by ``locator``.</doc>
<arguments>
<arg>id=password</arg>
<arg>asdfgh123</arg>
</arguments>
<msg timestamp="20190505 20:20:31.891" level="INFO">Typing password into text field 'id=password'.</msg>
<status status="PASS" starttime="20190505 20:20:31.891" endtime="20190505 20:20:31.965"></status>
</kw>
<kw name="Click Button" library="SeleniumLibrary">
<doc>Clicks button identified by ``locator``.</doc>
<arguments>
<arg>id=login-submit</arg>
</arguments>
<msg timestamp="20190505 20:20:31.966" level="INFO">Clicking button 'id=login-submit'.</msg>
<status status="PASS" starttime="20190505 20:20:31.965" endtime="20190505 20:20:32.435"></status>
</kw>
<kw name="Click Link" library="SeleniumLibrary">
<doc>Clicks a link identified by ``locator``.</doc>
<arguments>
<arg>/projects</arg>
</arguments>
<msg timestamp="20190505 20:20:32.436" level="INFO">Clicking link '/projects'.</msg>
<status status="PASS" starttime="20190505 20:20:32.435" endtime="20190505 20:20:32.812"></status>
</kw>
<kw name="Click Link" library="SeleniumLibrary">
<doc>Clicks a link identified by ``locator``.</doc>
<arguments>
<arg>/issues</arg>
</arguments>
<msg timestamp="20190505 20:20:32.812" level="INFO">Clicking link '/issues'.</msg>
<status status="PASS" starttime="20190505 20:20:32.812" endtime="20190505 20:20:33.291"></status>
</kw>
<kw name="${QIDIndex} IN RANGE [ 1 | ${QIDNum}+1 ]" type="for">
<kw name="${QIDIndex} = 1" type="foritem">
<kw name="Get Element Text" library="XML">
<doc>Returns all text of the element, possibly whitespace normalized.</doc>
<arguments>
<arg>${root}</arg>
<arg>query_id[${QIDIndex}]</arg>
</arguments>
<assign>
<var>${QID}</var>
</assign>
<msg timestamp="20190505 20:20:33.293" level="INFO">${QID} = 137</msg>
<status status="PASS" starttime="20190505 20:20:33.293" endtime="20190505 20:20:33.294"></status>
</kw>
<kw name="Click Link" library="SeleniumLibrary">
<doc>Clicks a link identified by ``locator``.</doc>
<arguments>
<arg>/issues?query_id=${QID}</arg>
</arguments>
<msg timestamp="20190505 20:20:33.294" level="INFO">Clicking link '/issues?query_id=137'.</msg>
<status status="PASS" starttime="20190505 20:20:33.294" endtime="20190505 20:20:33.652"></status>
</kw>
<kw name="Click Element" library="SeleniumLibrary">
<doc>Click element identified by ``locator``.</doc>
<arguments>
<arg>jquery=#filters legend</arg>
</arguments>
<msg timestamp="20190505 20:20:33.652" level="INFO">Clicking element 'jquery=#filters legend'.</msg>
<status status="PASS" starttime="20190505 20:20:33.652" endtime="20190505 20:20:33.734"></status>
</kw>
<kw name="Get Element Attribute" library="XML">
<doc>Returns the named attribute of the specified element.</doc>
<arguments>
<arg>${root}</arg>
<arg>type</arg>
<arg>query_id[${QIDIndex}]</arg>
</arguments>
<assign>
<var>${PonintsString}</var>
</assign>
<msg timestamp="20190505 20:20:33.735" level="INFO">${PonintsString} = PendingTaskPoints</msg>
<status status="PASS" starttime="20190505 20:20:33.734" endtime="20190505 20:20:33.735"></status>
</kw>
<kw name="LookingForAll">
<doc>遍历全部员工的名字</doc>
<arguments>
<arg>${root}</arg>
<arg>${PonintsString}</arg>
</arguments>
<kw name="Get Element Count" library="XML">
<doc>Returns and logs how many elements the given ``xpath`` matches.</doc>
<arguments>
<arg>${root}</arg>
<arg>employee</arg>
</arguments>
<assign>
<var>${EmployeeNum}</var>
</assign>
<msg timestamp="20190505 20:20:33.736" level="INFO">24 elements matched 'employee'.</msg>
<msg timestamp="20190505 20:20:33.737" level="INFO">${EmployeeNum} = 24</msg>
<status status="PASS" starttime="20190505 20:20:33.736" endtime="20190505 20:20:33.737"></status>
</kw>
<kw name="${INDEX} IN RANGE [ 1 | ${EmployeeNum}+1 ]" type="for">
<kw name="${INDEX} = 1" type="foritem">
<kw name="Get Element Attribute" library="XML">
<doc>Returns the named attribute of the specified element.</doc>
<arguments>
<arg>${root}</arg>
<arg>value</arg>
<arg>employee[${INDEX}]</arg>
</arguments>
<assign>
<var>${Value}</var>
</assign>
<msg timestamp="20190505 20:20:33.738" level="INFO">${Value} = 148</msg>
<status status="PASS" starttime="20190505 20:20:33.737" endtime="20190505 20:20:33.738"></status>
</kw>
<kw name="Select From List By Value" library="SeleniumLibrary">
<doc>Selects options from selection list ``locator`` by ``values``.</doc>
<arguments>
<arg>id=values_assigned_to_id_1</arg>
<arg>${Value}</arg>
</arguments>
<msg timestamp="20190505 20:20:33.739" level="INFO">Selecting options from selection list 'id=values_assigned_to_id_1' by value 148.</msg>
<status status="PASS" starttime="20190505 20:20:33.738" endtime="20190505 20:20:33.810"></status>
</kw>
<kw name="Click Link" library="SeleniumLibrary">
<doc>Clicks a link identified by ``locator``.</doc>
<arguments>
<arg>应用</arg>
</arguments>
<msg timestamp="20190505 20:20:33.810" level="INFO">Clicking link '应用'.</msg>
<status status="PASS" starttime="20190505 20:20:33.810" endtime="20190505 20:20:34.225"></status>
</kw>
<kw name="Run Keyword And Return Status" library="BuiltIn">
<doc>Runs the given keyword with given arguments and returns the status as a Boolean value.</doc>
<arguments>
<arg>Get Text</arg>
<arg>jquery=p.query-totals span.total-for-estimated-hours span.value</arg>
</arguments>
<assign>
<var>${state}</var>
</assign>
<kw name="Get Text" library="SeleniumLibrary">
<doc>Returns the text value of element identified by ``locator``.</doc>
<arguments>
<arg>jquery=p.query-totals span.total-for-estimated-hours span.value</arg>
</arguments>
<kw name="Capture Page Screenshot" library="SeleniumLibrary">
<doc>Takes screenshot of the current page and embeds it into log file.</doc>
<msg timestamp="20190505 20:20:34.547" level="INFO" html="yes">&lt;/td&gt;&lt;/tr&gt;&lt;tr&gt;&lt;td colspan="3"&gt;&lt;a href="selenium-screenshot-1.png"&gt;&lt;img src="selenium-screenshot-1.png" width="800px"&gt;&lt;/a&gt;</msg>
<status status="PASS" starttime="20190505 20:20:34.232" endtime="20190505 20:20:34.548"></status>
</kw>
<msg timestamp="20190505 20:20:34.549" level="FAIL">Element with locator 'jquery=p.query-totals span.total-for-estimated-hours span.value' not found.</msg>
<status status="FAIL" starttime="20190505 20:20:34.227" endtime="20190505 20:20:34.550"></status>
</kw>
<msg timestamp="20190505 20:20:34.550" level="INFO">${state} = False</msg>
<status status="PASS" starttime="20190505 20:20:34.225" endtime="20190505 20:20:34.550"></status>
</kw>
<kw name="Run Keyword If" library="BuiltIn">
<doc>Runs the given keyword with the given arguments, if ``condition`` is true.</doc>
<arguments>
<arg>'${state}'=='False'</arg>
<arg>Continue For Loop</arg>
</arguments>
<kw name="Continue For Loop" library="BuiltIn">
<doc>Skips the current for loop iteration and continues from the next.</doc>
<msg timestamp="20190505 20:20:34.551" level="INFO">Continuing for loop from the next iteration.</msg>
<status status="PASS" starttime="20190505 20:20:34.551" endtime="20190505 20:20:34.551"></status>
</kw>
<status status="PASS" starttime="20190505 20:20:34.550" endtime="20190505 20:20:34.552"></status>
</kw>
<status status="PASS" starttime="20190505 20:20:33.737" endtime="20190505 20:20:34.552"></status>
</kw>
<kw name="${INDEX} = 2" type="foritem">
<kw name="Get Element Attribute" library="XML">
<doc>Returns the named attribute of the specified element.</doc>
<arguments>
<arg>${root}</arg>
<arg>value</arg>
<arg>employee[${INDEX}]</arg>
</arguments>
<assign>
<var>${Value}</var>
</assign>
<msg timestamp="20190505 20:20:34.553" level="INFO">${Value} = 80</msg>
<status status="PASS" starttime="20190505 20:20:34.552" endtime="20190505 20:20:34.553"></status>
</kw>
<kw name="Select From List By Value" library="SeleniumLibrary">
<doc>Selects options from selection list ``locator`` by ``values``.</doc>
<arguments>
<arg>id=values_assigned_to_id_1</arg>
<arg>${Value}</arg>
</arguments>
<msg timestamp="20190505 20:20:34.553" level="INFO">Selecting options from selection list 'id=values_assigned_to_id_1' by value 80.</msg>
<status status="PASS" starttime="20190505 20:20:34.553" endtime="20190505 20:20:34.615"></status>
</kw>
<kw name="Click Link" library="SeleniumLibrary">
<doc>Clicks a link identified by ``locator``.</doc>
<arguments>
<arg>应用</arg>
</arguments>
<msg timestamp="20190505 20:20:34.616" level="INFO">Clicking link '应用'.</msg>
<status status="PASS" starttime="20190505 20:20:34.615" endtime="20190505 20:20:34.919"></status>
</kw>
<kw name="Run Keyword And Return Status" library="BuiltIn">
<doc>Runs the given keyword with given arguments and returns the status as a Boolean value.</doc>
<arguments>
<arg>Get Text</arg>
<arg>jquery=p.query-totals span.total-for-estimated-hours span.value</arg>
</arguments>
<assign>
<var>${state}</var>
</assign>
<kw name="Get Text" library="SeleniumLibrary">
<doc>Returns the text value of element identified by ``locator``.</doc>
<arguments>
<arg>jquery=p.query-totals span.total-for-estimated-hours span.value</arg>
</arguments>
<kw name="Capture Page Screenshot" library="SeleniumLibrary">
<doc>Takes screenshot of the current page and embeds it into log file.</doc>
<msg timestamp="20190505 20:20:35.238" level="INFO" html="yes">&lt;/td&gt;&lt;/tr&gt;&lt;tr&gt;&lt;td colspan="3"&gt;&lt;a href="selenium-screenshot-2.png"&gt;&lt;img src="selenium-screenshot-2.png" width="800px"&gt;&lt;/a&gt;</msg>
<status status="PASS" starttime="20190505 20:20:34.926" endtime="20190505 20:20:35.239"></status>
</kw>
<msg timestamp="20190505 20:20:35.239" level="FAIL">Element with locator 'jquery=p.query-totals span.total-for-estimated-hours span.value' not found.</msg>
<status status="FAIL" starttime="20190505 20:20:34.921" endtime="20190505 20:20:35.240"></status>
</kw>
<msg timestamp="20190505 20:20:35.240" level="INFO">${state} = False</msg>
<status status="PASS" starttime="20190505 20:20:34.920" endtime="20190505 20:20:35.240"></status>
</kw>
<kw name="Run Keyword If" library="BuiltIn">
<doc>Runs the given keyword with the given arguments, if ``condition`` is true.</doc>
<arguments>
<arg>'${state}'=='False'</arg>
<arg>Continue For Loop</arg>
</arguments>
<kw name="Continue For Loop" library="BuiltIn">
<doc>Skips the current for loop iteration and continues from the next.</doc>
<msg timestamp="20190505 20:20:35.241" level="INFO">Continuing for loop from the next iteration.</msg>
<status status="PASS" starttime="20190505 20:20:35.241" endtime="20190505 20:20:35.241"></status>
</kw>
<status status="PASS" starttime="20190505 20:20:35.240" endtime="20190505 20:20:35.241"></status>
</kw>
<status status="PASS" starttime="20190505 20:20:34.552" endtime="20190505 20:20:35.241"></status>
</kw>
<kw name="${INDEX} = 3" type="foritem">
<kw name="Get Element Attribute" library="XML">
<doc>Returns the named attribute of the specified element.</doc>
<arguments>
<arg>${root}</arg>
<arg>value</arg>
<arg>employee[${INDEX}]</arg>
</arguments>
<assign>
<var>${Value}</var>
</assign>
<msg timestamp="20190505 20:20:35.242" level="INFO">${Value} = 68</msg>
<status status="PASS" starttime="20190505 20:20:35.242" endtime="20190505 20:20:35.243"></status>
</kw>
<kw name="Select From List By Value" library="SeleniumLibrary">
<doc>Selects options from selection list ``locator`` by ``values``.</doc>
<arguments>
<arg>id=values_assigned_to_id_1</arg>
<arg>${Value}</arg>
</arguments>
<msg timestamp="20190505 20:20:35.243" level="INFO">Selecting options from selection list 'id=values_assigned_to_id_1' by value 68.</msg>
<status status="PASS" starttime="20190505 20:20:35.243" endtime="20190505 20:20:35.309"></status>
</kw>
<kw name="Click Link" library="SeleniumLibrary">
<doc>Clicks a link identified by ``locator``.</doc>
<arguments>
<arg>应用</arg>
</arguments>
<msg timestamp="20190505 20:20:35.310" level="INFO">Clicking link '应用'.</msg>
<status status="PASS" starttime="20190505 20:20:35.309" endtime="20190505 20:20:35.676"></status>
</kw>
<kw name="Run Keyword And Return Status" library="BuiltIn">
<doc>Runs the given keyword with given arguments and returns the status as a Boolean value.</doc>
<arguments>
<arg>Get Text</arg>
<arg>jquery=p.query-totals span.total-for-estimated-hours span.value</arg>
</arguments>
<assign>
<var>${state}</var>
</assign>
<kw name="Get Text" library="SeleniumLibrary">
<doc>Returns the text value of element identified by ``locator``.</doc>
<arguments>
<arg>jquery=p.query-totals span.total-for-estimated-hours span.value</arg>
</arguments>
<status status="PASS" starttime="20190505 20:20:35.677" endtime="20190505 20:20:35.695"></status>
</kw>
<msg timestamp="20190505 20:20:35.695" level="INFO">${state} = True</msg>
<status status="PASS" starttime="20190505 20:20:35.676" endtime="20190505 20:20:35.695"></status>
</kw>
<kw name="Run Keyword If" library="BuiltIn">
<doc>Runs the given keyword with the given arguments, if ``condition`` is true.</doc>
<arguments>
<arg>'${state}'=='False'</arg>
<arg>Continue For Loop</arg>
</arguments>
<status status="PASS" starttime="20190505 20:20:35.696" endtime="20190505 20:20:35.696"></status>
</kw>
<kw name="Get Text" library="SeleniumLibrary">
<doc>Returns the text value of element identified by ``locator``.</doc>
<arguments>
<arg>jquery=p.query-totals span.total-for-estimated-hours span.value</arg>
</arguments>
<assign>
<var>${SpanValue}</var>
</assign>
<msg timestamp="20190505 20:20:35.708" level="INFO">${SpanValue} = 28.00</msg>
<status status="PASS" starttime="20190505 20:20:35.696" endtime="20190505 20:20:35.708"></status>
</kw>
<kw name="Get Element" library="XML">
<doc>Returns an element in the ``source`` matching the ``xpath``.</doc>
<arguments>
<arg>${root}</arg>
<arg>employee[${INDEX}]</arg>
</arguments>
<assign>
<var>${name}</var>
</assign>
<msg timestamp="20190505 20:20:35.709" level="INFO">${name} = &lt;Element 'employee' at 0x000002C030EAFA98&gt;</msg>
<status status="PASS" starttime="20190505 20:20:35.709" endtime="20190505 20:20:35.709"></status>
</kw>
<kw name="Set Element Text" library="XML">
<doc>Sets text and/or tail text of the specified element.</doc>
<arguments>
<arg>${name}</arg>
<arg>${SpanValue}</arg>
<arg>None</arg>
<arg>${PonintsString}</arg>
</arguments>
<status status="PASS" starttime="20190505 20:20:35.710" endtime="20190505 20:20:35.710"></status>
</kw>
<status status="PASS" starttime="20190505 20:20:35.242" endtime="20190505 20:20:35.710"></status>
</kw>
<kw name="${INDEX} = 4" type="foritem">
<kw name="Get Element Attribute" library="XML">
<doc>Returns the named attribute of the specified element.</doc>
<arguments>
<arg>${root}</arg>
<arg>value</arg>
<arg>employee[${INDEX}]</arg>
</arguments>
<assign>
<var>${Value}</var>
</assign>
<msg timestamp="20190505 20:20:35.711" level="INFO">${Value} = 81</msg>
<status status="PASS" starttime="20190505 20:20:35.711" endtime="20190505 20:20:35.711"></status>
</kw>
<kw name="Select From List By Value" library="SeleniumLibrary">
<doc>Selects options from selection list ``locator`` by ``values``.</doc>
<arguments>
<arg>id=values_assigned_to_id_1</arg>
<arg>${Value}</arg>
</arguments>
<msg timestamp="20190505 20:20:35.712" level="INFO">Selecting options from selection list 'id=values_assigned_to_id_1' by value 81.</msg>
<status status="PASS" starttime="20190505 20:20:35.711" endtime="20190505 20:20:35.786"></status>
</kw>
<kw name="Click Link" library="SeleniumLibrary">
<doc>Clicks a link identified by ``locator``.</doc>
<arguments>
<arg>应用</arg>
</arguments>
<msg timestamp="20190505 20:20:35.786" level="INFO">Clicking link '应用'.</msg>
<status status="PASS" starttime="20190505 20:20:35.786" endtime="20190505 20:20:36.227"></status>
</kw>
<kw name="Run Keyword And Return Status" library="BuiltIn">
<doc>Runs the given keyword with given arguments and returns the status as a Boolean value.</doc>
<arguments>
<arg>Get Text</arg>
<arg>jquery=p.query-totals span.total-for-estimated-hours span.value</arg>
</arguments>
<assign>
<var>${state}</var>
</assign>
<kw name="Get Text" library="SeleniumLibrary">
<doc>Returns the text value of element identified by ``locator``.</doc>
<arguments>
<arg>jquery=p.query-totals span.total-for-estimated-hours span.value</arg>
</arguments>
<status status="PASS" starttime="20190505 20:20:36.229" endtime="20190505 20:20:36.248"></status>
</kw>
<msg timestamp="20190505 20:20:36.249" level="INFO">${state} = True</msg>
<status status="PASS" starttime="20190505 20:20:36.228" endtime="20190505 20:20:36.249"></status>
</kw>
<kw name="Run Keyword If" library="BuiltIn">
<doc>Runs the given keyword with the given arguments, if ``condition`` is true.</doc>
<arguments>
<arg>'${state}'=='False'</arg>
<arg>Continue For Loop</arg>
</arguments>
<status status="PASS" starttime="20190505 20:20:36.249" endtime="20190505 20:20:36.249"></status>
</kw>
<kw name="Get Text" library="SeleniumLibrary">
<doc>Returns the text value of element identified by ``locator``.</doc>
<arguments>
<arg>jquery=p.query-totals span.total-for-estimated-hours span.value</arg>
</arguments>
<assign>
<var>${SpanValue}</var>
</assign>
<msg timestamp="20190505 20:20:36.260" level="INFO">${SpanValue} = 38.00</msg>
<status status="PASS" starttime="20190505 20:20:36.250" endtime="20190505 20:20:36.260"></status>
</kw>
<kw name="Get Element" library="XML">
<doc>Returns an element in the ``source`` matching the ``xpath``.</doc>
<arguments>
<arg>${root}</arg>
<arg>employee[${INDEX}]</arg>
</arguments>
<assign>
<var>${name}</var>
</assign>
<msg timestamp="20190505 20:20:36.261" level="INFO">${name} = &lt;Element 'employee' at 0x000002C030EAFD68&gt;</msg>
<status status="PASS" starttime="20190505 20:20:36.261" endtime="20190505 20:20:36.261"></status>
</kw>
<kw name="Set Element Text" library="XML">
<doc>Sets text and/or tail text of the specified element.</doc>
<arguments>
<arg>${name}</arg>
<arg>${SpanValue}</arg>
<arg>None</arg>
<arg>${PonintsString}</arg>
</arguments>
<status status="PASS" starttime="20190505 20:20:36.261" endtime="20190505 20:20:36.262"></status>
</kw>
<status status="PASS" starttime="20190505 20:20:35.710" endtime="20190505 20:20:36.262"></status>
</kw>
<kw name="${INDEX} = 5" type="foritem">
<kw name="Get Element Attribute" library="XML">
<doc>Returns the named attribute of the specified element.</doc>
<arguments>
<arg>${root}</arg>
<arg>value</arg>
<arg>employee[${INDEX}]</arg>
</arguments>
<assign>
<var>${Value}</var>
</assign>
<msg timestamp="20190505 20:20:36.263" level="INFO">${Value} = 62</msg>
<status status="PASS" starttime="20190505 20:20:36.262" endtime="20190505 20:20:36.263"></status>
</kw>
<kw name="Select From List By Value" library="SeleniumLibrary">
<doc>Selects options from selection list ``locator`` by ``values``.</doc>
<arguments>
<arg>id=values_assigned_to_id_1</arg>
<arg>${Value}</arg>
</arguments>
<msg timestamp="20190505 20:20:36.264" level="INFO">Selecting options from selection list 'id=values_assigned_to_id_1' by value 62.</msg>
<status status="PASS" starttime="20190505 20:20:36.263" endtime="20190505 20:20:36.327"></status>
</kw>
<kw name="Click Link" library="SeleniumLibrary">
<doc>Clicks a link identified by ``locator``.</doc>
<arguments>
<arg>应用</arg>
</arguments>
<msg timestamp="20190505 20:20:36.328" level="INFO">Clicking link '应用'.</msg>
<status status="PASS" starttime="20190505 20:20:36.327" endtime="20190505 20:20:36.622"></status>
</kw>
<kw name="Run Keyword And Return Status" library="BuiltIn">
<doc>Runs the given keyword with given arguments and returns the status as a Boolean value.</doc>
<arguments>
<arg>Get Text</arg>
<arg>jquery=p.query-totals span.total-for-estimated-hours span.value</arg>
</arguments>
<assign>
<var>${state}</var>
</assign>
<kw name="Get Text" library="SeleniumLibrary">
<doc>Returns the text value of element identified by ``locator``.</doc>
<arguments>
<arg>jquery=p.query-totals span.total-for-estimated-hours span.value</arg>
</arguments>
<kw name="Capture Page Screenshot" library="SeleniumLibrary">
<doc>Takes screenshot of the current page and embeds it into log file.</doc>
<msg timestamp="20190505 20:20:36.975" level="INFO" html="yes">&lt;/td&gt;&lt;/tr&gt;&lt;tr&gt;&lt;td colspan="3"&gt;&lt;a href="selenium-screenshot-3.png"&gt;&lt;img src="selenium-screenshot-3.png" width="800px"&gt;&lt;/a&gt;</msg>
<status status="PASS" starttime="20190505 20:20:36.636" endtime="20190505 20:20:36.975"></status>
</kw>
<msg timestamp="20190505 20:20:36.976" level="FAIL">Element with locator 'jquery=p.query-totals span.total-for-estimated-hours span.value' not found.</msg>
<status status="FAIL" starttime="20190505 20:20:36.623" endtime="20190505 20:20:36.976"></status>
</kw>
<msg timestamp="20190505 20:20:36.976" level="INFO">${state} = False</msg>
<status status="PASS" starttime="20190505 20:20:36.622" endtime="20190505 20:20:36.976"></status>
</kw>
<kw name="Run Keyword If" library="BuiltIn">
<doc>Runs the given keyword with the given arguments, if ``condition`` is true.</doc>
<arguments>
<arg>'${state}'=='False'</arg>
<arg>Continue For Loop</arg>
</arguments>
<kw name="Continue For Loop" library="BuiltIn">
<doc>Skips the current for loop iteration and continues from the next.</doc>
<msg timestamp="20190505 20:20:36.977" level="INFO">Continuing for loop from the next iteration.</msg>
<status status="PASS" starttime="20190505 20:20:36.977" endtime="20190505 20:20:36.978"></status>
</kw>
<status status="PASS" starttime="20190505 20:20:36.977" endtime="20190505 20:20:36.978"></status>
</kw>
<status status="PASS" starttime="20190505 20:20:36.262" endtime="20190505 20:20:36.978"></status>
</kw>
<kw name="${INDEX} = 6" type="foritem">
<kw name="Get Element Attribute" library="XML">
<doc>Returns the named attribute of the specified element.</doc>
<arguments>
<arg>${root}</arg>
<arg>value</arg>
<arg>employee[${INDEX}]</arg>
</arguments>
<assign>
<var>${Value}</var>
</assign>
<msg timestamp="20190505 20:20:36.979" level="INFO">${Value} = 74</msg>
<status status="PASS" starttime="20190505 20:20:36.978" endtime="20190505 20:20:36.979"></status>
</kw>
<kw name="Select From List By Value" library="SeleniumLibrary">
<doc>Selects options from selection list ``locator`` by ``values``.</doc>
<arguments>
<arg>id=values_assigned_to_id_1</arg>
<arg>${Value}</arg>
</arguments>
<msg timestamp="20190505 20:20:36.980" level="INFO">Selecting options from selection list 'id=values_assigned_to_id_1' by value 74.</msg>
<status status="PASS" starttime="20190505 20:20:36.979" endtime="20190505 20:20:37.042"></status>
</kw>
<kw name="Click Link" library="SeleniumLibrary">
<doc>Clicks a link identified by ``locator``.</doc>
<arguments>
<arg>应用</arg>
</arguments>
<msg timestamp="20190505 20:20:37.043" level="INFO">Clicking link '应用'.</msg>
<status status="PASS" starttime="20190505 20:20:37.043" endtime="20190505 20:20:37.353"></status>
</kw>
<kw name="Run Keyword And Return Status" library="BuiltIn">
<doc>Runs the given keyword with given arguments and returns the status as a Boolean value.</doc>
<arguments>
<arg>Get Text</arg>
<arg>jquery=p.query-totals span.total-for-estimated-hours span.value</arg>
</arguments>
<assign>
<var>${state}</var>
</assign>
<kw name="Get Text" library="SeleniumLibrary">
<doc>Returns the text value of element identified by ``locator``.</doc>
<arguments>
<arg>jquery=p.query-totals span.total-for-estimated-hours span.value</arg>
</arguments>
<status status="PASS" starttime="20190505 20:20:37.354" endtime="20190505 20:20:37.375"></status>
</kw>
<msg timestamp="20190505 20:20:37.376" level="INFO">${state} = True</msg>
<status status="PASS" starttime="20190505 20:20:37.353" endtime="20190505 20:20:37.376"></status>
</kw>
<kw name="Run Keyword If" library="BuiltIn">
<doc>Runs the given keyword with the given arguments, if ``condition`` is true.</doc>
<arguments>
<arg>'${state}'=='False'</arg>
<arg>Continue For Loop</arg>
</arguments>
<status status="PASS" starttime="20190505 20:20:37.376" endtime="20190505 20:20:37.377"></status>
</kw>
<kw name="Get Text" library="SeleniumLibrary">
<doc>Returns the text value of element identified by ``locator``.</doc>
<arguments>
<arg>jquery=p.query-totals span.total-for-estimated-hours span.value</arg>
</arguments>
<assign>
<var>${SpanValue}</var>
</assign>
<msg timestamp="20190505 20:20:37.388" level="INFO">${SpanValue} = 230.00</msg>
<status status="PASS" starttime="20190505 20:20:37.377" endtime="20190505 20:20:37.388"></status>
</kw>
<kw name="Get Element" library="XML">
<doc>Returns an element in the ``source`` matching the ``xpath``.</doc>
<arguments>
<arg>${root}</arg>
<arg>employee[${INDEX}]</arg>
</arguments>
<assign>
<var>${name}</var>
</assign>
<msg timestamp="20190505 20:20:37.389" level="INFO">${name} = &lt;Element 'employee' at 0x000002C030EB6368&gt;</msg>
<status status="PASS" starttime="20190505 20:20:37.389" endtime="20190505 20:20:37.389"></status>
</kw>
<kw name="Set Element Text" library="XML">
<doc>Sets text and/or tail text of the specified element.</doc>
<arguments>
<arg>${name}</arg>
<arg>${SpanValue}</arg>
<arg>None</arg>
<arg>${PonintsString}</arg>
</arguments>
<status status="PASS" starttime="20190505 20:20:37.390" endtime="20190505 20:20:37.390"></status>
</kw>
<status status="PASS" starttime="20190505 20:20:36.978" endtime="20190505 20:20:37.390"></status>
</kw>
<kw name="${INDEX} = 7" type="foritem">
<kw name="Get Element Attribute" library="XML">
<doc>Returns the named attribute of the specified element.</doc>
<arguments>
<arg>${root}</arg>
<arg>value</arg>
<arg>employee[${INDEX}]</arg>
</arguments>
<assign>
<var>${Value}</var>
</assign>
<msg timestamp="20190505 20:20:37.391" level="INFO">${Value} = 133</msg>
<status status="PASS" starttime="20190505 20:20:37.391" endtime="20190505 20:20:37.391"></status>
</kw>
<kw name="Select From List By Value" library="SeleniumLibrary">
<doc>Selects options from selection list ``locator`` by ``values``.</doc>
<arguments>
<arg>id=values_assigned_to_id_1</arg>
<arg>${Value}</arg>
</arguments>
<msg timestamp="20190505 20:20:37.392" level="INFO">Selecting options from selection list 'id=values_assigned_to_id_1' by value 133.</msg>
<status status="PASS" starttime="20190505 20:20:37.391" endtime="20190505 20:20:37.454"></status>
</kw>
<kw name="Click Link" library="SeleniumLibrary">
<doc>Clicks a link identified by ``locator``.</doc>
<arguments>
<arg>应用</arg>
</arguments>
<msg timestamp="20190505 20:20:37.455" level="INFO">Clicking link '应用'.</msg>
<status status="PASS" starttime="20190505 20:20:37.455" endtime="20190505 20:20:37.782"></status>
</kw>
<kw name="Run Keyword And Return Status" library="BuiltIn">
<doc>Runs the given keyword with given arguments and returns the status as a Boolean value.</doc>
<arguments>
<arg>Get Text</arg>
<arg>jquery=p.query-totals span.total-for-estimated-hours span.value</arg>
</arguments>
<assign>
<var>${state}</var>
</assign>
<kw name="Get Text" library="SeleniumLibrary">
<doc>Returns the text value of element identified by ``locator``.</doc>
<arguments>
<arg>jquery=p.query-totals span.total-for-estimated-hours span.value</arg>
</arguments>
<status status="PASS" starttime="20190505 20:20:37.783" endtime="20190505 20:20:37.802"></status>
</kw>
<msg timestamp="20190505 20:20:37.803" level="INFO">${state} = True</msg>
<status status="PASS" starttime="20190505 20:20:37.783" endtime="20190505 20:20:37.803"></status>
</kw>
<kw name="Run Keyword If" library="BuiltIn">
<doc>Runs the given keyword with the given arguments, if ``condition`` is true.</doc>
<arguments>
<arg>'${state}'=='False'</arg>
<arg>Continue For Loop</arg>
</arguments>
<status status="PASS" starttime="20190505 20:20:37.803" endtime="20190505 20:20:37.804"></status>
</kw>
<kw name="Get Text" library="SeleniumLibrary">
<doc>Returns the text value of element identified by ``locator``.</doc>
<arguments>
<arg>jquery=p.query-totals span.total-for-estimated-hours span.value</arg>
</arguments>
<assign>
<var>${SpanValue}</var>
</assign>
<msg timestamp="20190505 20:20:37.820" level="INFO">${SpanValue} = 30.00</msg>
<status status="PASS" starttime="20190505 20:20:37.804" endtime="20190505 20:20:37.820"></status>
</kw>
<kw name="Get Element" library="XML">
<doc>Returns an element in the ``source`` matching the ``xpath``.</doc>
<arguments>
<arg>${root}</arg>
<arg>employee[${INDEX}]</arg>
</arguments>
<assign>
<var>${name}</var>
</assign>
<msg timestamp="20190505 20:20:37.821" level="INFO">${name} = &lt;Element 'employee' at 0x000002C030EB6638&gt;</msg>
<status status="PASS" starttime="20190505 20:20:37.821" endtime="20190505 20:20:37.822"></status>
</kw>
<kw name="Set Element Text" library="XML">
<doc>Sets text and/or tail text of the specified element.</doc>
<arguments>
<arg>${name}</arg>
<arg>${SpanValue}</arg>
<arg>None</arg>
<arg>${PonintsString}</arg>
</arguments>
<status status="PASS" starttime="20190505 20:20:37.822" endtime="20190505 20:20:37.822"></status>
</kw>
<status status="PASS" starttime="20190505 20:20:37.390" endtime="20190505 20:20:37.822"></status>
</kw>
<kw name="${INDEX} = 8" type="foritem">
<kw name="Get Element Attribute" library="XML">
<doc>Returns the named attribute of the specified element.</doc>
<arguments>
<arg>${root}</arg>
<arg>value</arg>
<arg>employee[${INDEX}]</arg>
</arguments>
<assign>
<var>${Value}</var>
</assign>
<msg timestamp="20190505 20:20:37.823" level="INFO">${Value} = 160</msg>
<status status="PASS" starttime="20190505 20:20:37.823" endtime="20190505 20:20:37.823"></status>
</kw>
<kw name="Select From List By Value" library="SeleniumLibrary">
<doc>Selects options from selection list ``locator`` by ``values``.</doc>
<arguments>
<arg>id=values_assigned_to_id_1</arg>
<arg>${Value}</arg>
</arguments>
<msg timestamp="20190505 20:20:37.824" level="INFO">Selecting options from selection list 'id=values_assigned_to_id_1' by value 160.</msg>
<status status="PASS" starttime="20190505 20:20:37.824" endtime="20190505 20:20:37.891"></status>
</kw>
<kw name="Click Link" library="SeleniumLibrary">
<doc>Clicks a link identified by ``locator``.</doc>
<arguments>
<arg>应用</arg>
</arguments>
<msg timestamp="20190505 20:20:37.891" level="INFO">Clicking link '应用'.</msg>
<status status="PASS" starttime="20190505 20:20:37.891" endtime="20190505 20:20:38.196"></status>
</kw>
<kw name="Run Keyword And Return Status" library="BuiltIn">
<doc>Runs the given keyword with given arguments and returns the status as a Boolean value.</doc>
<arguments>
<arg>Get Text</arg>
<arg>jquery=p.query-totals span.total-for-estimated-hours span.value</arg>
</arguments>
<assign>
<var>${state}</var>
</assign>
<kw name="Get Text" library="SeleniumLibrary">
<doc>Returns the text value of element identified by ``locator``.</doc>
<arguments>
<arg>jquery=p.query-totals span.total-for-estimated-hours span.value</arg>
</arguments>
<status status="PASS" starttime="20190505 20:20:38.196" endtime="20190505 20:20:38.218"></status>
</kw>
<msg timestamp="20190505 20:20:38.218" level="INFO">${state} = True</msg>
<status status="PASS" starttime="20190505 20:20:38.196" endtime="20190505 20:20:38.218"></status>
</kw>
<kw name="Run Keyword If" library="BuiltIn">
<doc>Runs the given keyword with the given arguments, if ``condition`` is true.</doc>
<arguments>
<arg>'${state}'=='False'</arg>
<arg>Continue For Loop</arg>
</arguments>
<status status="PASS" starttime="20190505 20:20:38.218" endtime="20190505 20:20:38.219"></status>
</kw>
<kw name="Get Text" library="SeleniumLibrary">
<doc>Returns the text value of element identified by ``locator``.</doc>
<arguments>
<arg>jquery=p.query-totals span.total-for-estimated-hours span.value</arg>
</arguments>
<assign>
<var>${SpanValue}</var>
</assign>
<msg timestamp="20190505 20:20:38.231" level="INFO">${SpanValue} = 76.00</msg>
<status status="PASS" starttime="20190505 20:20:38.219" endtime="20190505 20:20:38.231"></status>
</kw>
<kw name="Get Element" library="XML">
<doc>Returns an element in the ``source`` matching the ``xpath``.</doc>
<arguments>
<arg>${root}</arg>
<arg>employee[${INDEX}]</arg>
</arguments>
<assign>
<var>${name}</var>
</assign>
<msg timestamp="20190505 20:20:38.233" level="INFO">${name} = &lt;Element 'employee' at 0x000002C030EB6908&gt;</msg>
<status status="PASS" starttime="20190505 20:20:38.232" endtime="20190505 20:20:38.233"></status>
</kw>
<kw name="Set Element Text" library="XML">
<doc>Sets text and/or tail text of the specified element.</doc>
<arguments>
<arg>${name}</arg>
<arg>${SpanValue}</arg>
<arg>None</arg>
<arg>${PonintsString}</arg>
</arguments>
<status status="PASS" starttime="20190505 20:20:38.233" endtime="20190505 20:20:38.233"></status>
</kw>
<status status="PASS" starttime="20190505 20:20:37.823" endtime="20190505 20:20:38.233"></status>
</kw>
<kw name="${INDEX} = 9" type="foritem">
<kw name="Get Element Attribute" library="XML">
<doc>Returns the named attribute of the specified element.</doc>
<arguments>
<arg>${root}</arg>
<arg>value</arg>
<arg>employee[${INDEX}]</arg>
</arguments>
<assign>
<var>${Value}</var>
</assign>
<msg timestamp="20190505 20:20:38.234" level="INFO">${Value} = 72</msg>
<status status="PASS" starttime="20190505 20:20:38.234" endtime="20190505 20:20:38.234"></status>
</kw>
<kw name="Select From List By Value" library="SeleniumLibrary">
<doc>Selects options from selection list ``locator`` by ``values``.</doc>
<arguments>
<arg>id=values_assigned_to_id_1</arg>
<arg>${Value}</arg>
</arguments>
<msg timestamp="20190505 20:20:38.235" level="INFO">Selecting options from selection list 'id=values_assigned_to_id_1' by value 72.</msg>
<status status="PASS" starttime="20190505 20:20:38.235" endtime="20190505 20:20:38.305"></status>
</kw>
<kw name="Click Link" library="SeleniumLibrary">
<doc>Clicks a link identified by ``locator``.</doc>
<arguments>
<arg>应用</arg>
</arguments>
<msg timestamp="20190505 20:20:38.306" level="INFO">Clicking link '应用'.</msg>
<status status="PASS" starttime="20190505 20:20:38.306" endtime="20190505 20:20:38.664"></status>
</kw>
<kw name="Run Keyword And Return Status" library="BuiltIn">
<doc>Runs the given keyword with given arguments and returns the status as a Boolean value.</doc>
<arguments>
<arg>Get Text</arg>
<arg>jquery=p.query-totals span.total-for-estimated-hours span.value</arg>
</arguments>
<assign>
<var>${state}</var>
</assign>
<kw name="Get Text" library="SeleniumLibrary">
<doc>Returns the text value of element identified by ``locator``.</doc>
<arguments>
<arg>jquery=p.query-totals span.total-for-estimated-hours span.value</arg>
</arguments>
<status status="PASS" starttime="20190505 20:20:38.664" endtime="20190505 20:20:38.682"></status>
</kw>
<msg timestamp="20190505 20:20:38.683" level="INFO">${state} = True</msg>
<status status="PASS" starttime="20190505 20:20:38.664" endtime="20190505 20:20:38.683"></status>
</kw>
<kw name="Run Keyword If" library="BuiltIn">
<doc>Runs the given keyword with the given arguments, if ``condition`` is true.</doc>
<arguments>
<arg>'${state}'=='False'</arg>
<arg>Continue For Loop</arg>
</arguments>
<status status="PASS" starttime="20190505 20:20:38.683" endtime="20190505 20:20:38.683"></status>
</kw>
<kw name="Get Text" library="SeleniumLibrary">
<doc>Returns the text value of element identified by ``locator``.</doc>
<arguments>
<arg>jquery=p.query-totals span.total-for-estimated-hours span.value</arg>
</arguments>
<assign>
<var>${SpanValue}</var>
</assign>
<msg timestamp="20190505 20:20:38.697" level="INFO">${SpanValue} = 64.00</msg>
<status status="PASS" starttime="20190505 20:20:38.684" endtime="20190505 20:20:38.697"></status>
</kw>
<kw name="Get Element" library="XML">
<doc>Returns an element in the ``source`` matching the ``xpath``.</doc>
<arguments>
<arg>${root}</arg>
<arg>employee[${INDEX}]</arg>
</arguments>
<assign>
<var>${name}</var>
</assign>
<msg timestamp="20190505 20:20:38.698" level="INFO">${name} = &lt;Element 'employee' at 0x000002C030EB6BD8&gt;</msg>
<status status="PASS" starttime="20190505 20:20:38.698" endtime="20190505 20:20:38.698"></status>
</kw>
<kw name="Set Element Text" library="XML">
<doc>Sets text and/or tail text of the specified element.</doc>
<arguments>
<arg>${name}</arg>
<arg>${SpanValue}</arg>
<arg>None</arg>
<arg>${PonintsString}</arg>
</arguments>
<status status="PASS" starttime="20190505 20:20:38.698" endtime="20190505 20:20:38.699"></status>
</kw>
<status status="PASS" starttime="20190505 20:20:38.234" endtime="20190505 20:20:38.699"></status>
</kw>
<kw name="${INDEX} = 10" type="foritem">
<kw name="Get Element Attribute" library="XML">
<doc>Returns the named attribute of the specified element.</doc>
<arguments>
<arg>${root}</arg>
<arg>value</arg>
<arg>employee[${INDEX}]</arg>
</arguments>
<assign>
<var>${Value}</var>
</assign>
<msg timestamp="20190505 20:20:38.700" level="INFO">${Value} = 73</msg>
<status status="PASS" starttime="20190505 20:20:38.699" endtime="20190505 20:20:38.700"></status>
</kw>
<kw name="Select From List By Value" library="SeleniumLibrary">
<doc>Selects options from selection list ``locator`` by ``values``.</doc>
<arguments>
<arg>id=values_assigned_to_id_1</arg>
<arg>${Value}</arg>
</arguments>
<msg timestamp="20190505 20:20:38.700" level="INFO">Selecting options from selection list 'id=values_assigned_to_id_1' by value 73.</msg>
<status status="PASS" starttime="20190505 20:20:38.700" endtime="20190505 20:20:38.764"></status>
</kw>
<kw name="Click Link" library="SeleniumLibrary">
<doc>Clicks a link identified by ``locator``.</doc>
<arguments>
<arg>应用</arg>
</arguments>
<msg timestamp="20190505 20:20:38.765" level="INFO">Clicking link '应用'.</msg>
<status status="PASS" starttime="20190505 20:20:38.764" endtime="20190505 20:20:39.081"></status>
</kw>
<kw name="Run Keyword And Return Status" library="BuiltIn">
<doc>Runs the given keyword with given arguments and returns the status as a Boolean value.</doc>
<arguments>
<arg>Get Text</arg>
<arg>jquery=p.query-totals span.total-for-estimated-hours span.value</arg>
</arguments>
<assign>
<var>${state}</var>
</assign>
<kw name="Get Text" library="SeleniumLibrary">
<doc>Returns the text value of element identified by ``locator``.</doc>
<arguments>
<arg>jquery=p.query-totals span.total-for-estimated-hours span.value</arg>
</arguments>
<status status="PASS" starttime="20190505 20:20:39.082" endtime="20190505 20:20:39.101"></status>
</kw>
<msg timestamp="20190505 20:20:39.102" level="INFO">${state} = True</msg>
<status status="PASS" starttime="20190505 20:20:39.082" endtime="20190505 20:20:39.102"></status>
</kw>
<kw name="Run Keyword If" library="BuiltIn">
<doc>Runs the given keyword with the given arguments, if ``condition`` is true.</doc>
<arguments>
<arg>'${state}'=='False'</arg>
<arg>Continue For Loop</arg>
</arguments>
<status status="PASS" starttime="20190505 20:20:39.102" endtime="20190505 20:20:39.103"></status>
</kw>
<kw name="Get Text" library="SeleniumLibrary">
<doc>Returns the text value of element identified by ``locator``.</doc>
<arguments>
<arg>jquery=p.query-totals span.total-for-estimated-hours span.value</arg>
</arguments>
<assign>
<var>${SpanValue}</var>
</assign>
<msg timestamp="20190505 20:20:39.115" level="INFO">${SpanValue} = 28.00</msg>
<status status="PASS" starttime="20190505 20:20:39.103" endtime="20190505 20:20:39.115"></status>
</kw>
<kw name="Get Element" library="XML">
<doc>Returns an element in the ``source`` matching the ``xpath``.</doc>
<arguments>
<arg>${root}</arg>
<arg>employee[${INDEX}]</arg>
</arguments>
<assign>
<var>${name}</var>
</assign>
<msg timestamp="20190505 20:20:39.116" level="INFO">${name} = &lt;Element 'employee' at 0x000002C030EB6EA8&gt;</msg>
<status status="PASS" starttime="20190505 20:20:39.115" endtime="20190505 20:20:39.116"></status>
</kw>
<kw name="Set Element Text" library="XML">
<doc>Sets text and/or tail text of the specified element.</doc>
<arguments>
<arg>${name}</arg>
<arg>${SpanValue}</arg>
<arg>None</arg>
<arg>${PonintsString}</arg>
</arguments>
<status status="PASS" starttime="20190505 20:20:39.116" endtime="20190505 20:20:39.117"></status>
</kw>
<status status="PASS" starttime="20190505 20:20:38.699" endtime="20190505 20:20:39.117"></status>
</kw>
<kw name="${INDEX} = 11" type="foritem">
<kw name="Get Element Attribute" library="XML">
<doc>Returns the named attribute of the specified element.</doc>
<arguments>
<arg>${root}</arg>
<arg>value</arg>
<arg>employee[${INDEX}]</arg>
</arguments>
<assign>
<var>${Value}</var>
</assign>
<msg timestamp="20190505 20:20:39.118" level="INFO">${Value} = 110</msg>
<status status="PASS" starttime="20190505 20:20:39.117" endtime="20190505 20:20:39.118"></status>
</kw>
<kw name="Select From List By Value" library="SeleniumLibrary">
<doc>Selects options from selection list ``locator`` by ``values``.</doc>
<arguments>
<arg>id=values_assigned_to_id_1</arg>
<arg>${Value}</arg>
</arguments>
<msg timestamp="20190505 20:20:39.118" level="INFO">Selecting options from selection list 'id=values_assigned_to_id_1' by value 110.</msg>
<status status="PASS" starttime="20190505 20:20:39.118" endtime="20190505 20:20:39.185"></status>
</kw>
<kw name="Click Link" library="SeleniumLibrary">
<doc>Clicks a link identified by ``locator``.</doc>
<arguments>
<arg>应用</arg>
</arguments>
<msg timestamp="20190505 20:20:39.186" level="INFO">Clicking link '应用'.</msg>
<status status="PASS" starttime="20190505 20:20:39.185" endtime="20190505 20:20:39.535"></status>
</kw>
<kw name="Run Keyword And Return Status" library="BuiltIn">
<doc>Runs the given keyword with given arguments and returns the status as a Boolean value.</doc>
<arguments>
<arg>Get Text</arg>
<arg>jquery=p.query-totals span.total-for-estimated-hours span.value</arg>
</arguments>
<assign>
<var>${state}</var>
</assign>
<kw name="Get Text" library="SeleniumLibrary">
<doc>Returns the text value of element identified by ``locator``.</doc>
<arguments>
<arg>jquery=p.query-totals span.total-for-estimated-hours span.value</arg>
</arguments>
<status status="PASS" starttime="20190505 20:20:39.536" endtime="20190505 20:20:39.553"></status>
</kw>
<msg timestamp="20190505 20:20:39.553" level="INFO">${state} = True</msg>
<status status="PASS" starttime="20190505 20:20:39.535" endtime="20190505 20:20:39.554"></status>
</kw>
<kw name="Run Keyword If" library="BuiltIn">
<doc>Runs the given keyword with the given arguments, if ``condition`` is true.</doc>
<arguments>
<arg>'${state}'=='False'</arg>
<arg>Continue For Loop</arg>
</arguments>
<status status="PASS" starttime="20190505 20:20:39.554" endtime="20190505 20:20:39.554"></status>
</kw>
<kw name="Get Text" library="SeleniumLibrary">
<doc>Returns the text value of element identified by ``locator``.</doc>
<arguments>
<arg>jquery=p.query-totals span.total-for-estimated-hours span.value</arg>
</arguments>
<assign>
<var>${SpanValue}</var>
</assign>
<msg timestamp="20190505 20:20:39.565" level="INFO">${SpanValue} = 54.00</msg>
<status status="PASS" starttime="20190505 20:20:39.555" endtime="20190505 20:20:39.565"></status>
</kw>
<kw name="Get Element" library="XML">
<doc>Returns an element in the ``source`` matching the ``xpath``.</doc>
<arguments>
<arg>${root}</arg>
<arg>employee[${INDEX}]</arg>
</arguments>
<assign>
<var>${name}</var>
</assign>
<msg timestamp="20190505 20:20:39.566" level="INFO">${name} = &lt;Element 'employee' at 0x000002C030EBB1D8&gt;</msg>
<status status="PASS" starttime="20190505 20:20:39.566" endtime="20190505 20:20:39.567"></status>
</kw>
<kw name="Set Element Text" library="XML">
<doc>Sets text and/or tail text of the specified element.</doc>
<arguments>
<arg>${name}</arg>
<arg>${SpanValue}</arg>
<arg>None</arg>
<arg>${PonintsString}</arg>
</arguments>
<status status="PASS" starttime="20190505 20:20:39.567" endtime="20190505 20:20:39.567"></status>
</kw>
<status status="PASS" starttime="20190505 20:20:39.117" endtime="20190505 20:20:39.567"></status>
</kw>
<kw name="${INDEX} = 12" type="foritem">
<kw name="Get Element Attribute" library="XML">
<doc>Returns the named attribute of the specified element.</doc>
<arguments>
<arg>${root}</arg>
<arg>value</arg>
<arg>employee[${INDEX}]</arg>
</arguments>
<assign>
<var>${Value}</var>
</assign>
<msg timestamp="20190505 20:20:39.568" level="INFO">${Value} = 79</msg>
<status status="PASS" starttime="20190505 20:20:39.568" endtime="20190505 20:20:39.568"></status>
</kw>
<kw name="Select From List By Value" library="SeleniumLibrary">
<doc>Selects options from selection list ``locator`` by ``values``.</doc>
<arguments>
<arg>id=values_assigned_to_id_1</arg>
<arg>${Value}</arg>
</arguments>
<msg timestamp="20190505 20:20:39.569" level="INFO">Selecting options from selection list 'id=values_assigned_to_id_1' by value 79.</msg>
<status status="PASS" starttime="20190505 20:20:39.569" endtime="20190505 20:20:39.632"></status>
</kw>
<kw name="Click Link" library="SeleniumLibrary">
<doc>Clicks a link identified by ``locator``.</doc>
<arguments>
<arg>应用</arg>
</arguments>
<msg timestamp="20190505 20:20:39.633" level="INFO">Clicking link '应用'.</msg>
<status status="PASS" starttime="20190505 20:20:39.632" endtime="20190505 20:20:39.928"></status>
</kw>
<kw name="Run Keyword And Return Status" library="BuiltIn">
<doc>Runs the given keyword with given arguments and returns the status as a Boolean value.</doc>
<arguments>
<arg>Get Text</arg>
<arg>jquery=p.query-totals span.total-for-estimated-hours span.value</arg>
</arguments>
<assign>
<var>${state}</var>
</assign>
<kw name="Get Text" library="SeleniumLibrary">
<doc>Returns the text value of element identified by ``locator``.</doc>
<arguments>
<arg>jquery=p.query-totals span.total-for-estimated-hours span.value</arg>
</arguments>
<status status="PASS" starttime="20190505 20:20:39.929" endtime="20190505 20:20:39.951"></status>
</kw>
<msg timestamp="20190505 20:20:39.951" level="INFO">${state} = True</msg>
<status status="PASS" starttime="20190505 20:20:39.928" endtime="20190505 20:20:39.951"></status>
</kw>
<kw name="Run Keyword If" library="BuiltIn">
<doc>Runs the given keyword with the given arguments, if ``condition`` is true.</doc>
<arguments>
<arg>'${state}'=='False'</arg>
<arg>Continue For Loop</arg>
</arguments>
<status status="PASS" starttime="20190505 20:20:39.951" endtime="20190505 20:20:39.952"></status>
</kw>
<kw name="Get Text" library="SeleniumLibrary">
<doc>Returns the text value of element identified by ``locator``.</doc>
<arguments>
<arg>jquery=p.query-totals span.total-for-estimated-hours span.value</arg>
</arguments>
<assign>
<var>${SpanValue}</var>
</assign>
<msg timestamp="20190505 20:20:39.963" level="INFO">${SpanValue} = 80.00</msg>
<status status="PASS" starttime="20190505 20:20:39.952" endtime="20190505 20:20:39.963"></status>
</kw>
<kw name="Get Element" library="XML">
<doc>Returns an element in the ``source`` matching the ``xpath``.</doc>
<arguments>
<arg>${root}</arg>
<arg>employee[${INDEX}]</arg>
</arguments>
<assign>
<var>${name}</var>
</assign>
<msg timestamp="20190505 20:20:39.964" level="INFO">${name} = &lt;Element 'employee' at 0x000002C030EBB4A8&gt;</msg>
<status status="PASS" starttime="20190505 20:20:39.963" endtime="20190505 20:20:39.964"></status>
</kw>
<kw name="Set Element Text" library="XML">
<doc>Sets text and/or tail text of the specified element.</doc>
<arguments>
<arg>${name}</arg>
<arg>${SpanValue}</arg>
<arg>None</arg>
<arg>${PonintsString}</arg>
</arguments>
<status status="PASS" starttime="20190505 20:20:39.964" endtime="20190505 20:20:39.965"></status>
</kw>
<status status="PASS" starttime="20190505 20:20:39.568" endtime="20190505 20:20:39.965"></status>
</kw>
<kw name="${INDEX} = 13" type="foritem">
<kw name="Get Element Attribute" library="XML">
<doc>Returns the named attribute of the specified element.</doc>
<arguments>
<arg>${root}</arg>
<arg>value</arg>
<arg>employee[${INDEX}]</arg>
</arguments>
<assign>
<var>${Value}</var>
</assign>
<msg timestamp="20190505 20:20:39.966" level="INFO">${Value} = 63</msg>
<status status="PASS" starttime="20190505 20:20:39.965" endtime="20190505 20:20:39.966"></status>
</kw>
<kw name="Select From List By Value" library="SeleniumLibrary">
<doc>Selects options from selection list ``locator`` by ``values``.</doc>
<arguments>
<arg>id=values_assigned_to_id_1</arg>
<arg>${Value}</arg>
</arguments>
<msg timestamp="20190505 20:20:39.966" level="INFO">Selecting options from selection list 'id=values_assigned_to_id_1' by value 63.</msg>
<status status="PASS" starttime="20190505 20:20:39.966" endtime="20190505 20:20:40.024"></status>
</kw>
<kw name="Click Link" library="SeleniumLibrary">
<doc>Clicks a link identified by ``locator``.</doc>
<arguments>
<arg>应用</arg>
</arguments>
<msg timestamp="20190505 20:20:40.025" level="INFO">Clicking link '应用'.</msg>
<status status="PASS" starttime="20190505 20:20:40.025" endtime="20190505 20:20:40.378"></status>
</kw>
<kw name="Run Keyword And Return Status" library="BuiltIn">
<doc>Runs the given keyword with given arguments and returns the status as a Boolean value.</doc>
<arguments>
<arg>Get Text</arg>
<arg>jquery=p.query-totals span.total-for-estimated-hours span.value</arg>
</arguments>
<assign>
<var>${state}</var>
</assign>
<kw name="Get Text" library="SeleniumLibrary">
<doc>Returns the text value of element identified by ``locator``.</doc>
<arguments>
<arg>jquery=p.query-totals span.total-for-estimated-hours span.value</arg>
</arguments>
<status status="PASS" starttime="20190505 20:20:40.380" endtime="20190505 20:20:40.399"></status>
</kw>
<msg timestamp="20190505 20:20:40.399" level="INFO">${state} = True</msg>
<status status="PASS" starttime="20190505 20:20:40.379" endtime="20190505 20:20:40.399"></status>
</kw>
<kw name="Run Keyword If" library="BuiltIn">
<doc>Runs the given keyword with the given arguments, if ``condition`` is true.</doc>
<arguments>
<arg>'${state}'=='False'</arg>
<arg>Continue For Loop</arg>
</arguments>
<status status="PASS" starttime="20190505 20:20:40.399" endtime="20190505 20:20:40.400"></status>
</kw>
<kw name="Get Text" library="SeleniumLibrary">
<doc>Returns the text value of element identified by ``locator``.</doc>
<arguments>
<arg>jquery=p.query-totals span.total-for-estimated-hours span.value</arg>
</arguments>
<assign>
<var>${SpanValue}</var>
</assign>
<msg timestamp="20190505 20:20:40.411" level="INFO">${SpanValue} = 64.00</msg>
<status status="PASS" starttime="20190505 20:20:40.400" endtime="20190505 20:20:40.411"></status>
</kw>
<kw name="Get Element" library="XML">
<doc>Returns an element in the ``source`` matching the ``xpath``.</doc>
<arguments>
<arg>${root}</arg>
<arg>employee[${INDEX}]</arg>
</arguments>
<assign>
<var>${name}</var>
</assign>
<msg timestamp="20190505 20:20:40.412" level="INFO">${name} = &lt;Element 'employee' at 0x000002C030EBB778&gt;</msg>
<status status="PASS" starttime="20190505 20:20:40.411" endtime="20190505 20:20:40.412"></status>
</kw>
<kw name="Set Element Text" library="XML">
<doc>Sets text and/or tail text of the specified element.</doc>
<arguments>
<arg>${name}</arg>
<arg>${SpanValue}</arg>
<arg>None</arg>
<arg>${PonintsString}</arg>
</arguments>
<status status="PASS" starttime="20190505 20:20:40.412" endtime="20190505 20:20:40.413"></status>
</kw>
<status status="PASS" starttime="20190505 20:20:39.965" endtime="20190505 20:20:40.413"></status>
</kw>
<kw name="${INDEX} = 14" type="foritem">
<kw name="Get Element Attribute" library="XML">
<doc>Returns the named attribute of the specified element.</doc>
<arguments>
<arg>${root}</arg>
<arg>value</arg>
<arg>employee[${INDEX}]</arg>
</arguments>
<assign>
<var>${Value}</var>
</assign>
<msg timestamp="20190505 20:20:40.414" level="INFO">${Value} = 77</msg>
<status status="PASS" starttime="20190505 20:20:40.413" endtime="20190505 20:20:40.414"></status>
</kw>
<kw name="Select From List By Value" library="SeleniumLibrary">
<doc>Selects options from selection list ``locator`` by ``values``.</doc>
<arguments>
<arg>id=values_assigned_to_id_1</arg>
<arg>${Value}</arg>
</arguments>
<msg timestamp="20190505 20:20:40.414" level="INFO">Selecting options from selection list 'id=values_assigned_to_id_1' by value 77.</msg>
<status status="PASS" starttime="20190505 20:20:40.414" endtime="20190505 20:20:40.476"></status>
</kw>
<kw name="Click Link" library="SeleniumLibrary">
<doc>Clicks a link identified by ``locator``.</doc>
<arguments>
<arg>应用</arg>
</arguments>
<msg timestamp="20190505 20:20:40.477" level="INFO">Clicking link '应用'.</msg>
<status status="PASS" starttime="20190505 20:20:40.476" endtime="20190505 20:20:40.766"></status>
</kw>
<kw name="Run Keyword And Return Status" library="BuiltIn">
<doc>Runs the given keyword with given arguments and returns the status as a Boolean value.</doc>
<arguments>
<arg>Get Text</arg>
<arg>jquery=p.query-totals span.total-for-estimated-hours span.value</arg>
</arguments>
<assign>
<var>${state}</var>
</assign>
<kw name="Get Text" library="SeleniumLibrary">
<doc>Returns the text value of element identified by ``locator``.</doc>
<arguments>
<arg>jquery=p.query-totals span.total-for-estimated-hours span.value</arg>
</arguments>
<status status="PASS" starttime="20190505 20:20:40.766" endtime="20190505 20:20:40.788"></status>
</kw>
<msg timestamp="20190505 20:20:40.788" level="INFO">${state} = True</msg>
<status status="PASS" starttime="20190505 20:20:40.766" endtime="20190505 20:20:40.788"></status>
</kw>
<kw name="Run Keyword If" library="BuiltIn">
<doc>Runs the given keyword with the given arguments, if ``condition`` is true.</doc>
<arguments>
<arg>'${state}'=='False'</arg>
<arg>Continue For Loop</arg>
</arguments>
<status status="PASS" starttime="20190505 20:20:40.789" endtime="20190505 20:20:40.789"></status>
</kw>
<kw name="Get Text" library="SeleniumLibrary">
<doc>Returns the text value of element identified by ``locator``.</doc>
<arguments>
<arg>jquery=p.query-totals span.total-for-estimated-hours span.value</arg>
</arguments>
<assign>
<var>${SpanValue}</var>
</assign>
<msg timestamp="20190505 20:20:40.800" level="INFO">${SpanValue} = 8.00</msg>
<status status="PASS" starttime="20190505 20:20:40.789" endtime="20190505 20:20:40.800"></status>
</kw>
<kw name="Get Element" library="XML">
<doc>Returns an element in the ``source`` matching the ``xpath``.</doc>
<arguments>
<arg>${root}</arg>
<arg>employee[${INDEX}]</arg>
</arguments>
<assign>
<var>${name}</var>
</assign>
<msg timestamp="20190505 20:20:40.801" level="INFO">${name} = &lt;Element 'employee' at 0x000002C030EBBA48&gt;</msg>
<status status="PASS" starttime="20190505 20:20:40.800" endtime="20190505 20:20:40.801"></status>
</kw>
<kw name="Set Element Text" library="XML">
<doc>Sets text and/or tail text of the specified element.</doc>
<arguments>
<arg>${name}</arg>
<arg>${SpanValue}</arg>
<arg>None</arg>
<arg>${PonintsString}</arg>
</arguments>
<status status="PASS" starttime="20190505 20:20:40.801" endtime="20190505 20:20:40.802"></status>
</kw>
<status status="PASS" starttime="20190505 20:20:40.413" endtime="20190505 20:20:40.802"></status>
</kw>
<kw name="${INDEX} = 15" type="foritem">
<kw name="Get Element Attribute" library="XML">
<doc>Returns the named attribute of the specified element.</doc>
<arguments>
<arg>${root}</arg>
<arg>value</arg>
<arg>employee[${INDEX}]</arg>
</arguments>
<assign>
<var>${Value}</var>
</assign>
<msg timestamp="20190505 20:20:40.803" level="INFO">${Value} = 71</msg>
<status status="PASS" starttime="20190505 20:20:40.802" endtime="20190505 20:20:40.803"></status>
</kw>
<kw name="Select From List By Value" library="SeleniumLibrary">
<doc>Selects options from selection list ``locator`` by ``values``.</doc>
<arguments>
<arg>id=values_assigned_to_id_1</arg>
<arg>${Value}</arg>
</arguments>
<msg timestamp="20190505 20:20:40.804" level="INFO">Selecting options from selection list 'id=values_assigned_to_id_1' by value 71.</msg>
<status status="PASS" starttime="20190505 20:20:40.803" endtime="20190505 20:20:40.865"></status>
</kw>
<kw name="Click Link" library="SeleniumLibrary">
<doc>Clicks a link identified by ``locator``.</doc>
<arguments>
<arg>应用</arg>
</arguments>
<msg timestamp="20190505 20:20:40.866" level="INFO">Clicking link '应用'.</msg>
<status status="PASS" starttime="20190505 20:20:40.866" endtime="20190505 20:20:41.191"></status>
</kw>
<kw name="Run Keyword And Return Status" library="BuiltIn">
<doc>Runs the given keyword with given arguments and returns the status as a Boolean value.</doc>
<arguments>
<arg>Get Text</arg>
<arg>jquery=p.query-totals span.total-for-estimated-hours span.value</arg>
</arguments>
<assign>
<var>${state}</var>
</assign>
<kw name="Get Text" library="SeleniumLibrary">
<doc>Returns the text value of element identified by ``locator``.</doc>
<arguments>
<arg>jquery=p.query-totals span.total-for-estimated-hours span.value</arg>
</arguments>
<status status="PASS" starttime="20190505 20:20:41.192" endtime="20190505 20:20:41.210"></status>
</kw>
<msg timestamp="20190505 20:20:41.210" level="INFO">${state} = True</msg>
<status status="PASS" starttime="20190505 20:20:41.192" endtime="20190505 20:20:41.211"></status>
</kw>
<kw name="Run Keyword If" library="BuiltIn">
<doc>Runs the given keyword with the given arguments, if ``condition`` is true.</doc>
<arguments>
<arg>'${state}'=='False'</arg>
<arg>Continue For Loop</arg>
</arguments>
<status status="PASS" starttime="20190505 20:20:41.211" endtime="20190505 20:20:41.211"></status>
</kw>
<kw name="Get Text" library="SeleniumLibrary">
<doc>Returns the text value of element identified by ``locator``.</doc>
<arguments>
<arg>jquery=p.query-totals span.total-for-estimated-hours span.value</arg>
</arguments>
<assign>
<var>${SpanValue}</var>
</assign>
<msg timestamp="20190505 20:20:41.222" level="INFO">${SpanValue} = 64.00</msg>
<status status="PASS" starttime="20190505 20:20:41.211" endtime="20190505 20:20:41.222"></status>
</kw>
<kw name="Get Element" library="XML">
<doc>Returns an element in the ``source`` matching the ``xpath``.</doc>
<arguments>
<arg>${root}</arg>
<arg>employee[${INDEX}]</arg>
</arguments>
<assign>
<var>${name}</var>
</assign>
<msg timestamp="20190505 20:20:41.223" level="INFO">${name} = &lt;Element 'employee' at 0x000002C030EBBD18&gt;</msg>
<status status="PASS" starttime="20190505 20:20:41.222" endtime="20190505 20:20:41.223"></status>
</kw>
<kw name="Set Element Text" library="XML">
<doc>Sets text and/or tail text of the specified element.</doc>
<arguments>
<arg>${name}</arg>
<arg>${SpanValue}</arg>
<arg>None</arg>
<arg>${PonintsString}</arg>
</arguments>
<status status="PASS" starttime="20190505 20:20:41.223" endtime="20190505 20:20:41.223"></status>
</kw>
<status status="PASS" starttime="20190505 20:20:40.802" endtime="20190505 20:20:41.223"></status>
</kw>
<kw name="${INDEX} = 16" type="foritem">
<kw name="Get Element Attribute" library="XML">
<doc>Returns the named attribute of the specified element.</doc>
<arguments>
<arg>${root}</arg>
<arg>value</arg>
<arg>employee[${INDEX}]</arg>
</arguments>
<assign>
<var>${Value}</var>
</assign>
<msg timestamp="20190505 20:20:41.224" level="INFO">${Value} = 83</msg>
<status status="PASS" starttime="20190505 20:20:41.224" endtime="20190505 20:20:41.224"></status>
</kw>
<kw name="Select From List By Value" library="SeleniumLibrary">
<doc>Selects options from selection list ``locator`` by ``values``.</doc>
<arguments>
<arg>id=values_assigned_to_id_1</arg>
<arg>${Value}</arg>
</arguments>
<msg timestamp="20190505 20:20:41.225" level="INFO">Selecting options from selection list 'id=values_assigned_to_id_1' by value 83.</msg>
<status status="PASS" starttime="20190505 20:20:41.225" endtime="20190505 20:20:41.283"></status>
</kw>
<kw name="Click Link" library="SeleniumLibrary">
<doc>Clicks a link identified by ``locator``.</doc>
<arguments>
<arg>应用</arg>
</arguments>
<msg timestamp="20190505 20:20:41.284" level="INFO">Clicking link '应用'.</msg>
<status status="PASS" starttime="20190505 20:20:41.283" endtime="20190505 20:20:41.574"></status>
</kw>
<kw name="Run Keyword And Return Status" library="BuiltIn">
<doc>Runs the given keyword with given arguments and returns the status as a Boolean value.</doc>
<arguments>
<arg>Get Text</arg>
<arg>jquery=p.query-totals span.total-for-estimated-hours span.value</arg>
</arguments>
<assign>
<var>${state}</var>
</assign>
<kw name="Get Text" library="SeleniumLibrary">
<doc>Returns the text value of element identified by ``locator``.</doc>
<arguments>
<arg>jquery=p.query-totals span.total-for-estimated-hours span.value</arg>
</arguments>
<status status="PASS" starttime="20190505 20:20:41.574" endtime="20190505 20:20:41.598"></status>
</kw>
<msg timestamp="20190505 20:20:41.598" level="INFO">${state} = True</msg>
<status status="PASS" starttime="20190505 20:20:41.574" endtime="20190505 20:20:41.598"></status>
</kw>
<kw name="Run Keyword If" library="BuiltIn">
<doc>Runs the given keyword with the given arguments, if ``condition`` is true.</doc>
<arguments>
<arg>'${state}'=='False'</arg>
<arg>Continue For Loop</arg>
</arguments>
<status status="PASS" starttime="20190505 20:20:41.598" endtime="20190505 20:20:41.599"></status>
</kw>
<kw name="Get Text" library="SeleniumLibrary">
<doc>Returns the text value of element identified by ``locator``.</doc>
<arguments>
<arg>jquery=p.query-totals span.total-for-estimated-hours span.value</arg>
</arguments>
<assign>
<var>${SpanValue}</var>
</assign>
<msg timestamp="20190505 20:20:41.620" level="INFO">${SpanValue} = 40.00</msg>
<status status="PASS" starttime="20190505 20:20:41.599" endtime="20190505 20:20:41.620"></status>
</kw>
<kw name="Get Element" library="XML">
<doc>Returns an element in the ``source`` matching the ``xpath``.</doc>
<arguments>
<arg>${root}</arg>
<arg>employee[${INDEX}]</arg>
</arguments>
<assign>
<var>${name}</var>
</assign>
<msg timestamp="20190505 20:20:41.621" level="INFO">${name} = &lt;Element 'employee' at 0x000002C030EBF048&gt;</msg>
<status status="PASS" starttime="20190505 20:20:41.620" endtime="20190505 20:20:41.621"></status>
</kw>
<kw name="Set Element Text" library="XML">
<doc>Sets text and/or tail text of the specified element.</doc>
<arguments>
<arg>${name}</arg>
<arg>${SpanValue}</arg>
<arg>None</arg>
<arg>${PonintsString}</arg>
</arguments>
<status status="PASS" starttime="20190505 20:20:41.621" endtime="20190505 20:20:41.622"></status>
</kw>
<status status="PASS" starttime="20190505 20:20:41.224" endtime="20190505 20:20:41.622"></status>
</kw>
<kw name="${INDEX} = 17" type="foritem">
<kw name="Get Element Attribute" library="XML">
<doc>Returns the named attribute of the specified element.</doc>
<arguments>
<arg>${root}</arg>
<arg>value</arg>
<arg>employee[${INDEX}]</arg>
</arguments>
<assign>
<var>${Value}</var>
</assign>
<msg timestamp="20190505 20:20:41.623" level="INFO">${Value} = 82</msg>
<status status="PASS" starttime="20190505 20:20:41.622" endtime="20190505 20:20:41.623"></status>
</kw>
<kw name="Select From List By Value" library="SeleniumLibrary">
<doc>Selects options from selection list ``locator`` by ``values``.</doc>
<arguments>
<arg>id=values_assigned_to_id_1</arg>
<arg>${Value}</arg>
</arguments>
<msg timestamp="20190505 20:20:41.624" level="INFO">Selecting options from selection list 'id=values_assigned_to_id_1' by value 82.</msg>
<status status="PASS" starttime="20190505 20:20:41.623" endtime="20190505 20:20:41.691"></status>
</kw>
<kw name="Click Link" library="SeleniumLibrary">
<doc>Clicks a link identified by ``locator``.</doc>
<arguments>
<arg>应用</arg>
</arguments>
<msg timestamp="20190505 20:20:41.691" level="INFO">Clicking link '应用'.</msg>
<status status="PASS" starttime="20190505 20:20:41.691" endtime="20190505 20:20:42.006"></status>
</kw>
<kw name="Run Keyword And Return Status" library="BuiltIn">
<doc>Runs the given keyword with given arguments and returns the status as a Boolean value.</doc>
<arguments>
<arg>Get Text</arg>
<arg>jquery=p.query-totals span.total-for-estimated-hours span.value</arg>
</arguments>
<assign>
<var>${state}</var>
</assign>
<kw name="Get Text" library="SeleniumLibrary">
<doc>Returns the text value of element identified by ``locator``.</doc>
<arguments>
<arg>jquery=p.query-totals span.total-for-estimated-hours span.value</arg>
</arguments>
<status status="PASS" starttime="20190505 20:20:42.007" endtime="20190505 20:20:42.025"></status>
</kw>
<msg timestamp="20190505 20:20:42.025" level="INFO">${state} = True</msg>
<status status="PASS" starttime="20190505 20:20:42.007" endtime="20190505 20:20:42.025"></status>
</kw>
<kw name="Run Keyword If" library="BuiltIn">
<doc>Runs the given keyword with the given arguments, if ``condition`` is true.</doc>
<arguments>
<arg>'${state}'=='False'</arg>
<arg>Continue For Loop</arg>
</arguments>
<status status="PASS" starttime="20190505 20:20:42.025" endtime="20190505 20:20:42.026"></status>
</kw>
<kw name="Get Text" library="SeleniumLibrary">
<doc>Returns the text value of element identified by ``locator``.</doc>
<arguments>
<arg>jquery=p.query-totals span.total-for-estimated-hours span.value</arg>
</arguments>
<assign>
<var>${SpanValue}</var>
</assign>
<msg timestamp="20190505 20:20:42.037" level="INFO">${SpanValue} = 90.00</msg>
<status status="PASS" starttime="20190505 20:20:42.026" endtime="20190505 20:20:42.037"></status>
</kw>
<kw name="Get Element" library="XML">
<doc>Returns an element in the ``source`` matching the ``xpath``.</doc>
<arguments>
<arg>${root}</arg>
<arg>employee[${INDEX}]</arg>
</arguments>
<assign>
<var>${name}</var>
</assign>
<msg timestamp="20190505 20:20:42.038" level="INFO">${name} = &lt;Element 'employee' at 0x000002C030EBF318&gt;</msg>
<status status="PASS" starttime="20190505 20:20:42.037" endtime="20190505 20:20:42.038"></status>
</kw>
<kw name="Set Element Text" library="XML">
<doc>Sets text and/or tail text of the specified element.</doc>
<arguments>
<arg>${name}</arg>
<arg>${SpanValue}</arg>
<arg>None</arg>
<arg>${PonintsString}</arg>
</arguments>
<status status="PASS" starttime="20190505 20:20:42.038" endtime="20190505 20:20:42.039"></status>
</kw>
<status status="PASS" starttime="20190505 20:20:41.622" endtime="20190505 20:20:42.039"></status>
</kw>
<kw name="${INDEX} = 18" type="foritem">
<kw name="Get Element Attribute" library="XML">
<doc>Returns the named attribute of the specified element.</doc>
<arguments>
<arg>${root}</arg>
<arg>value</arg>
<arg>employee[${INDEX}]</arg>
</arguments>
<assign>
<var>${Value}</var>
</assign>
<msg timestamp="20190505 20:20:42.040" level="INFO">${Value} = 66</msg>
<status status="PASS" starttime="20190505 20:20:42.039" endtime="20190505 20:20:42.040"></status>
</kw>
<kw name="Select From List By Value" library="SeleniumLibrary">
<doc>Selects options from selection list ``locator`` by ``values``.</doc>
<arguments>
<arg>id=values_assigned_to_id_1</arg>
<arg>${Value}</arg>
</arguments>
<msg timestamp="20190505 20:20:42.040" level="INFO">Selecting options from selection list 'id=values_assigned_to_id_1' by value 66.</msg>
<status status="PASS" starttime="20190505 20:20:42.040" endtime="20190505 20:20:42.098"></status>
</kw>
<kw name="Click Link" library="SeleniumLibrary">
<doc>Clicks a link identified by ``locator``.</doc>
<arguments>
<arg>应用</arg>
</arguments>
<msg timestamp="20190505 20:20:42.099" level="INFO">Clicking link '应用'.</msg>
<status status="PASS" starttime="20190505 20:20:42.098" endtime="20190505 20:20:42.396"></status>
</kw>
<kw name="Run Keyword And Return Status" library="BuiltIn">
<doc>Runs the given keyword with given arguments and returns the status as a Boolean value.</doc>
<arguments>
<arg>Get Text</arg>
<arg>jquery=p.query-totals span.total-for-estimated-hours span.value</arg>
</arguments>
<assign>
<var>${state}</var>
</assign>
<kw name="Get Text" library="SeleniumLibrary">
<doc>Returns the text value of element identified by ``locator``.</doc>
<arguments>
<arg>jquery=p.query-totals span.total-for-estimated-hours span.value</arg>
</arguments>
<status status="PASS" starttime="20190505 20:20:42.397" endtime="20190505 20:20:42.419"></status>
</kw>
<msg timestamp="20190505 20:20:42.419" level="INFO">${state} = True</msg>
<status status="PASS" starttime="20190505 20:20:42.396" endtime="20190505 20:20:42.419"></status>
</kw>
<kw name="Run Keyword If" library="BuiltIn">
<doc>Runs the given keyword with the given arguments, if ``condition`` is true.</doc>
<arguments>
<arg>'${state}'=='False'</arg>
<arg>Continue For Loop</arg>
</arguments>
<status status="PASS" starttime="20190505 20:20:42.420" endtime="20190505 20:20:42.420"></status>
</kw>
<kw name="Get Text" library="SeleniumLibrary">
<doc>Returns the text value of element identified by ``locator``.</doc>
<arguments>
<arg>jquery=p.query-totals span.total-for-estimated-hours span.value</arg>
</arguments>
<assign>
<var>${SpanValue}</var>
</assign>
<msg timestamp="20190505 20:20:42.431" level="INFO">${SpanValue} = 36.00</msg>
<status status="PASS" starttime="20190505 20:20:42.420" endtime="20190505 20:20:42.431"></status>
</kw>
<kw name="Get Element" library="XML">
<doc>Returns an element in the ``source`` matching the ``xpath``.</doc>
<arguments>
<arg>${root}</arg>
<arg>employee[${INDEX}]</arg>
</arguments>
<assign>
<var>${name}</var>
</assign>
<msg timestamp="20190505 20:20:42.432" level="INFO">${name} = &lt;Element 'employee' at 0x000002C030EBF5E8&gt;</msg>
<status status="PASS" starttime="20190505 20:20:42.431" endtime="20190505 20:20:42.432"></status>
</kw>
<kw name="Set Element Text" library="XML">
<doc>Sets text and/or tail text of the specified element.</doc>
<arguments>
<arg>${name}</arg>
<arg>${SpanValue}</arg>
<arg>None</arg>
<arg>${PonintsString}</arg>
</arguments>
<status status="PASS" starttime="20190505 20:20:42.432" endtime="20190505 20:20:42.432"></status>
</kw>
<status status="PASS" starttime="20190505 20:20:42.039" endtime="20190505 20:20:42.432"></status>
</kw>
<kw name="${INDEX} = 19" type="foritem">
<kw name="Get Element Attribute" library="XML">
<doc>Returns the named attribute of the specified element.</doc>
<arguments>
<arg>${root}</arg>
<arg>value</arg>
<arg>employee[${INDEX}]</arg>
</arguments>
<assign>
<var>${Value}</var>
</assign>
<msg timestamp="20190505 20:20:42.433" level="INFO">${Value} = 75</msg>
<status status="PASS" starttime="20190505 20:20:42.433" endtime="20190505 20:20:42.434"></status>
</kw>
<kw name="Select From List By Value" library="SeleniumLibrary">
<doc>Selects options from selection list ``locator`` by ``values``.</doc>
<arguments>
<arg>id=values_assigned_to_id_1</arg>
<arg>${Value}</arg>
</arguments>
<msg timestamp="20190505 20:20:42.434" level="INFO">Selecting options from selection list 'id=values_assigned_to_id_1' by value 75.</msg>
<status status="PASS" starttime="20190505 20:20:42.434" endtime="20190505 20:20:42.492"></status>
</kw>
<kw name="Click Link" library="SeleniumLibrary">
<doc>Clicks a link identified by ``locator``.</doc>
<arguments>
<arg>应用</arg>
</arguments>
<msg timestamp="20190505 20:20:42.493" level="INFO">Clicking link '应用'.</msg>
<status status="PASS" starttime="20190505 20:20:42.492" endtime="20190505 20:20:42.782"></status>
</kw>
<kw name="Run Keyword And Return Status" library="BuiltIn">
<doc>Runs the given keyword with given arguments and returns the status as a Boolean value.</doc>
<arguments>
<arg>Get Text</arg>
<arg>jquery=p.query-totals span.total-for-estimated-hours span.value</arg>
</arguments>
<assign>
<var>${state}</var>
</assign>
<kw name="Get Text" library="SeleniumLibrary">
<doc>Returns the text value of element identified by ``locator``.</doc>
<arguments>
<arg>jquery=p.query-totals span.total-for-estimated-hours span.value</arg>
</arguments>
<status status="PASS" starttime="20190505 20:20:42.783" endtime="20190505 20:20:42.801"></status>
</kw>
<msg timestamp="20190505 20:20:42.801" level="INFO">${state} = True</msg>
<status status="PASS" starttime="20190505 20:20:42.782" endtime="20190505 20:20:42.801"></status>
</kw>
<kw name="Run Keyword If" library="BuiltIn">
<doc>Runs the given keyword with the given arguments, if ``condition`` is true.</doc>
<arguments>
<arg>'${state}'=='False'</arg>
<arg>Continue For Loop</arg>
</arguments>
<status status="PASS" starttime="20190505 20:20:42.802" endtime="20190505 20:20:42.802"></status>
</kw>
<kw name="Get Text" library="SeleniumLibrary">
<doc>Returns the text value of element identified by ``locator``.</doc>
<arguments>
<arg>jquery=p.query-totals span.total-for-estimated-hours span.value</arg>
</arguments>
<assign>
<var>${SpanValue}</var>
</assign>
<msg timestamp="20190505 20:20:42.814" level="INFO">${SpanValue} = 84.00</msg>
<status status="PASS" starttime="20190505 20:20:42.803" endtime="20190505 20:20:42.814"></status>
</kw>
<kw name="Get Element" library="XML">
<doc>Returns an element in the ``source`` matching the ``xpath``.</doc>
<arguments>
<arg>${root}</arg>
<arg>employee[${INDEX}]</arg>
</arguments>
<assign>
<var>${name}</var>
</assign>
<msg timestamp="20190505 20:20:42.815" level="INFO">${name} = &lt;Element 'employee' at 0x000002C030EBF8B8&gt;</msg>
<status status="PASS" starttime="20190505 20:20:42.814" endtime="20190505 20:20:42.815"></status>
</kw>
<kw name="Set Element Text" library="XML">
<doc>Sets text and/or tail text of the specified element.</doc>
<arguments>
<arg>${name}</arg>
<arg>${SpanValue}</arg>
<arg>None</arg>
<arg>${PonintsString}</arg>
</arguments>
<status status="PASS" starttime="20190505 20:20:42.815" endtime="20190505 20:20:42.816"></status>
</kw>
<status status="PASS" starttime="20190505 20:20:42.433" endtime="20190505 20:20:42.816"></status>
</kw>
<kw name="${INDEX} = 20" type="foritem">
<kw name="Get Element Attribute" library="XML">
<doc>Returns the named attribute of the specified element.</doc>
<arguments>
<arg>${root}</arg>
<arg>value</arg>
<arg>employee[${INDEX}]</arg>
</arguments>
<assign>
<var>${Value}</var>
</assign>
<msg timestamp="20190505 20:20:42.817" level="INFO">${Value} = 65</msg>
<status status="PASS" starttime="20190505 20:20:42.816" endtime="20190505 20:20:42.817"></status>
</kw>
<kw name="Select From List By Value" library="SeleniumLibrary">
<doc>Selects options from selection list ``locator`` by ``values``.</doc>
<arguments>
<arg>id=values_assigned_to_id_1</arg>
<arg>${Value}</arg>
</arguments>
<msg timestamp="20190505 20:20:42.818" level="INFO">Selecting options from selection list 'id=values_assigned_to_id_1' by value 65.</msg>
<status status="PASS" starttime="20190505 20:20:42.817" endtime="20190505 20:20:42.875"></status>
</kw>
<kw name="Click Link" library="SeleniumLibrary">
<doc>Clicks a link identified by ``locator``.</doc>
<arguments>
<arg>应用</arg>
</arguments>
<msg timestamp="20190505 20:20:42.875" level="INFO">Clicking link '应用'.</msg>
<status status="PASS" starttime="20190505 20:20:42.875" endtime="20190505 20:20:43.180"></status>
</kw>
<kw name="Run Keyword And Return Status" library="BuiltIn">
<doc>Runs the given keyword with given arguments and returns the status as a Boolean value.</doc>
<arguments>
<arg>Get Text</arg>
<arg>jquery=p.query-totals span.total-for-estimated-hours span.value</arg>
</arguments>
<assign>
<var>${state}</var>
</assign>
<kw name="Get Text" library="SeleniumLibrary">
<doc>Returns the text value of element identified by ``locator``.</doc>
<arguments>
<arg>jquery=p.query-totals span.total-for-estimated-hours span.value</arg>
</arguments>
<status status="PASS" starttime="20190505 20:20:43.181" endtime="20190505 20:20:43.211"></status>
</kw>
<msg timestamp="20190505 20:20:43.211" level="INFO">${state} = True</msg>
[...]
<arguments>
<arg>jquery=#content h3</arg>
</arguments>
<assign>
<var>${xx}</var>
</assign>
<msg timestamp="20190505 20:21:45.869" level="INFO">${xx} = 职位系数: 1.3   当月开发积分: 0 当月管理积分: 0 当月增加积分: 0 (其中未审核: 0 )  
基准积分(22天): 228   挑战积分(22天): 296</msg>
<status status="PASS" starttime="20190505 20:21:45.851" endtime="20190505 20:21:45.869"></status>
</kw>
<kw name="Split String" library="String">
<doc>Splits the ``string`` using ``separator`` as a delimiter string.</doc>
<arguments>
<arg>${xx}</arg>
<arg>${SPACE}</arg>
</arguments>
<assign>
<var>@{words}</var>
</assign>
<msg timestamp="20190505 20:21:45.870" level="INFO">@{words} = [ 职位系数: | 1.3 |  |  | 当月开发积分: | 0 | 当月管理积分: | 0 | 当月增加积分: | 0 | (其中未审核: | 0 | ) |  | 
基准积分(22天): | 228 |  |  | 挑战积分(22天): | 296 ]</msg>
<status status="PASS" starttime="20190505 20:21:45.869" endtime="20190505 20:21:45.870"></status>
</kw>
<kw name="Get Element" library="XML">
<doc>Returns an element in the ``source`` matching the ``xpath``.</doc>
<arguments>
<arg>${root}</arg>
<arg>employee[${INDEX}]</arg>
</arguments>
<assign>
<var>${employee}</var>
</assign>
<msg timestamp="20190505 20:21:45.871" level="INFO">${employee} = &lt;Element 'employee' at 0x000002C030EBFB88&gt;</msg>
<status status="PASS" starttime="20190505 20:21:45.870" endtime="20190505 20:21:45.871"></status>
</kw>
<kw name="Set Element Text" library="XML">
<doc>Sets text and/or tail text of the specified element.</doc>
<arguments>
<arg>${employee}</arg>
<arg>@{words}[5]</arg>
<arg>None</arg>
<arg>DevelPoints</arg>
</arguments>
<status status="PASS" starttime="20190505 20:21:45.871" endtime="20190505 20:21:45.871"></status>
</kw>
<kw name="Set Element Text" library="XML">
<doc>Sets text and/or tail text of the specified element.</doc>
<arguments>
<arg>${employee}</arg>
<arg>@{words}[7]</arg>
<arg>None</arg>
<arg>ManagePoints</arg>
</arguments>
<status status="PASS" starttime="20190505 20:21:45.872" endtime="20190505 20:21:45.872"></status>
</kw>
<kw name="Set Element Text" library="XML">
<doc>Sets text and/or tail text of the specified element.</doc>
<arguments>
<arg>${employee}</arg>
<arg>@{words}[15]</arg>
<arg>None</arg>
<arg>BasicPoints</arg>
</arguments>
<status status="PASS" starttime="20190505 20:21:45.872" endtime="20190505 20:21:45.873"></status>
</kw>
<kw name="Set Element Text" library="XML">
<doc>Sets text and/or tail text of the specified element.</doc>
<arguments>
<arg>${employee}</arg>
<arg>@{words}[19]</arg>
<arg>None</arg>
<arg>ChallengePoints</arg>
</arguments>
<status status="PASS" starttime="20190505 20:21:45.873" endtime="20190505 20:21:45.873"></status>
</kw>
<status status="PASS" starttime="20190505 20:21:44.542" endtime="20190505 20:21:45.873"></status>
</kw>
<kw name="${INDEX} = 21" type="foritem">
<kw name="Get Element Attribute" library="XML">
<doc>Returns the named attribute of the specified element.</doc>
<arguments>
<arg>${root}</arg>
<arg>number</arg>
<arg>employee[${INDEX}]</arg>
</arguments>
<assign>
<var>${NUM}</var>
</assign>
<msg timestamp="20190505 20:21:45.874" level="INFO">${NUM} = 27</msg>
<status status="PASS" starttime="20190505 20:21:45.874" endtime="20190505 20:21:45.874"></status>
</kw>
<kw name="Select From List By Index" library="SeleniumLibrary">
<doc>Selects options from selection list ``locator`` by ``indexes``.</doc>
<arguments>
<arg>jquery=div.contextual select:last-child</arg>
<arg>${NUM}</arg>
</arguments>
<msg timestamp="20190505 20:21:45.875" level="INFO">Selecting options from selection list 'jquery=div.contextual select:last-child' by index 27.</msg>
<status status="PASS" starttime="20190505 20:21:45.875" endtime="20190505 20:21:46.610"></status>
</kw>
<kw name="Get Text" library="SeleniumLibrary">
<doc>Returns the text value of element identified by ``locator``.</doc>
<arguments>
<arg>jquery=#content h3</arg>
</arguments>
<assign>
<var>${xx}</var>
</assign>
<msg timestamp="20190505 20:21:46.630" level="INFO">${xx} = 职位系数: 0.8   当月开发积分: 0 当月管理积分: 0 当月增加积分: 13 (其中未审核: 0 )  
基准积分(22天): 140   挑战积分(22天): 182</msg>
<status status="PASS" starttime="20190505 20:21:46.610" endtime="20190505 20:21:46.631"></status>
</kw>
<kw name="Split String" library="String">
<doc>Splits the ``string`` using ``separator`` as a delimiter string.</doc>
<arguments>
<arg>${xx}</arg>
<arg>${SPACE}</arg>
</arguments>
<assign>
<var>@{words}</var>
</assign>
<msg timestamp="20190505 20:21:46.631" level="INFO">@{words} = [ 职位系数: | 0.8 |  |  | 当月开发积分: | 0 | 当月管理积分: | 0 | 当月增加积分: | 13 | (其中未审核: | 0 | ) |  | 
基准积分(22天): | 140 |  |  | 挑战积分(22天): | 182 ]</msg>
<status status="PASS" starttime="20190505 20:21:46.631" endtime="20190505 20:21:46.631"></status>
</kw>
<kw name="Get Element" library="XML">
<doc>Returns an element in the ``source`` matching the ``xpath``.</doc>
<arguments>
<arg>${root}</arg>
<arg>employee[${INDEX}]</arg>
</arguments>
<assign>
<var>${employee}</var>
</assign>
<msg timestamp="20190505 20:21:46.632" level="INFO">${employee} = &lt;Element 'employee' at 0x000002C030EBFE58&gt;</msg>
<status status="PASS" starttime="20190505 20:21:46.632" endtime="20190505 20:21:46.632"></status>
</kw>
<kw name="Set Element Text" library="XML">
<doc>Sets text and/or tail text of the specified element.</doc>
<arguments>
<arg>${employee}</arg>
<arg>@{words}[5]</arg>
<arg>None</arg>
<arg>DevelPoints</arg>
</arguments>
<status status="PASS" starttime="20190505 20:21:46.633" endtime="20190505 20:21:46.633"></status>
</kw>
<kw name="Set Element Text" library="XML">
<doc>Sets text and/or tail text of the specified element.</doc>
<arguments>
<arg>${employee}</arg>
<arg>@{words}[7]</arg>
<arg>None</arg>
<arg>ManagePoints</arg>
</arguments>
<status status="PASS" starttime="20190505 20:21:46.633" endtime="20190505 20:21:46.634"></status>
</kw>
<kw name="Set Element Text" library="XML">
<doc>Sets text and/or tail text of the specified element.</doc>
<arguments>
<arg>${employee}</arg>
<arg>@{words}[15]</arg>
<arg>None</arg>
<arg>BasicPoints</arg>
</arguments>
<status status="PASS" starttime="20190505 20:21:46.634" endtime="20190505 20:21:46.634"></status>
</kw>
<kw name="Set Element Text" library="XML">
<doc>Sets text and/or tail text of the specified element.</doc>
<arguments>
<arg>${employee}</arg>
<arg>@{words}[19]</arg>
<arg>None</arg>
<arg>ChallengePoints</arg>
</arguments>
<status status="PASS" starttime="20190505 20:21:46.634" endtime="20190505 20:21:46.635"></status>
</kw>
<status status="PASS" starttime="20190505 20:21:45.873" endtime="20190505 20:21:46.635"></status>
</kw>
<kw name="${INDEX} = 22" type="foritem">
<kw name="Get Element Attribute" library="XML">
<doc>Returns the named attribute of the specified element.</doc>
<arguments>
<arg>${root}</arg>
<arg>number</arg>
<arg>employee[${INDEX}]</arg>
</arguments>
<assign>
<var>${NUM}</var>
</assign>
<msg timestamp="20190505 20:21:46.636" level="INFO">${NUM} = 15</msg>
<status status="PASS" starttime="20190505 20:21:46.635" endtime="20190505 20:21:46.636"></status>
</kw>
<kw name="Select From List By Index" library="SeleniumLibrary">
<doc>Selects options from selection list ``locator`` by ``indexes``.</doc>
<arguments>
<arg>jquery=div.contextual select:last-child</arg>
<arg>${NUM}</arg>
</arguments>
<msg timestamp="20190505 20:21:46.637" level="INFO">Selecting options from selection list 'jquery=div.contextual select:last-child' by index 15.</msg>
<status status="PASS" starttime="20190505 20:21:46.636" endtime="20190505 20:21:47.579"></status>
</kw>
<kw name="Get Text" library="SeleniumLibrary">
<doc>Returns the text value of element identified by ``locator``.</doc>
<arguments>
<arg>jquery=#content h3</arg>
</arguments>
<assign>
<var>${xx}</var>
</assign>
<msg timestamp="20190505 20:21:47.597" level="INFO">${xx} = 职位系数: 0.8   当月开发积分: 0 当月管理积分: 0 当月增加积分: 0 (其中未审核: 0 )  
基准积分(22天): 140   挑战积分(22天): 182</msg>
<status status="PASS" starttime="20190505 20:21:47.580" endtime="20190505 20:21:47.598"></status>
</kw>
<kw name="Split String" library="String">
<doc>Splits the ``string`` using ``separator`` as a delimiter string.</doc>
<arguments>
<arg>${xx}</arg>
<arg>${SPACE}</arg>
</arguments>
<assign>
<var>@{words}</var>
</assign>
<msg timestamp="20190505 20:21:47.598" level="INFO">@{words} = [ 职位系数: | 0.8 |  |  | 当月开发积分: | 0 | 当月管理积分: | 0 | 当月增加积分: | 0 | (其中未审核: | 0 | ) |  | 
基准积分(22天): | 140 |  |  | 挑战积分(22天): | 182 ]</msg>
<status status="PASS" starttime="20190505 20:21:47.598" endtime="20190505 20:21:47.598"></status>
</kw>
<kw name="Get Element" library="XML">
<doc>Returns an element in the ``source`` matching the ``xpath``.</doc>
<arguments>
<arg>${root}</arg>
<arg>employee[${INDEX}]</arg>
</arguments>
<assign>
<var>${employee}</var>
</assign>
<msg timestamp="20190505 20:21:47.599" level="INFO">${employee} = &lt;Element 'employee' at 0x000002C030EC2188&gt;</msg>
<status status="PASS" starttime="20190505 20:21:47.599" endtime="20190505 20:21:47.599"></status>
</kw>
<kw name="Set Element Text" library="XML">
<doc>Sets text and/or tail text of the specified element.</doc>
<arguments>
<arg>${employee}</arg>
<arg>@{words}[5]</arg>
<arg>None</arg>
<arg>DevelPoints</arg>
</arguments>
<status status="PASS" starttime="20190505 20:21:47.599" endtime="20190505 20:21:47.600"></status>
</kw>
<kw name="Set Element Text" library="XML">
<doc>Sets text and/or tail text of the specified element.</doc>
<arguments>
<arg>${employee}</arg>
<arg>@{words}[7]</arg>
<arg>None</arg>
<arg>ManagePoints</arg>
</arguments>
<status status="PASS" starttime="20190505 20:21:47.600" endtime="20190505 20:21:47.601"></status>
</kw>
<kw name="Set Element Text" library="XML">
<doc>Sets text and/or tail text of the specified element.</doc>
<arguments>
<arg>${employee}</arg>
<arg>@{words}[15]</arg>
<arg>None</arg>
<arg>BasicPoints</arg>
</arguments>
<status status="PASS" starttime="20190505 20:21:47.601" endtime="20190505 20:21:47.601"></status>
</kw>
<kw name="Set Element Text" library="XML">
<doc>Sets text and/or tail text of the specified element.</doc>
<arguments>
<arg>${employee}</arg>
<arg>@{words}[19]</arg>
<arg>None</arg>
<arg>ChallengePoints</arg>
</arguments>
<status status="PASS" starttime="20190505 20:21:47.601" endtime="20190505 20:21:47.602"></status>
</kw>
<status status="PASS" starttime="20190505 20:21:46.635" endtime="20190505 20:21:47.602"></status>
</kw>
<kw name="${INDEX} = 23" type="foritem">
<kw name="Get Element Attribute" library="XML">
<doc>Returns the named attribute of the specified element.</doc>
<arguments>
<arg>${root}</arg>
<arg>number</arg>
<arg>employee[${INDEX}]</arg>
</arguments>
<assign>
<var>${NUM}</var>
</assign>
<msg timestamp="20190505 20:21:47.603" level="INFO">${NUM} = 9</msg>
<status status="PASS" starttime="20190505 20:21:47.602" endtime="20190505 20:21:47.603"></status>
</kw>
<kw name="Select From List By Index" library="SeleniumLibrary">
<doc>Selects options from selection list ``locator`` by ``indexes``.</doc>
<arguments>
<arg>jquery=div.contextual select:last-child</arg>
<arg>${NUM}</arg>
</arguments>
<msg timestamp="20190505 20:21:47.603" level="INFO">Selecting options from selection list 'jquery=div.contextual select:last-child' by index 9.</msg>
<status status="PASS" starttime="20190505 20:21:47.603" endtime="20190505 20:21:48.654"></status>
</kw>
<kw name="Get Text" library="SeleniumLibrary">
<doc>Returns the text value of element identified by ``locator``.</doc>
<arguments>
<arg>jquery=#content h3</arg>
</arguments>
<assign>
<var>${xx}</var>
</assign>
<msg timestamp="20190505 20:21:48.671" level="INFO">${xx} = 职位系数: 1.1   当月开发积分: 0 当月管理积分: 0 当月增加积分: 0 (其中未审核: 0 )  
基准积分(22天): 193   挑战积分(22天): 250</msg>
<status status="PASS" starttime="20190505 20:21:48.655" endtime="20190505 20:21:48.671"></status>
</kw>
<kw name="Split String" library="String">
<doc>Splits the ``string`` using ``separator`` as a delimiter string.</doc>
<arguments>
<arg>${xx}</arg>
<arg>${SPACE}</arg>
</arguments>
<assign>
<var>@{words}</var>
</assign>
<msg timestamp="20190505 20:21:48.672" level="INFO">@{words} = [ 职位系数: | 1.1 |  |  | 当月开发积分: | 0 | 当月管理积分: | 0 | 当月增加积分: | 0 | (其中未审核: | 0 | ) |  | 
基准积分(22天): | 193 |  |  | 挑战积分(22天): | 250 ]</msg>
<status status="PASS" starttime="20190505 20:21:48.672" endtime="20190505 20:21:48.672"></status>
</kw>
<kw name="Get Element" library="XML">
<doc>Returns an element in the ``source`` matching the ``xpath``.</doc>
<arguments>
<arg>${root}</arg>
<arg>employee[${INDEX}]</arg>
</arguments>
<assign>
<var>${employee}</var>
</assign>
<msg timestamp="20190505 20:21:48.673" level="INFO">${employee} = &lt;Element 'employee' at 0x000002C030EC2458&gt;</msg>
<status status="PASS" starttime="20190505 20:21:48.672" endtime="20190505 20:21:48.673"></status>
</kw>
<kw name="Set Element Text" library="XML">
<doc>Sets text and/or tail text of the specified element.</doc>
<arguments>
<arg>${employee}</arg>
<arg>@{words}[5]</arg>
<arg>None</arg>
<arg>DevelPoints</arg>
</arguments>
<status status="PASS" starttime="20190505 20:21:48.673" endtime="20190505 20:21:48.674"></status>
</kw>
<kw name="Set Element Text" library="XML">
<doc>Sets text and/or tail text of the specified element.</doc>
<arguments>
<arg>${employee}</arg>
<arg>@{words}[7]</arg>
<arg>None</arg>
<arg>ManagePoints</arg>
</arguments>
<status status="PASS" starttime="20190505 20:21:48.674" endtime="20190505 20:21:48.674"></status>
</kw>
<kw name="Set Element Text" library="XML">
<doc>Sets text and/or tail text of the specified element.</doc>
<arguments>
<arg>${employee}</arg>
<arg>@{words}[15]</arg>
<arg>None</arg>
<arg>BasicPoints</arg>
</arguments>
<status status="PASS" starttime="20190505 20:21:48.674" endtime="20190505 20:21:48.675"></status>
</kw>
<kw name="Set Element Text" library="XML">
<doc>Sets text and/or tail text of the specified element.</doc>
<arguments>
<arg>${employee}</arg>
<arg>@{words}[19]</arg>
<arg>None</arg>
<arg>ChallengePoints</arg>
</arguments>
<status status="PASS" starttime="20190505 20:21:48.675" endtime="20190505 20:21:48.675"></status>
</kw>
<status status="PASS" starttime="20190505 20:21:47.602" endtime="20190505 20:21:48.675"></status>
</kw>
<kw name="${INDEX} = 24" type="foritem">
<kw name="Get Element Attribute" library="XML">
<doc>Returns the named attribute of the specified element.</doc>
<arguments>
<arg>${root}</arg>
<arg>number</arg>
<arg>employee[${INDEX}]</arg>
</arguments>
<assign>
<var>${NUM}</var>
</assign>
<msg timestamp="20190505 20:21:48.676" level="INFO">${NUM} = 23</msg>
<status status="PASS" starttime="20190505 20:21:48.676" endtime="20190505 20:21:48.676"></status>
</kw>
<kw name="Select From List By Index" library="SeleniumLibrary">
<doc>Selects options from selection list ``locator`` by ``indexes``.</doc>
<arguments>
<arg>jquery=div.contextual select:last-child</arg>
<arg>${NUM}</arg>
</arguments>
<msg timestamp="20190505 20:21:48.677" level="INFO">Selecting options from selection list 'jquery=div.contextual select:last-child' by index 23.</msg>
<status status="PASS" starttime="20190505 20:21:48.676" endtime="20190505 20:21:49.374"></status>
</kw>
<kw name="Get Text" library="SeleniumLibrary">
<doc>Returns the text value of element identified by ``locator``.</doc>
<arguments>
<arg>jquery=#content h3</arg>
</arguments>
<assign>
<var>${xx}</var>
</assign>
<msg timestamp="20190505 20:21:49.391" level="INFO">${xx} = 职位系数: 0.7   当月开发积分: 0 当月管理积分: 0 当月增加积分: 0 (其中未审核: 0 )  
基准积分(22天): 123   挑战积分(22天): 159</msg>
<status status="PASS" starttime="20190505 20:21:49.375" endtime="20190505 20:21:49.391"></status>
</kw>
<kw name="Split String" library="String">
<doc>Splits the ``string`` using ``separator`` as a delimiter string.</doc>
<arguments>
<arg>${xx}</arg>
<arg>${SPACE}</arg>
</arguments>
<assign>
<var>@{words}</var>
</assign>
<msg timestamp="20190505 20:21:49.392" level="INFO">@{words} = [ 职位系数: | 0.7 |  |  | 当月开发积分: | 0 | 当月管理积分: | 0 | 当月增加积分: | 0 | (其中未审核: | 0 | ) |  | 
基准积分(22天): | 123 |  |  | 挑战积分(22天): | 159 ]</msg>
<status status="PASS" starttime="20190505 20:21:49.392" endtime="20190505 20:21:49.392"></status>
</kw>
<kw name="Get Element" library="XML">
<doc>Returns an element in the ``source`` matching the ``xpath``.</doc>
<arguments>
<arg>${root}</arg>
<arg>employee[${INDEX}]</arg>
</arguments>
<assign>
<var>${employee}</var>
</assign>
<msg timestamp="20190505 20:21:49.393" level="INFO">${employee} = &lt;Element 'employee' at 0x000002C030EC2728&gt;</msg>
<status status="PASS" starttime="20190505 20:21:49.392" endtime="20190505 20:21:49.393"></status>
</kw>
<kw name="Set Element Text" library="XML">
<doc>Sets text and/or tail text of the specified element.</doc>
<arguments>
<arg>${employee}</arg>
<arg>@{words}[5]</arg>
<arg>None</arg>
<arg>DevelPoints</arg>
</arguments>
<status status="PASS" starttime="20190505 20:21:49.393" endtime="20190505 20:21:49.393"></status>
</kw>
<kw name="Set Element Text" library="XML">
<doc>Sets text and/or tail text of the specified element.</doc>
<arguments>
<arg>${employee}</arg>
<arg>@{words}[7]</arg>
<arg>None</arg>
<arg>ManagePoints</arg>
</arguments>
<status status="PASS" starttime="20190505 20:21:49.394" endtime="20190505 20:21:49.394"></status>
</kw>
<kw name="Set Element Text" library="XML">
<doc>Sets text and/or tail text of the specified element.</doc>
<arguments>
<arg>${employee}</arg>
<arg>@{words}[15]</arg>
<arg>None</arg>
<arg>BasicPoints</arg>
</arguments>
<status status="PASS" starttime="20190505 20:21:49.394" endtime="20190505 20:21:49.395"></status>
</kw>
<kw name="Set Element Text" library="XML">
<doc>Sets text and/or tail text of the specified element.</doc>
<arguments>
<arg>${employee}</arg>
<arg>@{words}[19]</arg>
<arg>None</arg>
<arg>ChallengePoints</arg>
</arguments>
<status status="PASS" starttime="20190505 20:21:49.395" endtime="20190505 20:21:49.395"></status>
</kw>
<status status="PASS" starttime="20190505 20:21:48.676" endtime="20190505 20:21:49.395"></status>
</kw>
<status status="PASS" starttime="20190505 20:21:26.343" endtime="20190505 20:21:49.395"></status>
</kw>
<kw name="Save Xml" library="XML">
<doc>Saves the given element to the specified file.</doc>
<arguments>
<arg>${root}</arg>
<arg>H:/SomethingToLearn/2.xml</arg>
</arguments>
<msg timestamp="20190505 20:21:49.397" level="INFO" html="yes">XML saved to &lt;a href="file://H:\SomethingToLearn\2.xml"&gt;H:\SomethingToLearn\2.xml&lt;/a&gt;.</msg>
<status status="PASS" starttime="20190505 20:21:49.396" endtime="20190505 20:21:49.398"></status>
</kw>
<kw name="Close Browser" library="SeleniumLibrary">
<doc>Closes the current browser.</doc>
<status status="PASS" starttime="20190505 20:21:49.398" endtime="20190505 20:21:51.959"></status>
</kw>
<status status="PASS" starttime="20190505 20:20:29.175" endtime="20190505 20:21:51.959" critical="yes"></status>
</test>
<status status="PASS" starttime="20190505 20:20:29.051" endtime="20190505 20:21:51.960"></status>
</suite>
<status status="PASS" starttime="20190505 20:20:29.051" endtime="20190505 20:21:51.961"></status>
</suite>
<status status="PASS" starttime="20190505 20:20:29.036" endtime="20190505 20:21:51.961"></status>
</suite>
<statistics>
<total>
<stat pass="1" fail="0">Critical Tests</stat>
<stat pass="1" fail="0">All Tests</stat>
</total>
<tag>
</tag>
<suite>
<stat pass="1" fail="0" id="s1" name="Hello World">Hello World</stat>
<stat pass="1" fail="0" id="s1-s1" name="Test">Hello World.Test</stat>
<stat pass="1" fail="0" id="s1-s1-s1" name="Main">Hello World.Test.Main</stat>
</suite>
</statistics>
<errors>
</errors>
</robot>
